../../bin/aeros dsvm40_sparse_displacy.inp

 --------- R U N  PARAMETERS ----------
 ... Linear Static Analysis         ... 
 ... Sparse Solver is Selected      ... 
 ... Building the Force (Case  1)   ...
 ... Postprocessing                 ...
 --------------------------------------
 ... Building the Force (Case  2)   ...
 ... Postprocessing                 ...
 --------------------------------------

 ---------- PROBLEM PARAMETERS --------
 ... # Nodes              =       4 ...
 ... # Elements           =       3 ...
 ... # Unconstrained dofs =      16 ...
 ... # Constrained dofs   =       8 ...
 ... Total # dofs         =      24 ...
 ... # Loaded dofs        =       4 ...
 ... # Output Files       =       1 ...
 --------------------------------------
 --------------------------------------
 ... Total Time           = 1.64e-01 s
 ... Total Memory Used    = 9.18e-02 Mb
 --------------------------------------
../../bin/aeros dsvm40_mumps_displacy.inp

 --------- R U N  PARAMETERS ----------
 ... Linear Static Analysis         ... 
 ... Mumps Solver is Selected       ... 
 ... Building the Force (Case  1)   ...
 ... Postprocessing                 ...
 --------------------------------------
 ... Building the Force (Case  2)   ...
 ... Postprocessing                 ...
 --------------------------------------

 ---------- PROBLEM PARAMETERS --------
 ... # Nodes              =       4 ...
 ... # Elements           =       3 ...
 ... # Unconstrained dofs =      16 ...
 ... # Constrained dofs   =       8 ...
 ... Total # dofs         =      24 ...
 ... # Loaded dofs        =       4 ...
 ... # Output Files       =       1 ...
 --------------------------------------
 --------------------------------------
 ... Total Time           = 6.26e-02 s
 ... Total Memory Used    = 1.09e+00 Mb
 --------------------------------------
../../bin/aeros dsvm40_skyline_displacy.inp

 --------- R U N  PARAMETERS ----------
 ... Linear Static Analysis         ... 
 ... Skyline Solver is Selected     ... 
 ... Building the Force (Case  1)   ...
 ... Postprocessing                 ...
 --------------------------------------
 ... Building the Force (Case  2)   ...
 ... Postprocessing                 ...
 --------------------------------------

 ---------- PROBLEM PARAMETERS --------
 ... # Nodes              =       4 ...
 ... # Elements           =       3 ...
 ... # Unconstrained dofs =      16 ...
 ... # Constrained dofs   =       8 ...
 ... Total # dofs         =      24 ...
 ... # Loaded dofs        =       4 ...
 ... # Output Files       =       1 ...
 --------------------------------------
 --------------------------------------
 ... Total Time           = 6.13e-02 s
 ... Total Memory Used    = 8.98e-02 Mb
 --------------------------------------
../../bin/aeros dsvm40_gmres_displacy.inp

 --------- R U N  PARAMETERS ----------
 ... Linear Static Analysis         ... 
 ... Dof Based Sparse Matrix        ...
 ... GMRES Solver is Selected       ...
 ... Building the Force (Case  1)   ...
 ... Postprocessing                 ...
 --------------------------------------
 ... Building the Force (Case  2)   ...
 ... Postprocessing                 ...
 --------------------------------------

 ---------- PROBLEM PARAMETERS --------
 ... # Nodes              =       4 ...
 ... # Elements           =       3 ...
 ... # Unconstrained dofs =      16 ...
 ... # Constrained dofs   =       8 ...
 ... Total # dofs         =      24 ...
 ... # Loaded dofs        =       4 ...
 ... # Output Files       =       1 ...
 --------------------------------------
 --------------------------------------
 ... Total Time           = 9.89e-02 s
 ... Total Memory Used    = 7.88e+00 Mb
 --------------------------------------
../../bin/aeros dsvm40_mumps_pivot_displacy.inp

 --------- R U N  PARAMETERS ----------
 ... Linear Static Analysis         ... 
 ... Mumps Solver is Selected       ... 
 ... Building the Force (Case  1)   ...
 ... Postprocessing                 ...
 --------------------------------------
 ... Building the Force (Case  2)   ...
 ... Postprocessing                 ...
 --------------------------------------

 ---------- PROBLEM PARAMETERS --------
 ... # Nodes              =       4 ...
 ... # Elements           =       3 ...
 ... # Unconstrained dofs =      16 ...
 ... # Constrained dofs   =       8 ...
 ... Total # dofs         =      24 ...
 ... # Loaded dofs        =       4 ...
 ... # Output Files       =       1 ...
 --------------------------------------
 --------------------------------------
 ... Total Time           = 6.37e-02 s
 ... Total Memory Used    = 1.09e+00 Mb
 --------------------------------------
../../bin/aeros dsvm40_pcg_displacy.inp

 --------- R U N  PARAMETERS ----------
 ... Linear Static Analysis         ... 
 ... Dof Based Sparse Matrix        ...
 ... CG Solver is Selected          ...
 ... Building the Force (Case  1)   ...
in BasePCG::doSolve, maxitr = 1000, tolpcg = 1e-08, proj = 0
 ... Iteration #  1	 Two norm = 8000	 Rel. residual = 5.65685
 ... Iteration #  2	 Two norm = 8000	 Rel. residual = 5.65685
 ... Iteration #  3	 Two norm = 9.23596e-13	 Rel. residual = 6.53081e-16
 ... Total # Iterations =             3        0.00025 s
 ...     Final Two norm = 9.23596e-13
 ...     Final residual = 8.5303e-25
 ... Postprocessing                 ...
 --------------------------------------
 ... Building the Force (Case  2)   ...
in BasePCG::doSolve, maxitr = 1000, tolpcg = 1e-08, proj = 0
 ... Iteration #  1	 Two norm = 2666.67	 Rel. residual = 1.88562
 ... Iteration #  2	 Two norm = 2666.67	 Rel. residual = 1.88562
 ... Iteration #  3	 Two norm = 3.68541e-13	 Rel. residual = 2.60598e-16
 ... Total # Iterations =             3        0.00022 s
 ...     Final Two norm = 3.68541e-13
 ...     Final residual = 1.35823e-25
 ... Postprocessing                 ...
 --------------------------------------

 ---------- PROBLEM PARAMETERS --------
 ... # Nodes              =       4 ...
 ... # Elements           =       3 ...
 ... # Unconstrained dofs =      16 ...
 ... # Constrained dofs   =       8 ...
 ... Total # dofs         =      24 ...
 ... # Loaded dofs        =       4 ...
 ... # Output Files       =       1 ...
 --------------------------------------
 --------------------------------------
 ... Total Time           = 6.25e-02 s
 ... Total Memory Used    = 8.98e-02 Mb
 --------------------------------------
../../bin/aeros dsvm40_bcg_displacy.inp

 --------- R U N  PARAMETERS ----------
 ... Linear Static Analysis         ... 
 ... Dof Based Sparse Matrix        ...
 ... Bi-CG Solver is Selected       ...
Selected Solver does not implement factor() .
 ... Building the Force (Case  1)   ...
 ... Iteration #1	Two norm = 2.0000000e+06	Relative residual = 1.0000000e+00
 ... Iteration #2	Two norm = 6.4000000e+07	Relative residual = 5.6568542e+00
 ... Iteration #3	Two norm = 6.4000000e+07	Relative residual = 5.6568542e+00
 ... Postprocessing                 ...
 --------------------------------------
 ... Building the Force (Case  2)   ...
 ... Iteration #1	Two norm = 2.0000000e+06	Relative residual = 1.0000000e+00
 ... Iteration #2	Two norm = 7.1111111e+06	Relative residual = 1.8856181e+00
 ... Iteration #3	Two norm = 7.1111111e+06	Relative residual = 1.8856181e+00
 ... Postprocessing                 ...
 --------------------------------------

 ---------- PROBLEM PARAMETERS --------
 ... # Nodes              =       4 ...
 ... # Elements           =       3 ...
 ... # Unconstrained dofs =      16 ...
 ... # Constrained dofs   =       8 ...
 ... Total # dofs         =      24 ...
 ... # Loaded dofs        =       4 ...
 ... # Output Files       =       1 ...
 --------------------------------------
 --------------------------------------
 ... Total Time           = 6.08e-02 s
 ... Total Memory Used    = 8.89e-02 Mb
 --------------------------------------
../../bin/aeros dsvm40_cr_displacy.inp

 --------- R U N  PARAMETERS ----------
 ... Linear Static Analysis         ... 
 ... Dof Based Sparse Matrix        ...
 ... CR Solver is Selected          ...
Selected Solver does not implement factor() .
 ... Building the Force (Case  1)   ...
 ... Iteration #1	Two norm = 1.9393939e+06	  Rel. residual  9.8473193e-01 
 ... Iteration #2	Two norm = 1.8823529e+06	  Rel. residual  9.7014250e-01 
 ... Iteration #3	Two norm = 6.9065709e-23	  Rel. residual  5.8764662e-15 

 ... Total # Iterations = 3
 ...     Final Two norm = 6.9065709e-23
 ... Postprocessing                 ...
 --------------------------------------
 ... Building the Force (Case  2)   ...
 ... Iteration #1	Two norm = 1.5609756e+06	  Rel. residual  8.8345221e-01 
 ... Iteration #2	Two norm = 1.2800000e+06	  Rel. residual  8.0000000e-01 
 ... Iteration #3	Two norm = 5.8161137e-26	  Rel. residual  1.7053026e-16 

 ... Total # Iterations = 3
 ...     Final Two norm = 5.8161137e-26
 ... Postprocessing                 ...
 --------------------------------------

 ---------- PROBLEM PARAMETERS --------
 ... # Nodes              =       4 ...
 ... # Elements           =       3 ...
 ... # Unconstrained dofs =      16 ...
 ... # Constrained dofs   =       8 ...
 ... Total # dofs         =      24 ...
 ... # Loaded dofs        =       4 ...
 ... # Output Files       =       1 ...
 --------------------------------------
 --------------------------------------
 ... Total Time           = 6.03e-02 s
 ... Total Memory Used    = 8.89e-02 Mb
 --------------------------------------
../../bin/aeros -n 2 --dec --nsub 4 dsvm40_FETI_DP_displacy.inp

 --------- R U N  PARAMETERS ----------
 ... Linear Static Analysis         ... 
 ... Parallel processing: Forking 2 Threads ...
 ... FETI-DP Solver is Selected     ...
 ... Building the Force (Case  1)   ...
 ... Postprocessing                 ...
 --------------------------------------
 ... Building the Force (Case  2)   ...
 ... Postprocessing                 ...
 ... Print Timers                   ... 
 --------------------------------------

 ---------- PROBLEM PARAMETERS --------
 ... # Nodes              =       4 ...
 ... # Elements           =       3 ...
 ... # Unconstrained dofs =       0 ...
 ... # Constrained dofs   =       8 ...
 ... Total # dofs         =      -1 ...
 ... # Loaded dofs        =       4 ...
 ... # Output Files       =       1 ...
 --------------------------------------
 --------------------------------------
 ... Total Time           = 6.69e-02 s
 ... Total Memory Used    = 1.69e-01 Mb
 --------------------------------------
