../../bin/aeros dsvm27a_sparse_gtempera.inp

 --------- R U N  PARAMETERS ----------
 ... Linear Static Analysis         ... 
 ... Sparse Solver is Selected      ... 
 ... Building the Force             ...
 ... Postprocessing                 ...
 --------------------------------------

 ---------- PROBLEM PARAMETERS --------
 ... # Nodes              =      27 ...
 ... # Elements           =      16 ...
 ... # Unconstrained dofs =      24 ...
 ... # Constrained dofs   =       3 ...
 ... Total # dofs         =      27 ...
 ... # Loaded dofs        =       3 ...
 ... # Output Files       =       3 ...
 --------------------------------------
 --------------------------------------
 ... Total Time           = 1.65e-01 s
 ... Total Memory Used    = 7.03e-02 Mb
 --------------------------------------
../../bin/aeros dsvm27a_spooles_pivot_gtempera.inp

 --------- R U N  PARAMETERS ----------
 ... Linear Static Analysis         ... 
 ... Spooles Solver is Selected     ... 
 ... Building the Force             ...
 ... Postprocessing                 ...
 --------------------------------------

 ---------- PROBLEM PARAMETERS --------
 ... # Nodes              =      27 ...
 ... # Elements           =      16 ...
 ... # Unconstrained dofs =      24 ...
 ... # Constrained dofs   =       3 ...
 ... Total # dofs         =      27 ...
 ... # Loaded dofs        =       3 ...
 ... # Output Files       =       3 ...
 --------------------------------------
 --------------------------------------
 ... Total Time           = 7.52e-02 s
 ... Total Memory Used    = 7.03e-02 Mb
 --------------------------------------
../../bin/aeros dsvm27a_skyline_gtempera.inp

 --------- R U N  PARAMETERS ----------
 ... Linear Static Analysis         ... 
 ... Skyline Solver is Selected     ... 
 ... Building the Force             ...
 ... Postprocessing                 ...
 --------------------------------------

 ---------- PROBLEM PARAMETERS --------
 ... # Nodes              =      27 ...
 ... # Elements           =      16 ...
 ... # Unconstrained dofs =      24 ...
 ... # Constrained dofs   =       3 ...
 ... Total # dofs         =      27 ...
 ... # Loaded dofs        =       3 ...
 ... # Output Files       =       3 ...
 --------------------------------------
 --------------------------------------
 ... Total Time           = 6.57e-02 s
 ... Total Memory Used    = 7.13e-02 Mb
 --------------------------------------
../../bin/aeros dsvm27a_spooles_gtempera.inp

 --------- R U N  PARAMETERS ----------
 ... Linear Static Analysis         ... 
 ... Spooles Solver is Selected     ... 
 ... Building the Force             ...
 ... Postprocessing                 ...
 --------------------------------------

 ---------- PROBLEM PARAMETERS --------
 ... # Nodes              =      27 ...
 ... # Elements           =      16 ...
 ... # Unconstrained dofs =      24 ...
 ... # Constrained dofs   =       3 ...
 ... Total # dofs         =      27 ...
 ... # Loaded dofs        =       3 ...
 ... # Output Files       =       3 ...
 --------------------------------------
 --------------------------------------
 ... Total Time           = 6.43e-02 s
 ... Total Memory Used    = 7.13e-02 Mb
 --------------------------------------
../../bin/aeros dsvm27a_pcg_gtempera.inp

 --------- R U N  PARAMETERS ----------
 ... Linear Static Analysis         ... 
 ... Dof Based Sparse Matrix        ...
 ... CG Solver is Selected          ...
 ... Building the Force             ...
in BasePCG::doSolve, maxitr = 1000, tolpcg = 1e-08, proj = 0
 ... Iteration #  1	 Two norm = 5.2752	 Rel. residual = 0.657969
 ... Iteration #  2	 Two norm = 3.46836	 Rel. residual = 0.432604
 ... Iteration #  3	 Two norm = 3.68016	 Rel. residual = 0.459022
 ... Iteration #  4	 Two norm = 3.93413	 Rel. residual = 0.490699
 ... Iteration #  5	 Two norm = 6.63331	 Rel. residual = 0.827365
 ... Iteration #  6	 Two norm = 6.65663	 Rel. residual = 0.830273
 ... Iteration #  7	 Two norm = 3.1305	 Rel. residual = 0.390463
 ... Iteration #  8	 Two norm = 1.47374	 Rel. residual = 0.183818
 ... Iteration #  9	 Two norm = 1.29829	 Rel. residual = 0.161934
 ... Iteration #  10	 Two norm = 0.970936	 Rel. residual = 0.121104
 ... Iteration #  11	 Two norm = 0.322117	 Rel. residual = 0.0401772
 ... Iteration #  12	 Two norm = 0.138674	 Rel. residual = 0.0172966
 ... Iteration #  13	 Two norm = 0.0029917	 Rel. residual = 0.00037315
 ... Iteration #  14	 Two norm = 0.000908839	 Rel. residual = 0.000113358
 ... Iteration #  15	 Two norm = 1.44743e-05	 Rel. residual = 1.80536e-06
 ... Iteration #  16	 Two norm = 1.35139e-10	 Rel. residual = 1.68557e-11
 ... Total # Iterations =            16        0.00119 s
 ...     Final Two norm = 1.35139e-10
 ...     Final residual = 1.82625e-20
 ... Postprocessing                 ...
 --------------------------------------

 ---------- PROBLEM PARAMETERS --------
 ... # Nodes              =      27 ...
 ... # Elements           =      16 ...
 ... # Unconstrained dofs =      24 ...
 ... # Constrained dofs   =       3 ...
 ... Total # dofs         =      27 ...
 ... # Loaded dofs        =       3 ...
 ... # Output Files       =       3 ...
 --------------------------------------
 --------------------------------------
 ... Total Time           = 6.53e-02 s
 ... Total Memory Used    = 7.03e-02 Mb
 --------------------------------------
../../bin/aeros dsvm27a_bcg_gtempera.inp

 --------- R U N  PARAMETERS ----------
 ... Linear Static Analysis         ... 
 ... Dof Based Sparse Matrix        ...
 ... Bi-CG Solver is Selected       ...
Selected Solver does not implement factor() .
 ... Building the Force             ...
 ... Iteration #1	Two norm = 6.4278725e+01	Relative residual = 1.0000000e+00
 ... Iteration #2	Two norm = 2.7827785e+01	Relative residual = 6.5796939e-01
 ... Iteration #3	Two norm = 1.2029499e+01	Relative residual = 4.3260361e-01
 ... Iteration #4	Two norm = 1.3543602e+01	Relative residual = 4.5902196e-01
 ... Iteration #5	Two norm = 1.5477358e+01	Relative residual = 4.9069856e-01
 ... Iteration #6	Two norm = 4.4000849e+01	Relative residual = 8.2736454e-01
 ... Iteration #7	Two norm = 4.4310767e+01	Relative residual = 8.3027317e-01
 ... Iteration #8	Two norm = 9.8000403e+00	Relative residual = 3.9046337e-01
 ... Iteration #9	Two norm = 2.1719066e+00	Relative residual = 1.8381754e-01
 ... Iteration #10	Two norm = 1.6855560e+00	Relative residual = 1.6193397e-01
 ... Iteration #11	Two norm = 9.4271659e-01	Relative residual = 1.2110357e-01
 ... Iteration #12	Two norm = 1.0375937e-01	Relative residual = 4.0177235e-02
 ... Iteration #13	Two norm = 1.9230518e-02	Relative residual = 1.7296645e-02
 ... Iteration #14	Two norm = 8.9502467e-06	Relative residual = 3.7315037e-04
 ... Iteration #15	Two norm = 8.2598907e-07	Relative residual = 1.1335835e-04
 ... Iteration #16	Two norm = 2.0950469e-10	Relative residual = 1.8053576e-06
 ... Postprocessing                 ...
 --------------------------------------

 ---------- PROBLEM PARAMETERS --------
 ... # Nodes              =      27 ...
 ... # Elements           =      16 ...
 ... # Unconstrained dofs =      24 ...
 ... # Constrained dofs   =       3 ...
 ... Total # dofs         =      27 ...
 ... # Loaded dofs        =       3 ...
 ... # Output Files       =       3 ...
 --------------------------------------
 --------------------------------------
 ... Total Time           = 6.44e-02 s
 ... Total Memory Used    = 6.93e-02 Mb
 --------------------------------------
../../bin/aeros dsvm27a_cr_gtempera.inp

 --------- R U N  PARAMETERS ----------
 ... Linear Static Analysis         ... 
 ... Dof Based Sparse Matrix        ...
 ... CR Solver is Selected          ...
Selected Solver does not implement factor() .
 ... Building the Force             ...
 ... Iteration #1	Two norm = 1.9420283e+01	  Rel. residual  5.4966003e-01 
 ... Iteration #2	Two norm = 7.4282320e+00	  Rel. residual  3.3994535e-01 
 ... Iteration #3	Two norm = 4.7971492e+00	  Rel. residual  2.7318572e-01 
 ... Iteration #4	Two norm = 3.6620962e+00	  Rel. residual  2.3868836e-01 
 ... Iteration #5	Two norm = 3.3807257e+00	  Rel. residual  2.2933553e-01 
 ... Iteration #6	Two norm = 3.1410748e+00	  Rel. residual  2.2105763e-01 
 ... Iteration #7	Two norm = 2.3786714e+00	  Rel. residual  1.9236834e-01 
 ... Iteration #8	Two norm = 1.1352958e+00	  Rel. residual  1.3289875e-01 
 ... Iteration #9	Two norm = 6.7837830e-01	  Rel. residual  1.0273120e-01 
 ... Iteration #10	Two norm = 3.9449787e-01	  Rel. residual  7.8340926e-02 
 ... Iteration #11	Two norm = 8.2152046e-02	  Rel. residual  3.5749960e-02 
 ... Iteration #12	Two norm = 1.5582821e-02	  Rel. residual  1.5570029e-02 
 ... Iteration #13	Two norm = 8.9451090e-06	  Rel. residual  3.7304325e-04 
 ... Iteration #14	Two norm = 7.5616499e-07	  Rel. residual  1.0846126e-04 
 ... Iteration #15	Two norm = 2.0944666e-10	  Rel. residual  1.8051076e-06 
 ... Iteration #16	Two norm = 1.8262516e-20	  Rel. residual  1.6855695e-11 

 ... Total # Iterations = 16
 ...     Final Two norm = 1.8262516e-20
 ... Postprocessing                 ...
 --------------------------------------

 ---------- PROBLEM PARAMETERS --------
 ... # Nodes              =      27 ...
 ... # Elements           =      16 ...
 ... # Unconstrained dofs =      24 ...
 ... # Constrained dofs   =       3 ...
 ... Total # dofs         =      27 ...
 ... # Loaded dofs        =       3 ...
 ... # Output Files       =       3 ...
 --------------------------------------
 --------------------------------------
 ... Total Time           = 7.13e-02 s
 ... Total Memory Used    = 6.93e-02 Mb
 --------------------------------------
