../../bin/aeros impe_spooles_pivot_gdisplac.inp

 --------- R U N  PARAMETERS ----------
 ... Linear Static Analysis         ... 
 ... Spooles Solver is Selected     ... 
 ... Frequency Response Helmholtz Analysis in Complex Domain ...
 ... Building the Force             ...
 ... Postprocessing                 ...
 --------------------------------------

 ---------- PROBLEM PARAMETERS --------
 ... # Nodes              =     189 ...
 ... # Elements           =      80 ...
 ... # Unconstrained dofs =     540 ...
 ... # Constrained dofs   =      27 ...
 ... Total # dofs         =     567 ...
 ... # Loaded dofs        =       9 ...
 ... # Output Files       =       1 ...
 --------------------------------------
 --------------------------------------
 ... Total Time           = 8.41e-02 s
 ... Total Memory Used    = 9.07e-01 Mb
 --------------------------------------
../../bin/aeros impe_mumps_pivot_displmod.inp

 --------- R U N  PARAMETERS ----------
 ... Linear Static Analysis         ... 
 ... Mumps Solver is Selected       ... 
 ... Frequency Response Helmholtz Analysis in Complex Domain ...
 ... Building the Force             ...
 ... Postprocessing                 ...
 --------------------------------------

 ---------- PROBLEM PARAMETERS --------
 ... # Nodes              =     189 ...
 ... # Elements           =      80 ...
 ... # Unconstrained dofs =     540 ...
 ... # Constrained dofs   =      27 ...
 ... Total # dofs         =     567 ...
 ... # Loaded dofs        =       9 ...
 ... # Output Files       =       1 ...
 --------------------------------------
 --------------------------------------
 ... Total Time           = 8.38e-02 s
 ... Total Memory Used    = 2.61e+00 Mb
 --------------------------------------
../../bin/aeros -n 2 --dec --nsub 4 impe_FETI_DPH_gdispmod.inp

 --------- R U N  PARAMETERS ----------
 ... Linear Static Analysis         ... 
 ... Parallel processing: Forking 2 Threads ...
 ... Frequency Response Analysis in Complex Domain ...
 ... FETI-DP Solver is Selected     ...
 ... Building the Force             ...
 ... Postprocessing                 ...
 ... Print Timers                   ... 
 --------------------------------------

 ---------- PROBLEM PARAMETERS --------
 ... # Nodes              =     189 ...
 ... # Elements           =      80 ...
 ... # Unconstrained dofs =       0 ...
 ... # Constrained dofs   =      27 ...
 ... Total # dofs         =      -1 ...
 ... # Loaded dofs        =       9 ...
 ... # Output Files       =       1 ...
 --------------------------------------
 --------------------------------------
 ... Total Time           = 2.11e-01 s
 ... Total Memory Used    = 2.20e+01 Mb
 --------------------------------------
../../bin/aeros impe_spooles_pivot_displacx.inp

 --------- R U N  PARAMETERS ----------
 ... Linear Static Analysis         ... 
 ... Spooles Solver is Selected     ... 
 ... Frequency Response Helmholtz Analysis in Complex Domain ...
 ... Building the Force             ...
 ... Postprocessing                 ...
 --------------------------------------

 ---------- PROBLEM PARAMETERS --------
 ... # Nodes              =     189 ...
 ... # Elements           =      80 ...
 ... # Unconstrained dofs =     540 ...
 ... # Constrained dofs   =      27 ...
 ... Total # dofs         =     567 ...
 ... # Loaded dofs        =       9 ...
 ... # Output Files       =       1 ...
 --------------------------------------
 --------------------------------------
 ... Total Time           = 8.62e-02 s
 ... Total Memory Used    = 9.09e-01 Mb
 --------------------------------------
../../bin/aeros impe_mumps_pivot_displacy.inp

 --------- R U N  PARAMETERS ----------
 ... Linear Static Analysis         ... 
 ... Mumps Solver is Selected       ... 
 ... Frequency Response Helmholtz Analysis in Complex Domain ...
 ... Building the Force             ...
 ... Postprocessing                 ...
 --------------------------------------

 ---------- PROBLEM PARAMETERS --------
 ... # Nodes              =     189 ...
 ... # Elements           =      80 ...
 ... # Unconstrained dofs =     540 ...
 ... # Constrained dofs   =      27 ...
 ... Total # dofs         =     567 ...
 ... # Loaded dofs        =       9 ...
 ... # Output Files       =       1 ...
 --------------------------------------
 --------------------------------------
 ... Total Time           = 8.28e-02 s
 ... Total Memory Used    = 2.61e+00 Mb
 --------------------------------------
../../bin/aeros -n 2 --dec --nsub 4 impe_FETI_DPH_displacz.inp

 --------- R U N  PARAMETERS ----------
 ... Linear Static Analysis         ... 
 ... Parallel processing: Forking 2 Threads ...
 ... Frequency Response Analysis in Complex Domain ...
 ... FETI-DP Solver is Selected     ...
 ... Building the Force             ...
 ... Postprocessing                 ...
 ... Print Timers                   ... 
 --------------------------------------

 ---------- PROBLEM PARAMETERS --------
 ... # Nodes              =     189 ...
 ... # Elements           =      80 ...
 ... # Unconstrained dofs =       0 ...
 ... # Constrained dofs   =      27 ...
 ... Total # dofs         =      -1 ...
 ... # Loaded dofs        =       9 ...
 ... # Output Files       =       1 ...
 --------------------------------------
 --------------------------------------
 ... Total Time           = 1.46e-01 s
 ... Total Memory Used    = 2.20e+01 Mb
 --------------------------------------
