../../bin/aeros vmmech003_sparse_geigenpa.inp

 --------- R U N  PARAMETERS ----------
 ... Linear Static Analysis         ... 
 ... Sparse Solver is Selected      ... 
 ... Building the Force             ...
 ... Postprocessing                 ...
 --------------------------------------

 ---------- PROBLEM PARAMETERS --------
 ... # Nodes              =   39218 ...
 ... # Elements           =    7560 ...
 ... # Unconstrained dofs =  113400 ...
 ... # Constrained dofs   =    4158 ...
 ... Total # dofs         =  117558 ...
 ... # Loaded dofs        =       0 ...
 ... # Output Files       =       1 ...
 --------------------------------------
 --------------------------------------
 ... Total Time           = 3.15e+01 s
 ... Total Memory Used    = 9.99e+02 Mb
 --------------------------------------
../../bin/aeros vmmech003_mumps_geigenpa.inp

 --------- R U N  PARAMETERS ----------
 ... Linear Static Analysis         ... 
 ... Mumps Solver is Selected       ... 
 ... Building the Force             ...
 ... Postprocessing                 ...
 --------------------------------------

 ---------- PROBLEM PARAMETERS --------
 ... # Nodes              =   39218 ...
 ... # Elements           =    7560 ...
 ... # Unconstrained dofs =  113400 ...
 ... # Constrained dofs   =    4158 ...
 ... Total # dofs         =  117558 ...
 ... # Loaded dofs        =       0 ...
 ... # Output Files       =       1 ...
 --------------------------------------
 --------------------------------------
 ... Total Time           = 1.93e+01 s
 ... Total Memory Used    = 9.29e+02 Mb
 --------------------------------------
../../bin/aeros vmmech003_mumps_pivot_geigenpa.inp

 --------- R U N  PARAMETERS ----------
 ... Linear Static Analysis         ... 
 ... Mumps Solver is Selected       ... 
 ... Building the Force             ...
 ... Postprocessing                 ...
 --------------------------------------

 ---------- PROBLEM PARAMETERS --------
 ... # Nodes              =   39218 ...
 ... # Elements           =    7560 ...
 ... # Unconstrained dofs =  113400 ...
 ... # Constrained dofs   =    4158 ...
 ... Total # dofs         =  117558 ...
 ... # Loaded dofs        =       0 ...
 ... # Output Files       =       1 ...
 --------------------------------------
 --------------------------------------
 ... Total Time           = 2.27e+01 s
 ... Total Memory Used    = 1.02e+03 Mb
 --------------------------------------
../../bin/aeros -n 2 --dec --nsub 4 vmmech003_FETI_DP_geigenpa.inp

 --------- R U N  PARAMETERS ----------
 ... Linear Static Analysis         ... 
 ... Parallel processing: Forking 2 Threads ...
 ... FETI-DP Solver is Selected     ...
 ... Building the Force             ...
 ... Postprocessing                 ...
 ... Print Timers                   ... 
 --------------------------------------

 ---------- PROBLEM PARAMETERS --------
 ... # Nodes              =   39218 ...
 ... # Elements           =    7560 ...
 ... # Unconstrained dofs =       0 ...
 ... # Constrained dofs   =    4158 ...
 ... Total # dofs         =      -1 ...
 ... # Loaded dofs        =       0 ...
 ... # Output Files       =       1 ...
 --------------------------------------
 --------------------------------------
 ... Total Time           = 2.30e+01 s
 ... Total Memory Used    = 1.67e+03 Mb
 --------------------------------------
