../../bin/aeros -n 2 --dec --nsub 4 dsvm25_FETI_DP_stressp1.inp

 --------- R U N  PARAMETERS ----------
 ... Using Geometric RBM Method     ...
 ... Linear Static Analysis         ... 
 ... Parallel processing: Forking 2 Threads ...
 ... FETI-DP Solver is Selected     ...
 ... Number of GRBMs for body 0: 3 ...
 ... Number of GRBMs for body 1: 3 ...
 ... Building the Force             ...
 ... Postprocessing                 ...
 ... Print Timers                   ... 
 --------------------------------------

 ---------- PROBLEM PARAMETERS --------
 ... # Nodes              =    3087 ...
 ... # Elements           =    2016 ...
 ... # Unconstrained dofs =       0 ...
 ... # Constrained dofs   =     768 ...
 ... Total # dofs         =      -1 ...
 ... # Loaded dofs        =       0 ...
 ... # Output Files       =       2 ...
 --------------------------------------
 --------------------------------------
 ... Total Time           = 1.05e+00 s
 ... Total Memory Used    = 9.06e+01 Mb
 ... Total Krylov Iterations =   33 
 --------------------------------------
