../../bin/aeros dsvm1_sparse_reaction.inp

 --------- R U N  PARAMETERS ----------
 ... Linear Static Analysis         ... 
 ... Sparse Solver is Selected      ... 
 ... Building the Force             ...
 ... Postprocessing                 ...
 --------------------------------------

 ---------- PROBLEM PARAMETERS --------
 ... # Nodes              =     189 ...
 ... # Elements           =      80 ...
 ... # Unconstrained dofs =     513 ...
 ... # Constrained dofs   =      54 ...
 ... Total # dofs         =     567 ...
 ... # Loaded dofs        =      18 ...
 ... # Output Files       =       2 ...
 --------------------------------------
 --------------------------------------
 ... Total Time           = 8.97e-02 s
 ... Total Memory Used    = 9.52e-01 Mb
 --------------------------------------
../../bin/aeros dsvm1_skyline_reaction.inp

 --------- R U N  PARAMETERS ----------
 ... Linear Static Analysis         ... 
 ... Skyline Solver is Selected     ... 
 ... Building the Force             ...
 ... Postprocessing                 ...
 --------------------------------------

 ---------- PROBLEM PARAMETERS --------
 ... # Nodes              =     189 ...
 ... # Elements           =      80 ...
 ... # Unconstrained dofs =     513 ...
 ... # Constrained dofs   =      54 ...
 ... Total # dofs         =     567 ...
 ... # Loaded dofs        =      18 ...
 ... # Output Files       =       2 ...
 --------------------------------------
 --------------------------------------
 ... Total Time           = 6.69e-02 s
 ... Total Memory Used    = 6.13e-01 Mb
 --------------------------------------
../../bin/aeros dsvm1_mumps_reaction.inp

 --------- R U N  PARAMETERS ----------
 ... Linear Static Analysis         ... 
 ... Mumps Solver is Selected       ... 
 ... Building the Force             ...
 ... Postprocessing                 ...
 --------------------------------------

 ---------- PROBLEM PARAMETERS --------
 ... # Nodes              =     189 ...
 ... # Elements           =      80 ...
 ... # Unconstrained dofs =     513 ...
 ... # Constrained dofs   =      54 ...
 ... Total # dofs         =     567 ...
 ... # Loaded dofs        =      18 ...
 ... # Output Files       =       2 ...
 --------------------------------------
 --------------------------------------
 ... Total Time           = 7.25e-02 s
 ... Total Memory Used    = 1.55e+00 Mb
 --------------------------------------
../../bin/aeros dsvm1_spooles_reaction.inp

 --------- R U N  PARAMETERS ----------
 ... Linear Static Analysis         ... 
 ... Spooles Solver is Selected     ... 
 ... Building the Force             ...
 ... Postprocessing                 ...
 --------------------------------------

 ---------- PROBLEM PARAMETERS --------
 ... # Nodes              =     189 ...
 ... # Elements           =      80 ...
 ... # Unconstrained dofs =     513 ...
 ... # Constrained dofs   =      54 ...
 ... Total # dofs         =     567 ...
 ... # Loaded dofs        =      18 ...
 ... # Output Files       =       2 ...
 --------------------------------------
 --------------------------------------
 ... Total Time           = 7.62e-02 s
 ... Total Memory Used    = 6.63e-01 Mb
 --------------------------------------
../../bin/aeros dsvm1_gmres_reaction.inp

 --------- R U N  PARAMETERS ----------
 ... Linear Static Analysis         ... 
 ... Dof Based Sparse Matrix        ...
 ... GMRES Solver is Selected       ...
 ... Building the Force             ...
 ... Postprocessing                 ...
 --------------------------------------

 ---------- PROBLEM PARAMETERS --------
 ... # Nodes              =     189 ...
 ... # Elements           =      80 ...
 ... # Unconstrained dofs =     513 ...
 ... # Constrained dofs   =      54 ...
 ... Total # dofs         =     567 ...
 ... # Loaded dofs        =      18 ...
 ... # Output Files       =       2 ...
 --------------------------------------
 --------------------------------------
 ... Total Time           = 9.54e-02 s
 ... Total Memory Used    = 1.24e+01 Mb
 --------------------------------------
../../bin/aeros dsvm1_spooles_pivot_reaction.inp

 --------- R U N  PARAMETERS ----------
 ... Linear Static Analysis         ... 
 ... Spooles Solver is Selected     ... 
 ... Building the Force             ...
 ... Postprocessing                 ...
 --------------------------------------

 ---------- PROBLEM PARAMETERS --------
 ... # Nodes              =     189 ...
 ... # Elements           =      80 ...
 ... # Unconstrained dofs =     513 ...
 ... # Constrained dofs   =      54 ...
 ... Total # dofs         =     567 ...
 ... # Loaded dofs        =      18 ...
 ... # Output Files       =       2 ...
 --------------------------------------
 --------------------------------------
 ... Total Time           = 8.55e-02 s
 ... Total Memory Used    = 6.59e-01 Mb
 --------------------------------------
../../bin/aeros dsvm1_mumps_pivot_reaction.inp

 --------- R U N  PARAMETERS ----------
 ... Linear Static Analysis         ... 
 ... Mumps Solver is Selected       ... 
 ... Building the Force             ...
 ... Postprocessing                 ...
 --------------------------------------

 ---------- PROBLEM PARAMETERS --------
 ... # Nodes              =     189 ...
 ... # Elements           =      80 ...
 ... # Unconstrained dofs =     513 ...
 ... # Constrained dofs   =      54 ...
 ... Total # dofs         =     567 ...
 ... # Loaded dofs        =      18 ...
 ... # Output Files       =       2 ...
 --------------------------------------
 --------------------------------------
 ... Total Time           = 7.47e-02 s
 ... Total Memory Used    = 1.55e+00 Mb
 --------------------------------------
../../bin/aeros dsvm1_pcg_reaction.inp

 --------- R U N  PARAMETERS ----------
 ... Linear Static Analysis         ... 
 ... Dof Based Sparse Matrix        ...
 ... CG Solver is Selected          ...
 ... Building the Force             ...
in BasePCG::doSolve, maxitr = 1000, tolpcg = 1e-08, proj = 0
 ... Iteration #  1	 Two norm = 311.563	 Rel. residual = 0.74312
 ... Iteration #  2	 Two norm = 304.899	 Rel. residual = 0.727226
 ... Iteration #  3	 Two norm = 322.55	 Rel. residual = 0.769326
 ... Iteration #  4	 Two norm = 365.944	 Rel. residual = 0.872826
 ... Iteration #  5	 Two norm = 389.939	 Rel. residual = 0.930059
 ... Iteration #  6	 Two norm = 565.909	 Rel. residual = 1.34977
 ... Iteration #  7	 Two norm = 399.354	 Rel. residual = 0.952514
 ... Iteration #  8	 Two norm = 367.07	 Rel. residual = 0.875514
 ... Iteration #  9	 Two norm = 270.312	 Rel. residual = 0.644733
 ... Iteration #  10	 Two norm = 246.327	 Rel. residual = 0.587525
 ... Iteration #  11	 Two norm = 161.612	 Rel. residual = 0.385467
 ... Iteration #  12	 Two norm = 164.311	 Rel. residual = 0.391905
 ... Iteration #  13	 Two norm = 213.59	 Rel. residual = 0.509441
 ... Iteration #  14	 Two norm = 206.228	 Rel. residual = 0.491883
 ... Iteration #  15	 Two norm = 164.383	 Rel. residual = 0.392076
 ... Iteration #  16	 Two norm = 126.293	 Rel. residual = 0.301227
 ... Iteration #  17	 Two norm = 99.2371	 Rel. residual = 0.236694
 ... Iteration #  18	 Two norm = 44.1081	 Rel. residual = 0.105204
 ... Iteration #  19	 Two norm = 29.3226	 Rel. residual = 0.0699384
 ... Iteration #  20	 Two norm = 22.5942	 Rel. residual = 0.0538904
 ... Iteration #  21	 Two norm = 13.2327	 Rel. residual = 0.0315619
 ... Iteration #  22	 Two norm = 9.87763	 Rel. residual = 0.0235595
 ... Iteration #  23	 Two norm = 7.78516	 Rel. residual = 0.0185687
 ... Iteration #  24	 Two norm = 6.83097	 Rel. residual = 0.0162928
 ... Iteration #  25	 Two norm = 4.66617	 Rel. residual = 0.0111295
 ... Iteration #  26	 Two norm = 2.18374	 Rel. residual = 0.00520852
 ... Iteration #  27	 Two norm = 1.70447	 Rel. residual = 0.0040654
 ... Iteration #  28	 Two norm = 1.44066	 Rel. residual = 0.00343617
 ... Iteration #  29	 Two norm = 1.04427	 Rel. residual = 0.00249074
 ... Iteration #  30	 Two norm = 0.658143	 Rel. residual = 0.00156976
 ... Iteration #  31	 Two norm = 0.291804	 Rel. residual = 0.000695993
 ... Iteration #  32	 Two norm = 0.163344	 Rel. residual = 0.000389598
 ... Iteration #  33	 Two norm = 0.0502543	 Rel. residual = 0.000119863
 ... Iteration #  34	 Two norm = 0.0188384	 Rel. residual = 4.49323e-05
 ... Iteration #  35	 Two norm = 0.0105956	 Rel. residual = 2.52719e-05
 ... Iteration #  36	 Two norm = 0.00306939	 Rel. residual = 7.32091e-06
 ... Iteration #  37	 Two norm = 0.000695097	 Rel. residual = 1.6579e-06
 ... Iteration #  38	 Two norm = 0.000277431	 Rel. residual = 6.61713e-07
 ... Iteration #  39	 Two norm = 4.71295e-05	 Rel. residual = 1.1241e-07
 ... Iteration #  40	 Two norm = 2.07035e-05	 Rel. residual = 4.93806e-08
 ... Iteration #  41	 Two norm = 1.34581e-05	 Rel. residual = 3.20995e-08
 ... Iteration #  42	 Two norm = 6.24651e-06	 Rel. residual = 1.48988e-08
 ... Iteration #  43	 Two norm = 1.80295e-06	 Rel. residual = 4.30028e-09
 ... Total # Iterations =            43        0.00613 s
 ...     Final Two norm = 1.80295e-06
 ...     Final residual = 3.25062e-12
 ... Postprocessing                 ...
 --------------------------------------

 ---------- PROBLEM PARAMETERS --------
 ... # Nodes              =     189 ...
 ... # Elements           =      80 ...
 ... # Unconstrained dofs =     513 ...
 ... # Constrained dofs   =      54 ...
 ... Total # dofs         =     567 ...
 ... # Loaded dofs        =      18 ...
 ... # Output Files       =       2 ...
 --------------------------------------
 --------------------------------------
 ... Total Time           = 7.43e-02 s
 ... Total Memory Used    = 5.18e-01 Mb
 --------------------------------------
../../bin/aeros dsvm1_bcg_reaction.inp

 --------- R U N  PARAMETERS ----------
 ... Linear Static Analysis         ... 
 ... Dof Based Sparse Matrix        ...
 ... Bi-CG Solver is Selected       ...
Selected Solver does not implement factor() .
 ... Building the Force             ...
 ... Iteration #1	Two norm = 1.7578125e+05	Relative residual = 1.0000000e+00
 ... Iteration #2	Two norm = 9.7071254e+04	Relative residual = 7.4312016e-01
 ... Iteration #3	Two norm = 9.2963302e+04	Relative residual = 7.2722616e-01
 ... Iteration #4	Two norm = 1.0403830e+05	Relative residual = 7.6932590e-01
 ... Iteration #5	Two norm = 1.3391465e+05	Relative residual = 8.7282620e-01
 ... Iteration #6	Two norm = 1.5205255e+05	Relative residual = 9.3005918e-01
 ... Iteration #7	Two norm = 3.2025246e+05	Relative residual = 1.3497706e+00
 ... Iteration #8	Two norm = 1.5948325e+05	Relative residual = 9.5251378e-01
 ... Iteration #9	Two norm = 1.3474069e+05	Relative residual = 8.7551402e-01
 ... Iteration #10	Two norm = 7.3068842e+04	Relative residual = 6.4473291e-01
 ... Iteration #11	Two norm = 6.0677214e+04	Relative residual = 5.8752526e-01
 ... Iteration #12	Two norm = 2.6118434e+04	Relative residual = 3.8546708e-01
 ... Iteration #13	Two norm = 2.6998092e+04	Relative residual = 3.9190451e-01
 ... Iteration #14	Two norm = 4.5620578e+04	Relative residual = 5.0944126e-01
 ... Iteration #15	Two norm = 4.2530010e+04	Relative residual = 4.9188261e-01
 ... Iteration #16	Two norm = 2.7021785e+04	Relative residual = 3.9207644e-01
 ... Iteration #17	Two norm = 1.5949956e+04	Relative residual = 3.0122670e-01
 ... Iteration #18	Two norm = 9.8480088e+03	Relative residual = 2.3669438e-01
 ... Iteration #19	Two norm = 1.9455212e+03	Relative residual = 1.0520387e-01
 ... Iteration #20	Two norm = 8.5981315e+02	Relative residual = 6.9938412e-02
 ... Iteration #21	Two norm = 5.1049938e+02	Relative residual = 5.3890391e-02
 ... Iteration #22	Two norm = 1.7510509e+02	Relative residual = 3.1561897e-02
 ... Iteration #23	Two norm = 9.7567606e+01	Relative residual = 2.3559526e-02
 ... Iteration #24	Two norm = 6.0608724e+01	Relative residual = 1.8568691e-02
 ... Iteration #25	Two norm = 4.6662117e+01	Relative residual = 1.6292808e-02
 ... Iteration #26	Two norm = 2.1773152e+01	Relative residual = 1.1129467e-02
 ... Iteration #27	Two norm = 4.7687217e+00	Relative residual = 5.2085245e-03
 ... Iteration #28	Two norm = 2.9052209e+00	Relative residual = 4.0654002e-03
 ... Iteration #29	Two norm = 2.0754940e+00	Relative residual = 3.4361686e-03
 ... Iteration #30	Two norm = 1.0905074e+00	Relative residual = 2.4907379e-03
 ... Iteration #31	Two norm = 4.3315220e-01	Relative residual = 1.5697626e-03
 ... Iteration #32	Two norm = 8.5149482e-02	Relative residual = 6.9599277e-04
 ... Iteration #33	Two norm = 2.6681302e-02	Relative residual = 3.8959846e-04
 ... Iteration #34	Two norm = 2.5254945e-03	Relative residual = 1.1986350e-04
 ... Iteration #35	Two norm = 3.5488684e-04	Relative residual = 4.4932303e-05
 ... Iteration #36	Two norm = 1.1226633e-04	Relative residual = 2.5271935e-05
 ... Iteration #37	Two norm = 9.4211253e-06	Relative residual = 7.3209108e-06
 ... Iteration #38	Two norm = 4.8315960e-07	Relative residual = 1.6579027e-06
 ... Iteration #39	Two norm = 7.6968207e-08	Relative residual = 6.6171261e-07
 ... Iteration #40	Two norm = 2.2211930e-09	Relative residual = 1.1241050e-07
 ... Iteration #41	Two norm = 4.2863298e-10	Relative residual = 4.9380618e-08
 ... Iteration #42	Two norm = 1.8112115e-10	Relative residual = 3.2099503e-08
 ... Iteration #43	Two norm = 3.9018869e-11	Relative residual = 1.4898792e-08
 ... Postprocessing                 ...
 --------------------------------------

 ---------- PROBLEM PARAMETERS --------
 ... # Nodes              =     189 ...
 ... # Elements           =      80 ...
 ... # Unconstrained dofs =     513 ...
 ... # Constrained dofs   =      54 ...
 ... Total # dofs         =     567 ...
 ... # Loaded dofs        =      18 ...
 ... # Output Files       =       2 ...
 --------------------------------------
 --------------------------------------
 ... Total Time           = 7.35e-02 s
 ... Total Memory Used    = 5.24e-01 Mb
 --------------------------------------
../../bin/aeros dsvm1_cr_reaction.inp

 --------- R U N  PARAMETERS ----------
 ... Linear Static Analysis         ... 
 ... Dof Based Sparse Matrix        ...
 ... CR Solver is Selected          ...
Selected Solver does not implement factor() .
 ... Building the Force             ...
 ... Iteration #1	Two norm = 6.2536741e+04	  Rel. residual  5.9646003e-01 
 ... Iteration #2	Two norm = 3.7386626e+04	  Rel. residual  4.6118148e-01 
 ... Iteration #3	Two norm = 2.7503221e+04	  Rel. residual  3.9555375e-01 
 ... Iteration #4	Two norm = 2.2817079e+04	  Rel. residual  3.6028298e-01 
 ... Iteration #5	Two norm = 1.9839894e+04	  Rel. residual  3.3595678e-01 
 ... Iteration #6	Two norm = 1.8682499e+04	  Rel. residual  3.2601021e-01 
 ... Iteration #7	Two norm = 1.6723448e+04	  Rel. residual  3.0844422e-01 
 ... Iteration #8	Two norm = 1.4876980e+04	  Rel. residual  2.9091835e-01 
 ... Iteration #9	Two norm = 1.2360379e+04	  Rel. residual  2.6517319e-01 
 ... Iteration #10	Two norm = 1.0268594e+04	  Rel. residual  2.4169586e-01 
 ... Iteration #11	Two norm = 7.3707473e+03	  Rel. residual  2.0477149e-01 
 ... Iteration #12	Two norm = 5.7900155e+03	  Rel. residual  1.8149037e-01 
 ... Iteration #13	Two norm = 5.1379266e+03	  Rel. residual  1.7096518e-01 
 ... Iteration #14	Two norm = 4.5841311e+03	  Rel. residual  1.6148874e-01 
 ... Iteration #15	Two norm = 3.9192474e+03	  Rel. residual  1.4931900e-01 
 ... Iteration #16	Two norm = 3.1461666e+03	  Rel. residual  1.3378412e-01 
 ... Iteration #17	Two norm = 2.3844126e+03	  Rel. residual  1.1646741e-01 
 ... Iteration #18	Two norm = 1.0713617e+03	  Rel. residual  7.8069570e-02 
 ... Iteration #19	Two norm = 4.7700025e+02	  Rel. residual  5.2092240e-02 
 ... Iteration #20	Two norm = 2.4659081e+02	  Rel. residual  3.7454342e-02 
 ... Iteration #21	Two norm = 1.0239442e+02	  Rel. residual  2.4135253e-02 
 ... Iteration #22	Two norm = 4.9961377e+01	  Rel. residual  1.6858966e-02 
 ... Iteration #23	Two norm = 2.7386204e+01	  Rel. residual  1.2481870e-02 
 ... Iteration #24	Two norm = 1.7257626e+01	  Rel. residual  9.9084165e-03 
 ... Iteration #25	Two norm = 9.6270926e+00	  Rel. residual  7.4005040e-03 
 ... Iteration #26	Two norm = 3.1890468e+00	  Rel. residual  4.2593583e-03 
 ... Iteration #27	Two norm = 1.5202623e+00	  Rel. residual  2.9408508e-03 
 ... Iteration #28	Two norm = 8.7750531e-01	  Rel. residual  2.2342852e-03 
 ... Iteration #29	Two norm = 4.8623976e-01	  Rel. residual  1.6631789e-03 
 ... Iteration #30	Two norm = 2.2908164e-01	  Rel. residual  1.1415866e-03 
 ... Iteration #31	Two norm = 6.2075911e-02	  Rel. residual  5.9425833e-04 
 ... Iteration #32	Two norm = 1.8660637e-02	  Rel. residual  3.2581941e-04 
 ... Iteration #33	Two norm = 2.2244428e-03	  Rel. residual  1.1249270e-04 
 ... Iteration #34	Two norm = 3.0605839e-04	  Rel. residual  4.1726876e-05 
 ... Iteration #35	Two norm = 8.2137275e-05	  Rel. residual  2.1616425e-05 
 ... Iteration #36	Two norm = 8.4517156e-06	  Rel. residual  6.9340371e-06 
 ... Iteration #37	Two norm = 4.5703242e-07	  Rel. residual  1.6124536e-06 
 ... Iteration #38	Two norm = 6.5874722e-08	  Rel. residual  6.1217153e-07 
 ... Iteration #39	Two norm = 2.1542444e-09	  Rel. residual  1.1070346e-07 
 ... Iteration #40	Two norm = 4.2262747e-10	  Rel. residual  4.9033465e-08 
 ... Iteration #41	Two norm = 1.9854157e-10	  Rel. residual  3.3607751e-08 
 ... Iteration #42	Two norm = 3.0553488e-11	  Rel. residual  1.3183907e-08 
 ... Iteration #43	Two norm = 2.9276667e-12	  Rel. residual  4.0810747e-09 

 ... Total # Iterations = 43
 ...     Final Two norm = 2.9276667e-12
 ... Postprocessing                 ...
 --------------------------------------

 ---------- PROBLEM PARAMETERS --------
 ... # Nodes              =     189 ...
 ... # Elements           =      80 ...
 ... # Unconstrained dofs =     513 ...
 ... # Constrained dofs   =      54 ...
 ... Total # dofs         =     567 ...
 ... # Loaded dofs        =      18 ...
 ... # Output Files       =       2 ...
 --------------------------------------
 --------------------------------------
 ... Total Time           = 7.57e-02 s
 ... Total Memory Used    = 5.17e-01 Mb
 --------------------------------------
