../../bin/aeros dsvm19_sparse_displacy.inp

 --------- R U N  PARAMETERS ----------
 ... Linear Static Analysis         ... 
 ... Sparse Solver is Selected      ... 
 ... Building the Force             ...
 ... Postprocessing                 ...
 --------------------------------------

 ---------- PROBLEM PARAMETERS --------
 ... # Nodes              =      60 ...
 ... # Elements           =      28 ...
 ... # Unconstrained dofs =     138 ...
 ... # Constrained dofs   =      18 ...
 ... Total # dofs         =     156 ...
 ... # Loaded dofs        =       2 ...
 ... # Output Files       =       1 ...
 --------------------------------------
 --------------------------------------
 ... Total Time           = 8.32e-02 s
 ... Total Memory Used    = 2.12e-01 Mb
 --------------------------------------
../../bin/aeros dsvm19_spooles_pivot_displacy.inp

 --------- R U N  PARAMETERS ----------
 ... Linear Static Analysis         ... 
 ... Spooles Solver is Selected     ... 
 ... Building the Force             ...
 ... Postprocessing                 ...
 --------------------------------------

 ---------- PROBLEM PARAMETERS --------
 ... # Nodes              =      60 ...
 ... # Elements           =      28 ...
 ... # Unconstrained dofs =     138 ...
 ... # Constrained dofs   =      18 ...
 ... Total # dofs         =     156 ...
 ... # Loaded dofs        =       2 ...
 ... # Output Files       =       1 ...
 --------------------------------------
 --------------------------------------
 ... Total Time           = 6.46e-02 s
 ... Total Memory Used    = 1.74e-01 Mb
 --------------------------------------
../../bin/aeros dsvm19_mumps_pivot_displacy.inp

 --------- R U N  PARAMETERS ----------
 ... Linear Static Analysis         ... 
 ... Mumps Solver is Selected       ... 
 ... Building the Force             ...
 ... Postprocessing                 ...
 --------------------------------------

 ---------- PROBLEM PARAMETERS --------
 ... # Nodes              =      60 ...
 ... # Elements           =      28 ...
 ... # Unconstrained dofs =     138 ...
 ... # Constrained dofs   =      18 ...
 ... Total # dofs         =     156 ...
 ... # Loaded dofs        =       2 ...
 ... # Output Files       =       1 ...
 --------------------------------------
 --------------------------------------
 ... Total Time           = 6.47e-02 s
 ... Total Memory Used    = 1.16e+00 Mb
 --------------------------------------
../../bin/aeros dsvm19_skyline_displacy.inp

 --------- R U N  PARAMETERS ----------
 ... Linear Static Analysis         ... 
 ... Skyline Solver is Selected     ... 
 ... Building the Force             ...
 ... Postprocessing                 ...
 --------------------------------------

 ---------- PROBLEM PARAMETERS --------
 ... # Nodes              =      60 ...
 ... # Elements           =      28 ...
 ... # Unconstrained dofs =     138 ...
 ... # Constrained dofs   =      18 ...
 ... Total # dofs         =     156 ...
 ... # Loaded dofs        =       2 ...
 ... # Output Files       =       1 ...
 --------------------------------------
 --------------------------------------
 ... Total Time           = 6.24e-02 s
 ... Total Memory Used    = 1.69e-01 Mb
 --------------------------------------
../../bin/aeros dsvm19_mumps_displacy.inp

 --------- R U N  PARAMETERS ----------
 ... Linear Static Analysis         ... 
 ... Mumps Solver is Selected       ... 
 ... Building the Force             ...
 ... Postprocessing                 ...
 --------------------------------------

 ---------- PROBLEM PARAMETERS --------
 ... # Nodes              =      60 ...
 ... # Elements           =      28 ...
 ... # Unconstrained dofs =     138 ...
 ... # Constrained dofs   =      18 ...
 ... Total # dofs         =     156 ...
 ... # Loaded dofs        =       2 ...
 ... # Output Files       =       1 ...
 --------------------------------------
 --------------------------------------
 ... Total Time           = 6.41e-02 s
 ... Total Memory Used    = 1.16e+00 Mb
 --------------------------------------
../../bin/aeros dsvm19_spooles_displacy.inp

 --------- R U N  PARAMETERS ----------
 ... Linear Static Analysis         ... 
 ... Spooles Solver is Selected     ... 
 ... Building the Force             ...
 ... Postprocessing                 ...
 --------------------------------------

 ---------- PROBLEM PARAMETERS --------
 ... # Nodes              =      60 ...
 ... # Elements           =      28 ...
 ... # Unconstrained dofs =     138 ...
 ... # Constrained dofs   =      18 ...
 ... Total # dofs         =     156 ...
 ... # Loaded dofs        =       2 ...
 ... # Output Files       =       1 ...
 --------------------------------------
 --------------------------------------
 ... Total Time           = 6.47e-02 s
 ... Total Memory Used    = 1.75e-01 Mb
 --------------------------------------
../../bin/aeros dsvm19_direct_displacy.inp

 --------- R U N  PARAMETERS ----------
 ... Linear Static Analysis         ... 
 ... Skyline Solver is Selected     ... 
 ... Building the Force             ...
 ... Postprocessing                 ...
 --------------------------------------

 ---------- PROBLEM PARAMETERS --------
 ... # Nodes              =      60 ...
 ... # Elements           =      28 ...
 ... # Unconstrained dofs =     138 ...
 ... # Constrained dofs   =      18 ...
 ... Total # dofs         =     156 ...
 ... # Loaded dofs        =       2 ...
 ... # Output Files       =       1 ...
 --------------------------------------
 --------------------------------------
 ... Total Time           = 6.17e-02 s
 ... Total Memory Used    = 1.69e-01 Mb
 --------------------------------------
../../bin/aeros dsvm19_pcg_displacy.inp

 --------- R U N  PARAMETERS ----------
 ... Linear Static Analysis         ... 
 ... Dof Based Sparse Matrix        ...
 ... CG Solver is Selected          ...
 ... Building the Force             ...
in BasePCG::doSolve, maxitr = 1000, tolpcg = 1e-08, proj = 0
 ... Iteration #  1	 Two norm = 2020.51	 Rel. residual = 0.500744
 ... Iteration #  2	 Two norm = 588.148	 Rel. residual = 0.145761
 ... Iteration #  3	 Two norm = 194.937	 Rel. residual = 0.0483114
 ... Iteration #  4	 Two norm = 147.078	 Rel. residual = 0.0364504
 ... Iteration #  5	 Two norm = 321.493	 Rel. residual = 0.0796759
 ... Iteration #  6	 Two norm = 1092.65	 Rel. residual = 0.270791
 ... Iteration #  7	 Two norm = 3833.81	 Rel. residual = 0.950137
 ... Iteration #  8	 Two norm = 7882.27	 Rel. residual = 1.95347
 ... Iteration #  9	 Two norm = 4873.35	 Rel. residual = 1.20777
 ... Iteration #  10	 Two norm = 2967.88	 Rel. residual = 0.735533
 ... Iteration #  11	 Two norm = 1475.06	 Rel. residual = 0.365565
 ... Iteration #  12	 Two norm = 737.911	 Rel. residual = 0.182877
 ... Iteration #  13	 Two norm = 334.7	 Rel. residual = 0.082949
 ... Iteration #  14	 Two norm = 160.638	 Rel. residual = 0.0398111
 ... Iteration #  15	 Two norm = 140.349	 Rel. residual = 0.0347829
 ... Iteration #  16	 Two norm = 358.196	 Rel. residual = 0.0887719
 ... Iteration #  17	 Two norm = 1400.72	 Rel. residual = 0.347141
 ... Iteration #  18	 Two norm = 5350.79	 Rel. residual = 1.32609
 ... Iteration #  19	 Two norm = 5775.95	 Rel. residual = 1.43146
 ... Iteration #  20	 Two norm = 1524.11	 Rel. residual = 0.377721
 ... Iteration #  21	 Two norm = 578.242	 Rel. residual = 0.143306
 ... Iteration #  22	 Two norm = 194.671	 Rel. residual = 0.0482455
 ... Iteration #  23	 Two norm = 158.531	 Rel. residual = 0.0392888
 ... Iteration #  24	 Two norm = 220.139	 Rel. residual = 0.0545572
 ... Iteration #  25	 Two norm = 1156.33	 Rel. residual = 0.286574
 ... Iteration #  26	 Two norm = 3543.17	 Rel. residual = 0.878107
 ... Iteration #  27	 Two norm = 1150.18	 Rel. residual = 0.285051
 ... Iteration #  28	 Two norm = 217.998	 Rel. residual = 0.0540265
 ... Iteration #  29	 Two norm = 281.591	 Rel. residual = 0.069787
 ... Iteration #  30	 Two norm = 1606.95	 Rel. residual = 0.398251
 ... Iteration #  31	 Two norm = 2612.4	 Rel. residual = 0.647433
 ... Iteration #  32	 Two norm = 2001.2	 Rel. residual = 0.49596
 ... Iteration #  33	 Two norm = 1478.33	 Rel. residual = 0.366375
 ... Iteration #  34	 Two norm = 2048.9	 Rel. residual = 0.50778
 ... Iteration #  35	 Two norm = 341.155	 Rel. residual = 0.0845486
 ... Iteration #  36	 Two norm = 645.039	 Rel. residual = 0.15986
 ... Iteration #  37	 Two norm = 530.52	 Rel. residual = 0.131479
 ... Iteration #  38	 Two norm = 450.628	 Rel. residual = 0.111679
 ... Iteration #  39	 Two norm = 300.477	 Rel. residual = 0.0744675
 ... Iteration #  40	 Two norm = 1009.62	 Rel. residual = 0.250215
 ... Iteration #  41	 Two norm = 1298.31	 Rel. residual = 0.321762
 ... Iteration #  42	 Two norm = 784.837	 Rel. residual = 0.194507
 ... Iteration #  43	 Two norm = 2523	 Rel. residual = 0.625276
 ... Iteration #  44	 Two norm = 887.297	 Rel. residual = 0.219899
 ... Iteration #  45	 Two norm = 1540.25	 Rel. residual = 0.381721
 ... Iteration #  46	 Two norm = 2239.13	 Rel. residual = 0.554926
 ... Iteration #  47	 Two norm = 2014.05	 Rel. residual = 0.499143
 ... Iteration #  48	 Two norm = 411.275	 Rel. residual = 0.101927
 ... Iteration #  49	 Two norm = 306.024	 Rel. residual = 0.0758421
 ... Iteration #  50	 Two norm = 193.124	 Rel. residual = 0.0478621
 ... Iteration #  51	 Two norm = 1425.95	 Rel. residual = 0.353394
 ... Iteration #  52	 Two norm = 842.408	 Rel. residual = 0.208775
 ... Iteration #  53	 Two norm = 615.629	 Rel. residual = 0.152572
 ... Iteration #  54	 Two norm = 807.699	 Rel. residual = 0.200173
 ... Iteration #  55	 Two norm = 1069.89	 Rel. residual = 0.265153
 ... Iteration #  56	 Two norm = 430.621	 Rel. residual = 0.106721
 ... Iteration #  57	 Two norm = 124.902	 Rel. residual = 0.0309547
 ... Iteration #  58	 Two norm = 1593.02	 Rel. residual = 0.3948
 ... Iteration #  59	 Two norm = 2796.11	 Rel. residual = 0.692962
 ... Iteration #  60	 Two norm = 1783.04	 Rel. residual = 0.441893
 ... Iteration #  61	 Two norm = 3616.88	 Rel. residual = 0.896373
 ... Iteration #  62	 Two norm = 373.896	 Rel. residual = 0.092663
 ... Iteration #  63	 Two norm = 152.152	 Rel. residual = 0.0377079
 ... Iteration #  64	 Two norm = 260.773	 Rel. residual = 0.0646276
 ... Iteration #  65	 Two norm = 577.885	 Rel. residual = 0.143218
 ... Iteration #  66	 Two norm = 938.032	 Rel. residual = 0.232473
 ... Iteration #  67	 Two norm = 1497.46	 Rel. residual = 0.371116
 ... Iteration #  68	 Two norm = 7903.88	 Rel. residual = 1.95882
 ... Iteration #  69	 Two norm = 3339.55	 Rel. residual = 0.827643
 ... Iteration #  70	 Two norm = 834.586	 Rel. residual = 0.206836
 ... Iteration #  71	 Two norm = 216.799	 Rel. residual = 0.0537295
 ... Iteration #  72	 Two norm = 275.971	 Rel. residual = 0.068394
 ... Iteration #  73	 Two norm = 325.7	 Rel. residual = 0.0807184
 ... Iteration #  74	 Two norm = 360.899	 Rel. residual = 0.0894419
 ... Iteration #  75	 Two norm = 335.961	 Rel. residual = 0.0832615
 ... Iteration #  76	 Two norm = 1911.08	 Rel. residual = 0.473624
 ... Iteration #  77	 Two norm = 4769.69	 Rel. residual = 1.18208
 ... Iteration #  78	 Two norm = 944.96	 Rel. residual = 0.23419
 ... Iteration #  79	 Two norm = 301.569	 Rel. residual = 0.0747382
 ... Iteration #  80	 Two norm = 99.096	 Rel. residual = 0.024559
 ... Iteration #  81	 Two norm = 194.754	 Rel. residual = 0.048266
 ... Iteration #  82	 Two norm = 394.446	 Rel. residual = 0.0977558
 ... Iteration #  83	 Two norm = 1268.04	 Rel. residual = 0.31426
 ... Iteration #  84	 Two norm = 3949.12	 Rel. residual = 0.978714
 ... Iteration #  85	 Two norm = 3114.97	 Rel. residual = 0.771986
 ... Iteration #  86	 Two norm = 407.172	 Rel. residual = 0.10091
 ... Iteration #  87	 Two norm = 120.77	 Rel. residual = 0.0299305
 ... Iteration #  88	 Two norm = 504.29	 Rel. residual = 0.124978
 ... Iteration #  89	 Two norm = 606.633	 Rel. residual = 0.150342
 ... Iteration #  90	 Two norm = 394.747	 Rel. residual = 0.0978304
 ... Iteration #  91	 Two norm = 228.398	 Rel. residual = 0.0566041
 ... Iteration #  92	 Two norm = 165.518	 Rel. residual = 0.0410205
 ... Iteration #  93	 Two norm = 166.963	 Rel. residual = 0.0413785
 ... Iteration #  94	 Two norm = 958.426	 Rel. residual = 0.237527
 ... Iteration #  95	 Two norm = 2136.43	 Rel. residual = 0.529472
 ... Iteration #  96	 Two norm = 2068.24	 Rel. residual = 0.512574
 ... Iteration #  97	 Two norm = 1986.11	 Rel. residual = 0.492219
 ... Iteration #  98	 Two norm = 3946.5	 Rel. residual = 0.978063
 ... Iteration #  99	 Two norm = 5775.48	 Rel. residual = 1.43134
 ... Iteration #  100	 Two norm = 2937.43	 Rel. residual = 0.727985
 ... Iteration #  101	 Two norm = 580.119	 Rel. residual = 0.143771
 ... Iteration #  102	 Two norm = 826.712	 Rel. residual = 0.204885
 ... Iteration #  103	 Two norm = 318.635	 Rel. residual = 0.0789676
 ... Iteration #  104	 Two norm = 197.704	 Rel. residual = 0.0489971
 ... Iteration #  105	 Two norm = 366.107	 Rel. residual = 0.0907325
 ... Iteration #  106	 Two norm = 285.015	 Rel. residual = 0.0706355
 ... Iteration #  107	 Two norm = 1882.66	 Rel. residual = 0.466582
 ... Iteration #  108	 Two norm = 1228.22	 Rel. residual = 0.304391
 ... Iteration #  109	 Two norm = 731.828	 Rel. residual = 0.18137
 ... Iteration #  110	 Two norm = 1188.2	 Rel. residual = 0.294472
 ... Iteration #  111	 Two norm = 1028.69	 Rel. residual = 0.25494
 ... Iteration #  112	 Two norm = 565.556	 Rel. residual = 0.140162
 ... Iteration #  113	 Two norm = 147.264	 Rel. residual = 0.0364964
 ... Iteration #  114	 Two norm = 1059.6	 Rel. residual = 0.262602
 ... Iteration #  115	 Two norm = 1445.05	 Rel. residual = 0.358127
 ... Iteration #  116	 Two norm = 1653.57	 Rel. residual = 0.409805
 ... Iteration #  117	 Two norm = 565.176	 Rel. residual = 0.140068
 ... Iteration #  118	 Two norm = 386.869	 Rel. residual = 0.0958781
 ... Iteration #  119	 Two norm = 226.255	 Rel. residual = 0.056073
 ... Iteration #  120	 Two norm = 186.506	 Rel. residual = 0.0462219
 ... Iteration #  121	 Two norm = 391.077	 Rel. residual = 0.0969209
 ... Iteration #  122	 Two norm = 802.002	 Rel. residual = 0.198761
 ... Iteration #  123	 Two norm = 1089.02	 Rel. residual = 0.269893
 ... Iteration #  124	 Two norm = 2353.52	 Rel. residual = 0.583274
 ... Iteration #  125	 Two norm = 3973.42	 Rel. residual = 0.984735
 ... Iteration #  126	 Two norm = 2403.63	 Rel. residual = 0.595692
 ... Iteration #  127	 Two norm = 4435.3	 Rel. residual = 1.0992
 ... Iteration #  128	 Two norm = 1418.85	 Rel. residual = 0.351636
 ... Iteration #  129	 Two norm = 2664.2	 Rel. residual = 0.660271
 ... Iteration #  130	 Two norm = 4713.83	 Rel. residual = 1.16823
 ... Iteration #  131	 Two norm = 1318.41	 Rel. residual = 0.326742
 ... Iteration #  132	 Two norm = 723.445	 Rel. residual = 0.179292
 ... Iteration #  133	 Two norm = 383.668	 Rel. residual = 0.0950847
 ... Iteration #  134	 Two norm = 83.0349	 Rel. residual = 0.0205786
 ... Iteration #  135	 Two norm = 60.8417	 Rel. residual = 0.0150784
 ... Iteration #  136	 Two norm = 203.287	 Rel. residual = 0.0503807
 ... Iteration #  137	 Two norm = 632.74	 Rel. residual = 0.156813
 ... Iteration #  138	 Two norm = 562.078	 Rel. residual = 0.1393
 ... Iteration #  139	 Two norm = 359.615	 Rel. residual = 0.0891236
 ... Iteration #  140	 Two norm = 500.823	 Rel. residual = 0.124119
 ... Iteration #  141	 Two norm = 126.707	 Rel. residual = 0.0314018
 ... Iteration #  142	 Two norm = 88.6293	 Rel. residual = 0.0219651
 ... Iteration #  143	 Two norm = 114.467	 Rel. residual = 0.0283684
 ... Iteration #  144	 Two norm = 2242.98	 Rel. residual = 0.555878
 ... Iteration #  145	 Two norm = 3512.82	 Rel. residual = 0.870584
 ... Iteration #  146	 Two norm = 9660.71	 Rel. residual = 2.39422
 ... Iteration #  147	 Two norm = 2854.09	 Rel. residual = 0.707332
 ... Iteration #  148	 Two norm = 482.378	 Rel. residual = 0.119548
 ... Iteration #  149	 Two norm = 105.413	 Rel. residual = 0.0261245
 ... Iteration #  150	 Two norm = 147.259	 Rel. residual = 0.0364952
 ... Iteration #  151	 Two norm = 199.063	 Rel. residual = 0.049334
 ... Iteration #  152	 Two norm = 1137.57	 Rel. residual = 0.281924
 ... Iteration #  153	 Two norm = 716.952	 Rel. residual = 0.177683
 ... Iteration #  154	 Two norm = 145.825	 Rel. residual = 0.0361399
 ... Iteration #  155	 Two norm = 26.1011	 Rel. residual = 0.00646865
 ... Iteration #  156	 Two norm = 242.034	 Rel. residual = 0.0599834
 ... Iteration #  157	 Two norm = 643.109	 Rel. residual = 0.159382
 ... Iteration #  158	 Two norm = 1148.59	 Rel. residual = 0.284656
 ... Iteration #  159	 Two norm = 1224.92	 Rel. residual = 0.303573
 ... Iteration #  160	 Two norm = 5537.41	 Rel. residual = 1.37234
 ... Iteration #  161	 Two norm = 7263.28	 Rel. residual = 1.80006
 ... Iteration #  162	 Two norm = 4395.19	 Rel. residual = 1.08926
 ... Iteration #  163	 Two norm = 12674.2	 Rel. residual = 3.14104
 ... Iteration #  164	 Two norm = 3587.28	 Rel. residual = 0.889039
 ... Iteration #  165	 Two norm = 4235.74	 Rel. residual = 1.04975
 ... Iteration #  166	 Two norm = 3867.17	 Rel. residual = 0.958404
 ... Iteration #  167	 Two norm = 950.232	 Rel. residual = 0.235497
 ... Iteration #  168	 Two norm = 1810.12	 Rel. residual = 0.448603
 ... Iteration #  169	 Two norm = 2550.23	 Rel. residual = 0.632024
 ... Iteration #  170	 Two norm = 969.241	 Rel. residual = 0.240208
 ... Iteration #  171	 Two norm = 1332.61	 Rel. residual = 0.330261
 ... Iteration #  172	 Two norm = 1650.2	 Rel. residual = 0.408971
 ... Iteration #  173	 Two norm = 1351.15	 Rel. residual = 0.334857
 ... Iteration #  174	 Two norm = 2606.25	 Rel. residual = 0.645909
 ... Iteration #  175	 Two norm = 6554.21	 Rel. residual = 1.62433
 ... Iteration #  176	 Two norm = 16968.5	 Rel. residual = 4.20532
 ... Iteration #  177	 Two norm = 19462.8	 Rel. residual = 4.82347
 ... Iteration #  178	 Two norm = 4612.98	 Rel. residual = 1.14324
 ... Iteration #  179	 Two norm = 2880.82	 Rel. residual = 0.713955
 ... Iteration #  180	 Two norm = 568.745	 Rel. residual = 0.140953
 ... Iteration #  181	 Two norm = 190.32	 Rel. residual = 0.047167
 ... Iteration #  182	 Two norm = 91.8117	 Rel. residual = 0.0227537
 ... Iteration #  183	 Two norm = 88.0802	 Rel. residual = 0.021829
 ... Iteration #  184	 Two norm = 56.7218	 Rel. residual = 0.0140574
 ... Iteration #  185	 Two norm = 37.3786	 Rel. residual = 0.00926356
 ... Iteration #  186	 Two norm = 470.221	 Rel. residual = 0.116535
 ... Iteration #  187	 Two norm = 646.045	 Rel. residual = 0.16011
 ... Iteration #  188	 Two norm = 311.847	 Rel. residual = 0.0772852
 ... Iteration #  189	 Two norm = 115.986	 Rel. residual = 0.0287448
 ... Iteration #  190	 Two norm = 281.835	 Rel. residual = 0.0698473
 ... Iteration #  191	 Two norm = 248.001	 Rel. residual = 0.0614622
 ... Iteration #  192	 Two norm = 68.0117	 Rel. residual = 0.0168554
 ... Iteration #  193	 Two norm = 43.7297	 Rel. residual = 0.0108376
 ... Iteration #  194	 Two norm = 61.2995	 Rel. residual = 0.0151919
 ... Iteration #  195	 Two norm = 417.691	 Rel. residual = 0.103517
 ... Iteration #  196	 Two norm = 394.815	 Rel. residual = 0.0978472
 ... Iteration #  197	 Two norm = 265.552	 Rel. residual = 0.0658118
 ... Iteration #  198	 Two norm = 27.7714	 Rel. residual = 0.00688262
 ... Iteration #  199	 Two norm = 26.2819	 Rel. residual = 0.00651345
 ... Iteration #  200	 Two norm = 73.2795	 Rel. residual = 0.0181609
 ... Iteration #  201	 Two norm = 276.515	 Rel. residual = 0.0685289
 ... Iteration #  202	 Two norm = 146.047	 Rel. residual = 0.0361948
 ... Iteration #  203	 Two norm = 395.466	 Rel. residual = 0.0980087
 ... Iteration #  204	 Two norm = 869.11	 Rel. residual = 0.215392
 ... Iteration #  205	 Two norm = 2983.52	 Rel. residual = 0.739408
 ... Iteration #  206	 Two norm = 3933.18	 Rel. residual = 0.974763
 ... Iteration #  207	 Two norm = 234.943	 Rel. residual = 0.058226
 ... Iteration #  208	 Two norm = 116.711	 Rel. residual = 0.0289246
 ... Iteration #  209	 Two norm = 128.641	 Rel. residual = 0.0318811
 ... Iteration #  210	 Two norm = 399.006	 Rel. residual = 0.0988859
 ... Iteration #  211	 Two norm = 999.487	 Rel. residual = 0.247704
 ... Iteration #  212	 Two norm = 2472.55	 Rel. residual = 0.612773
 ... Iteration #  213	 Two norm = 4413.31	 Rel. residual = 1.09375
 ... Iteration #  214	 Two norm = 8293.91	 Rel. residual = 2.05549
 ... Iteration #  215	 Two norm = 2183.29	 Rel. residual = 0.541086
 ... Iteration #  216	 Two norm = 1001.53	 Rel. residual = 0.24821
 ... Iteration #  217	 Two norm = 9405.89	 Rel. residual = 2.33107
 ... Iteration #  218	 Two norm = 12622.3	 Rel. residual = 3.1282
 ... Iteration #  219	 Two norm = 10629.9	 Rel. residual = 2.63442
 ... Iteration #  220	 Two norm = 23851.4	 Rel. residual = 5.91111
 ... Iteration #  221	 Two norm = 14628.6	 Rel. residual = 3.62542
 ... Iteration #  222	 Two norm = 9127.94	 Rel. residual = 2.26218
 ... Iteration #  223	 Two norm = 15154.4	 Rel. residual = 3.75573
 ... Iteration #  224	 Two norm = 6822.88	 Rel. residual = 1.69092
 ... Iteration #  225	 Two norm = 4538.6	 Rel. residual = 1.12481
 ... Iteration #  226	 Two norm = 2693.51	 Rel. residual = 0.667535
 ... Iteration #  227	 Two norm = 1130.86	 Rel. residual = 0.280262
 ... Iteration #  228	 Two norm = 1232.71	 Rel. residual = 0.305504
 ... Iteration #  229	 Two norm = 744.04	 Rel. residual = 0.184396
 ... Iteration #  230	 Two norm = 611.384	 Rel. residual = 0.15152
 ... Iteration #  231	 Two norm = 713.142	 Rel. residual = 0.176739
 ... Iteration #  232	 Two norm = 267.576	 Rel. residual = 0.0663135
 ... Iteration #  233	 Two norm = 132.494	 Rel. residual = 0.032836
 ... Iteration #  234	 Two norm = 103.092	 Rel. residual = 0.0255494
 ... Iteration #  235	 Two norm = 29.6736	 Rel. residual = 0.00735404
 ... Iteration #  236	 Two norm = 3.8134	 Rel. residual = 0.000945079
 ... Iteration #  237	 Two norm = 4.3268	 Rel. residual = 0.00107231
 ... Iteration #  238	 Two norm = 9.85299	 Rel. residual = 0.00244187
 ... Iteration #  239	 Two norm = 13.1553	 Rel. residual = 0.00326029
 ... Iteration #  240	 Two norm = 16.9511	 Rel. residual = 0.004201
 ... Iteration #  241	 Two norm = 2.29768	 Rel. residual = 0.000569437
 ... Iteration #  242	 Two norm = 1.46189	 Rel. residual = 0.000362301
 ... Iteration #  243	 Two norm = 2.84241	 Rel. residual = 0.000704435
 ... Iteration #  244	 Two norm = 5.53992	 Rel. residual = 0.00137296
 ... Iteration #  245	 Two norm = 37.0928	 Rel. residual = 0.00919273
 ... Iteration #  246	 Two norm = 169.279	 Rel. residual = 0.0419525
 ... Iteration #  247	 Two norm = 242.377	 Rel. residual = 0.0600684
 ... Iteration #  248	 Two norm = 30.7322	 Rel. residual = 0.00761638
 ... Iteration #  249	 Two norm = 13.1597	 Rel. residual = 0.00326139
 ... Iteration #  250	 Two norm = 12.3303	 Rel. residual = 0.00305583
 ... Iteration #  251	 Two norm = 7.03297	 Rel. residual = 0.00174299
 ... Iteration #  252	 Two norm = 61.4263	 Rel. residual = 0.0152233
 ... Iteration #  253	 Two norm = 14.5688	 Rel. residual = 0.0036106
 ... Iteration #  254	 Two norm = 16.0547	 Rel. residual = 0.00397884
 ... Iteration #  255	 Two norm = 37.2564	 Rel. residual = 0.00923329
 ... Iteration #  256	 Two norm = 83.8191	 Rel. residual = 0.0207729
 ... Iteration #  257	 Two norm = 29.2394	 Rel. residual = 0.00724641
 ... Iteration #  258	 Two norm = 2.68527	 Rel. residual = 0.000665493
 ... Iteration #  259	 Two norm = 1.19544	 Rel. residual = 0.000296268
 ... Iteration #  260	 Two norm = 0.550095	 Rel. residual = 0.00013633
 ... Iteration #  261	 Two norm = 0.596053	 Rel. residual = 0.00014772
 ... Iteration #  262	 Two norm = 0.339711	 Rel. residual = 8.41908e-05
 ... Iteration #  263	 Two norm = 0.260181	 Rel. residual = 6.44808e-05
 ... Iteration #  264	 Two norm = 0.560111	 Rel. residual = 0.000138813
 ... Iteration #  265	 Two norm = 1.02063	 Rel. residual = 0.000252944
 ... Iteration #  266	 Two norm = 2.71102	 Rel. residual = 0.000671875
 ... Iteration #  267	 Two norm = 1.72778	 Rel. residual = 0.000428198
 ... Iteration #  268	 Two norm = 1.26065	 Rel. residual = 0.000312429
 ... Iteration #  269	 Two norm = 0.0948163	 Rel. residual = 2.34984e-05
 ... Iteration #  270	 Two norm = 0.0455112	 Rel. residual = 1.12791e-05
 ... Iteration #  271	 Two norm = 0.059026	 Rel. residual = 1.46285e-05
 ... Iteration #  272	 Two norm = 0.10789	 Rel. residual = 2.67385e-05
 ... Iteration #  273	 Two norm = 0.216637	 Rel. residual = 5.36893e-05
 ... Iteration #  274	 Two norm = 0.628194	 Rel. residual = 0.000155686
 ... Iteration #  275	 Two norm = 0.219384	 Rel. residual = 5.437e-05
 ... Iteration #  276	 Two norm = 0.0560644	 Rel. residual = 1.38945e-05
 ... Iteration #  277	 Two norm = 0.0642154	 Rel. residual = 1.59145e-05
 ... Iteration #  278	 Two norm = 0.0431094	 Rel. residual = 1.06838e-05
 ... Iteration #  279	 Two norm = 0.0202288	 Rel. residual = 5.01332e-06
 ... Iteration #  280	 Two norm = 0.0224573	 Rel. residual = 5.56561e-06
 ... Iteration #  281	 Two norm = 0.00686851	 Rel. residual = 1.70223e-06
 ... Iteration #  282	 Two norm = 0.00814784	 Rel. residual = 2.01929e-06
 ... Iteration #  283	 Two norm = 0.0127948	 Rel. residual = 3.17094e-06
 ... Iteration #  284	 Two norm = 0.0209006	 Rel. residual = 5.17982e-06
 ... Iteration #  285	 Two norm = 0.0446816	 Rel. residual = 1.10735e-05
 ... Iteration #  286	 Two norm = 0.0308809	 Rel. residual = 7.65324e-06
 ... Iteration #  287	 Two norm = 0.0208399	 Rel. residual = 5.16478e-06
 ... Iteration #  288	 Two norm = 0.0116838	 Rel. residual = 2.89561e-06
 ... Iteration #  289	 Two norm = 0.00618756	 Rel. residual = 1.53347e-06
 ... Iteration #  290	 Two norm = 0.00663019	 Rel. residual = 1.64316e-06
 ... Iteration #  291	 Two norm = 0.00812387	 Rel. residual = 2.01334e-06
 ... Iteration #  292	 Two norm = 0.00741225	 Rel. residual = 1.83698e-06
 ... Iteration #  293	 Two norm = 0.00364729	 Rel. residual = 9.03911e-07
 ... Iteration #  294	 Two norm = 0.00101494	 Rel. residual = 2.51534e-07
 ... Iteration #  295	 Two norm = 0.000725728	 Rel. residual = 1.79858e-07
 ... Iteration #  296	 Two norm = 0.00208331	 Rel. residual = 5.16309e-07
 ... Iteration #  297	 Two norm = 0.00410589	 Rel. residual = 1.01757e-06
 ... Iteration #  298	 Two norm = 0.00293487	 Rel. residual = 7.2735e-07
 ... Iteration #  299	 Two norm = 0.0153495	 Rel. residual = 3.80409e-06
 ... Iteration #  300	 Two norm = 0.00549306	 Rel. residual = 1.36135e-06
 ... Iteration #  301	 Two norm = 0.00428742	 Rel. residual = 1.06255e-06
 ... Iteration #  302	 Two norm = 0.00325479	 Rel. residual = 8.06636e-07
 ... Iteration #  303	 Two norm = 0.00106393	 Rel. residual = 2.63674e-07
 ... Iteration #  304	 Two norm = 0.00035763	 Rel. residual = 8.86318e-08
 ... Iteration #  305	 Two norm = 0.000249011	 Rel. residual = 6.17125e-08
 ... Iteration #  306	 Two norm = 0.000619469	 Rel. residual = 1.53524e-07
 ... Iteration #  307	 Two norm = 0.00176823	 Rel. residual = 4.38221e-07
 ... Iteration #  308	 Two norm = 0.00233305	 Rel. residual = 5.78202e-07
 ... Iteration #  309	 Two norm = 6.77297e-05	 Rel. residual = 1.67855e-08
 ... Iteration #  310	 Two norm = 6.89792e-05	 Rel. residual = 1.70952e-08
 ... Iteration #  311	 Two norm = 0.000252101	 Rel. residual = 6.24783e-08
 ... Iteration #  312	 Two norm = 0.00157076	 Rel. residual = 3.89284e-07
 ... Iteration #  313	 Two norm = 0.00172638	 Rel. residual = 4.27849e-07
 ... Iteration #  314	 Two norm = 0.000323322	 Rel. residual = 8.01292e-08
 ... Iteration #  315	 Two norm = 4.12612e-05	 Rel. residual = 1.02258e-08
 ... Iteration #  316	 Two norm = 3.72236e-05	 Rel. residual = 9.22515e-09
 ... Total # Iterations =           316        0.02599 s
 ...     Final Two norm = 3.72236e-05
 ...     Final residual = 1.3856e-09
 ... Postprocessing                 ...
 --------------------------------------

 ---------- PROBLEM PARAMETERS --------
 ... # Nodes              =      60 ...
 ... # Elements           =      28 ...
 ... # Unconstrained dofs =     138 ...
 ... # Constrained dofs   =      18 ...
 ... Total # dofs         =     156 ...
 ... # Loaded dofs        =       2 ...
 ... # Output Files       =       1 ...
 --------------------------------------
 --------------------------------------
 ... Total Time           = 9.61e-02 s
 ... Total Memory Used    = 1.59e-01 Mb
 --------------------------------------
../../bin/aeros dsvm19_bcg_displacy.inp

 --------- R U N  PARAMETERS ----------
 ... Linear Static Analysis         ... 
 ... Dof Based Sparse Matrix        ...
 ... Bi-CG Solver is Selected       ...
Selected Solver does not implement factor() .
 ... Building the Force             ...
 ... Iteration #1	Two norm = 1.6281325e+07	Relative residual = 1.0000000e+00
 ... Iteration #2	Two norm = 4.0824599e+06	Relative residual = 5.0074439e-01
 ... Iteration #3	Two norm = 3.4591792e+05	Relative residual = 1.4576111e-01
 ... Iteration #4	Two norm = 3.8000412e+04	Relative residual = 4.8311362e-02
 ... Iteration #5	Two norm = 2.1631883e+04	Relative residual = 3.6450400e-02
 ... Iteration #6	Two norm = 1.0335792e+05	Relative residual = 7.9675906e-02
 ... Iteration #7	Two norm = 1.1938754e+06	Relative residual = 2.7079125e-01
 ... Iteration #8	Two norm = 1.4698136e+07	Relative residual = 9.5013707e-01
 ... Iteration #9	Two norm = 6.2130239e+07	Relative residual = 1.9534695e+00
 ... Iteration #10	Two norm = 2.3749531e+07	Relative residual = 1.2077656e+00
 ... Iteration #11	Two norm = 8.8083282e+06	Relative residual = 7.3553251e-01
 ... Iteration #12	Two norm = 2.1757962e+06	Relative residual = 3.6556468e-01
 ... Iteration #13	Two norm = 5.4451314e+05	Relative residual = 1.8287709e-01
 ... Iteration #14	Two norm = 1.1202416e+05	Relative residual = 8.2948965e-02
 ... Iteration #15	Two norm = 2.5804690e+04	Relative residual = 3.9811125e-02
 ... Iteration #16	Two norm = 1.9697932e+04	Relative residual = 3.4782873e-02
 ... Iteration #17	Two norm = 1.2830417e+05	Relative residual = 8.8771900e-02
 ... Iteration #18	Two norm = 1.9620163e+06	Relative residual = 3.4714142e-01
 ... Iteration #19	Two norm = 2.8630980e+07	Relative residual = 1.3260907e+00
 ... Iteration #20	Two norm = 3.3361629e+07	Relative residual = 1.4314585e+00
 ... Iteration #21	Two norm = 2.3229097e+06	Relative residual = 3.7772114e-01
 ... Iteration #22	Two norm = 3.3436433e+05	Relative residual = 1.4330624e-01
 ... Iteration #23	Two norm = 3.7896862e+04	Relative residual = 4.8245493e-02
 ... Iteration #24	Two norm = 2.5132051e+04	Relative residual = 3.9288830e-02
 ... Iteration #25	Two norm = 4.8461161e+04	Relative residual = 5.4557195e-02
 ... Iteration #26	Two norm = 1.3370978e+06	Relative residual = 2.8657396e-01
 ... Iteration #27	Two norm = 1.2554069e+07	Relative residual = 8.7810690e-01
 ... Iteration #28	Two norm = 1.3229200e+06	Relative residual = 2.8505058e-01
 ... Iteration #29	Two norm = 4.7522963e+04	Relative residual = 5.4026506e-02
 ... Iteration #30	Two norm = 7.9293752e+04	Relative residual = 6.9787013e-02
 ... Iteration #31	Two norm = 2.5822826e+06	Relative residual = 3.9825113e-01
 ... Iteration #32	Two norm = 6.8246373e+06	Relative residual = 6.4743312e-01
 ... Iteration #33	Two norm = 4.0048207e+06	Relative residual = 4.9596002e-01
 ... Iteration #34	Two norm = 2.1854491e+06	Relative residual = 3.6637470e-01
 ... Iteration #35	Two norm = 4.1979893e+06	Relative residual = 5.0778023e-01
 ... Iteration #36	Two norm = 1.1638658e+05	Relative residual = 8.4548631e-02
 ... Iteration #37	Two norm = 4.1607523e+05	Relative residual = 1.5986046e-01
 ... Iteration #38	Two norm = 2.8145194e+05	Relative residual = 1.3147926e-01
 ... Iteration #39	Two norm = 2.0306556e+05	Relative residual = 1.1167945e-01
 ... Iteration #40	Two norm = 9.0286683e+04	Relative residual = 7.4467535e-02
 ... Iteration #41	Two norm = 1.0193354e+06	Relative residual = 2.5021519e-01
 ... Iteration #42	Two norm = 1.6856183e+06	Relative residual = 3.2176199e-01
 ... Iteration #43	Two norm = 6.1596963e+05	Relative residual = 1.9450679e-01
 ... Iteration #44	Two norm = 6.3655205e+06	Relative residual = 6.2527647e-01
 ... Iteration #45	Two norm = 7.8729615e+05	Relative residual = 2.1989947e-01
 ... Iteration #46	Two norm = 2.3723646e+06	Relative residual = 3.8172082e-01
 ... Iteration #47	Two norm = 5.0137106e+06	Relative residual = 5.5492560e-01
 ... Iteration #48	Two norm = 4.0563949e+06	Relative residual = 4.9914329e-01
 ... Iteration #49	Two norm = 1.6914718e+05	Relative residual = 1.0192659e-01
 ... Iteration #50	Two norm = 9.3650666e+04	Relative residual = 7.5842137e-02
 ... Iteration #51	Two norm = 3.7296973e+04	Relative residual = 4.7862119e-02
 ... Iteration #52	Two norm = 2.0333313e+06	Relative residual = 3.5339402e-01
 ... Iteration #53	Two norm = 7.0965104e+05	Relative residual = 2.0877455e-01
 ... Iteration #54	Two norm = 3.7899899e+05	Relative residual = 1.5257176e-01
 ... Iteration #55	Two norm = 6.5237744e+05	Relative residual = 2.0017258e-01
 ... Iteration #56	Two norm = 1.1446729e+06	Relative residual = 2.6515256e-01
 ... Iteration #57	Two norm = 1.8543451e+05	Relative residual = 1.0672113e-01
 ... Iteration #58	Two norm = 1.5600614e+04	Relative residual = 3.0954655e-02
 ... Iteration #59	Two norm = 2.5377267e+06	Relative residual = 3.9480037e-01
 ... Iteration #60	Two norm = 7.8182369e+06	Relative residual = 6.9296219e-01
 ... Iteration #61	Two norm = 3.1792444e+06	Relative residual = 4.4189296e-01
 ... Iteration #62	Two norm = 1.3081791e+07	Relative residual = 8.9637293e-01
 ... Iteration #63	Two norm = 1.3979839e+05	Relative residual = 9.2662969e-02
 ... Iteration #64	Two norm = 2.3150228e+04	Relative residual = 3.7707936e-02
 ... Iteration #65	Two norm = 6.8002617e+04	Relative residual = 6.4627587e-02
 ... Iteration #66	Two norm = 3.3395128e+05	Relative residual = 1.4321770e-01
 ... Iteration #67	Two norm = 8.7990321e+05	Relative residual = 2.3247303e-01
 ... Iteration #68	Two norm = 2.2423829e+06	Relative residual = 3.7111629e-01
 ... Iteration #69	Two norm = 6.2471251e+07	Relative residual = 1.9588231e+00
 ... Iteration #70	Two norm = 1.1152591e+07	Relative residual = 8.2764293e-01
 ... Iteration #71	Two norm = 6.9653331e+05	Relative residual = 2.0683597e-01
 ... Iteration #72	Two norm = 4.7001808e+04	Relative residual = 5.3729452e-02
 ... Iteration #73	Two norm = 7.6159878e+04	Relative residual = 6.8394038e-02
 ... Iteration #74	Two norm = 1.0608033e+05	Relative residual = 8.0718404e-02
 ... Iteration #75	Two norm = 1.3024819e+05	Relative residual = 8.9441893e-02
 ... Iteration #76	Two norm = 1.1286995e+05	Relative residual = 8.3261513e-02
 ... Iteration #77	Two norm = 3.6522259e+06	Relative residual = 4.7362427e-01
 ... Iteration #78	Two norm = 2.2749925e+07	Relative residual = 1.1820752e+00
 ... Iteration #79	Two norm = 8.9294891e+05	Relative residual = 2.3419005e-01
 ... Iteration #80	Two norm = 9.0944087e+04	Relative residual = 7.4738153e-02
 ... Iteration #81	Two norm = 9.8200115e+03	Relative residual = 2.4559025e-02
 ... Iteration #82	Two norm = 3.7929019e+04	Relative residual = 4.8265958e-02
 ... Iteration #83	Two norm = 1.5558766e+05	Relative residual = 9.7755837e-02
 ... Iteration #84	Two norm = 1.6079342e+06	Relative residual = 3.1426011e-01
 ... Iteration #85	Two norm = 1.5595575e+07	Relative residual = 9.7871404e-01
 ... Iteration #86	Two norm = 9.7030562e+06	Relative residual = 7.7198596e-01
 ... Iteration #87	Two norm = 1.6578911e+05	Relative residual = 1.0090975e-01
 ... Iteration #88	Two norm = 1.4585336e+04	Relative residual = 2.9930457e-02
 ... Iteration #89	Two norm = 2.5430805e+05	Relative residual = 1.2497846e-01
 ... Iteration #90	Two norm = 3.6800401e+05	Relative residual = 1.5034237e-01
 ... Iteration #91	Two norm = 1.5582520e+05	Relative residual = 9.7830434e-02
 ... Iteration #92	Two norm = 5.2165775e+04	Relative residual = 5.6604109e-02
 ... Iteration #93	Two norm = 2.7396328e+04	Relative residual = 4.1020534e-02
 ... Iteration #94	Two norm = 2.7876532e+04	Relative residual = 4.1378477e-02
 ... Iteration #95	Two norm = 9.1858007e+05	Relative residual = 2.3752736e-01
 ... Iteration #96	Two norm = 4.5643163e+06	Relative residual = 5.2947200e-01
 ... Iteration #97	Two norm = 4.2776245e+06	Relative residual = 5.1257386e-01
 ... Iteration #98	Two norm = 3.9446382e+06	Relative residual = 4.9221939e-01
 ... Iteration #99	Two norm = 1.5574844e+07	Relative residual = 9.7806333e-01
 ... Iteration #100	Two norm = 3.3356201e+07	Relative residual = 1.4313420e+00
 ... Iteration #101	Two norm = 8.6284818e+06	Relative residual = 7.2798482e-01
 ... Iteration #102	Two norm = 3.3653838e+05	Relative residual = 1.4377138e-01
 ... Iteration #103	Two norm = 6.8345331e+05	Relative residual = 2.0488471e-01
 ... Iteration #104	Two norm = 1.0152855e+05	Relative residual = 7.8967649e-02
 ... Iteration #105	Two norm = 3.9086908e+04	Relative residual = 4.8997146e-02
 ... Iteration #106	Two norm = 1.3403419e+05	Relative residual = 9.0732511e-02
 ... Iteration #107	Two norm = 8.1233674e+04	Relative residual = 7.0635524e-02
 ... Iteration #108	Two norm = 3.5444187e+06	Relative residual = 4.6658163e-01
 ... Iteration #109	Two norm = 1.5085320e+06	Relative residual = 3.0439141e-01
 ... Iteration #110	Two norm = 5.3557256e+05	Relative residual = 1.8136951e-01
 ... Iteration #111	Two norm = 1.4118133e+06	Relative residual = 2.9447184e-01
 ... Iteration #112	Two norm = 1.0581989e+06	Relative residual = 2.5494047e-01
 ... Iteration #113	Two norm = 3.1985316e+05	Relative residual = 1.4016205e-01
 ... Iteration #114	Two norm = 2.1686576e+04	Relative residual = 3.6496450e-02
 ... Iteration #115	Two norm = 1.1227560e+06	Relative residual = 2.6260188e-01
 ... Iteration #116	Two norm = 2.0881641e+06	Relative residual = 3.5812731e-01
 ... Iteration #117	Two norm = 2.7342865e+06	Relative residual = 4.0980489e-01
 ... Iteration #118	Two norm = 3.1942418e+05	Relative residual = 1.4006803e-01
 ... Iteration #119	Two norm = 1.4966795e+05	Relative residual = 9.5878127e-02
 ... Iteration #120	Two norm = 5.1191482e+04	Relative residual = 5.6073024e-02
 ... Iteration #121	Two norm = 3.4784448e+04	Relative residual = 4.6221889e-02
 ... Iteration #122	Two norm = 1.5294140e+05	Relative residual = 9.6920949e-02
 ... Iteration #123	Two norm = 6.4320756e+05	Relative residual = 1.9876078e-01
 ... Iteration #124	Two norm = 1.1859678e+06	Relative residual = 2.6989297e-01
 ... Iteration #125	Two norm = 5.5390398e+06	Relative residual = 5.8327367e-01
 ... Iteration #126	Two norm = 1.5788047e+07	Relative residual = 9.8473489e-01
 ... Iteration #127	Two norm = 5.7774144e+06	Relative residual = 5.9569216e-01
 ... Iteration #128	Two norm = 1.9671929e+07	Relative residual = 1.0992048e+00
 ... Iteration #129	Two norm = 2.0131474e+06	Relative residual = 3.5163566e-01
 ... Iteration #130	Two norm = 7.0979740e+06	Relative residual = 6.6027116e-01
 ... Iteration #131	Two norm = 2.2220218e+07	Relative residual = 1.1682325e+00
 ... Iteration #132	Two norm = 1.7382029e+06	Relative residual = 3.2674230e-01
 ... Iteration #133	Two norm = 5.2337200e+05	Relative residual = 1.7929178e-01
 ... Iteration #134	Two norm = 1.4720123e+05	Relative residual = 9.5084745e-02
 ... Iteration #135	Two norm = 6.8947877e+03	Relative residual = 2.0578588e-02
 ... Iteration #136	Two norm = 3.7017151e+03	Relative residual = 1.5078447e-02
 ... Iteration #137	Two norm = 4.1325561e+04	Relative residual = 5.0380736e-02
 ... Iteration #138	Two norm = 4.0036044e+05	Relative residual = 1.5681251e-01
 ... Iteration #139	Two norm = 3.1593198e+05	Relative residual = 1.3930026e-01
 ... Iteration #140	Two norm = 1.2932283e+05	Relative residual = 8.9123600e-02
 ... Iteration #141	Two norm = 2.5082345e+05	Relative residual = 1.2411926e-01
 ... Iteration #142	Two norm = 1.6054544e+04	Relative residual = 3.1401769e-02
 ... Iteration #143	Two norm = 7.8551569e+03	Relative residual = 2.1965068e-02
 ... Iteration #144	Two norm = 1.3102654e+04	Relative residual = 2.8368395e-02
 ... Iteration #145	Two norm = 5.0309377e+06	Relative residual = 5.5587814e-01
 ... Iteration #146	Two norm = 1.2339873e+07	Relative residual = 8.7058359e-01
 ... Iteration #147	Two norm = 9.3329252e+07	Relative residual = 2.3942198e+00
 ... Iteration #148	Two norm = 8.1458396e+06	Relative residual = 7.0733159e-01
 ... Iteration #149	Two norm = 2.3268862e+05	Relative residual = 1.1954810e-01
 ... Iteration #150	Two norm = 1.1111826e+04	Relative residual = 2.6124491e-02
 ... Iteration #151	Two norm = 2.1685084e+04	Relative residual = 3.6495194e-02
 ... Iteration #152	Two norm = 3.9626177e+04	Relative residual = 4.9333987e-02
 ... Iteration #153	Two norm = 1.2940581e+06	Relative residual = 2.8192398e-01
 ... Iteration #154	Two norm = 5.1401979e+05	Relative residual = 1.7768266e-01
 ... Iteration #155	Two norm = 2.1264973e+04	Relative residual = 3.6139950e-02
 ... Iteration #156	Two norm = 6.8126665e+02	Relative residual = 6.4686506e-03
 ... Iteration #157	Two norm = 5.8580382e+04	Relative residual = 5.9983421e-02
 ... Iteration #158	Two norm = 4.1358956e+05	Relative residual = 1.5938223e-01
 ... Iteration #159	Two norm = 1.3192569e+06	Relative residual = 2.8465566e-01
 ... Iteration #160	Two norm = 1.5004326e+06	Relative residual = 3.0357316e-01
 ... Iteration #161	Two norm = 3.0662856e+07	Relative residual = 1.3723391e+00
 ... Iteration #162	Two norm = 5.2755229e+07	Relative residual = 1.8000637e+00
 ... Iteration #163	Two norm = 1.9317693e+07	Relative residual = 1.0892630e+00
 ... Iteration #164	Two norm = 1.6063410e+08	Relative residual = 3.1410439e+00
 ... Iteration #165	Two norm = 1.2868595e+07	Relative residual = 8.8903874e-01
 ... Iteration #166	Two norm = 1.7941462e+07	Relative residual = 1.0497456e+00
 ... Iteration #167	Two norm = 1.4955007e+07	Relative residual = 9.5840362e-01
 ... Iteration #168	Two norm = 9.0294009e+05	Relative residual = 2.3549658e-01
 ... Iteration #169	Two norm = 3.2765262e+06	Relative residual = 4.4860277e-01
 ... Iteration #170	Two norm = 6.5036513e+06	Relative residual = 6.3202427e-01
 ... Iteration #171	Two norm = 9.3942909e+05	Relative residual = 2.4020781e-01
 ... Iteration #172	Two norm = 1.7758459e+06	Relative residual = 3.3026136e-01
 ... Iteration #173	Two norm = 2.7231716e+06	Relative residual = 4.0897111e-01
 ... Iteration #174	Two norm = 1.8256116e+06	Relative residual = 3.3485695e-01
 ... Iteration #175	Two norm = 6.7925527e+06	Relative residual = 6.4590945e-01
 ... Iteration #176	Two norm = 4.2957682e+07	Relative residual = 1.6243348e+00
 ... Iteration #177	Two norm = 2.8793018e+08	Relative residual = 4.2053168e+00
 ... Iteration #178	Two norm = 3.7879897e+08	Relative residual = 4.8234693e+00
 ... Iteration #179	Two norm = 2.1279551e+07	Relative residual = 1.1432372e+00
 ... Iteration #180	Two norm = 8.2991077e+06	Relative residual = 7.1395498e-01
 ... Iteration #181	Two norm = 3.2347132e+05	Relative residual = 1.4095258e-01
 ... Iteration #182	Two norm = 3.6221546e+04	Relative residual = 4.7167039e-02
 ... Iteration #183	Two norm = 8.4293792e+03	Relative residual = 2.2753747e-02
 ... Iteration #184	Two norm = 7.7581144e+03	Relative residual = 2.1828969e-02
 ... Iteration #185	Two norm = 3.2173615e+03	Relative residual = 1.4057402e-02
 ... Iteration #186	Two norm = 1.3971574e+03	Relative residual = 9.2635574e-03
 ... Iteration #187	Two norm = 2.2110737e+05	Relative residual = 1.1653509e-01
 ... Iteration #188	Two norm = 4.1737474e+05	Relative residual = 1.6010991e-01
 ... Iteration #189	Two norm = 9.7248391e+04	Relative residual = 7.7285201e-02
 ... Iteration #190	Two norm = 1.3452707e+04	Relative residual = 2.8744844e-02
 ... Iteration #191	Two norm = 7.9430751e+04	Relative residual = 6.9847274e-02
 ... Iteration #192	Two norm = 6.1504304e+04	Relative residual = 6.1462169e-02
 ... Iteration #193	Two norm = 4.6255849e+03	Relative residual = 1.6855376e-02
 ... Iteration #194	Two norm = 1.9122859e+03	Relative residual = 1.0837561e-02
 ... Iteration #195	Two norm = 3.7576304e+03	Relative residual = 1.5191902e-02
 ... Iteration #196	Two norm = 1.7446619e+05	Relative residual = 1.0351678e-01
 ... Iteration #197	Two norm = 1.5587862e+05	Relative residual = 9.7847200e-02
 ... Iteration #198	Two norm = 7.0517643e+04	Relative residual = 6.5811838e-02
 ... Iteration #199	Two norm = 7.7125328e+02	Relative residual = 6.8826176e-03
 ... Iteration #200	Two norm = 6.9073636e+02	Relative residual = 6.5134531e-03
 ... Iteration #201	Two norm = 5.3698833e+03	Relative residual = 1.8160908e-02
 ... Iteration #202	Two norm = 7.6460614e+04	Relative residual = 6.8528940e-02
 ... Iteration #203	Two norm = 2.1329621e+04	Relative residual = 3.6194843e-02
 ... Iteration #204	Two norm = 1.5639355e+05	Relative residual = 9.8008683e-02
 ... Iteration #205	Two norm = 7.5535254e+05	Relative residual = 2.1539220e-01
 ... Iteration #206	Two norm = 8.9013953e+06	Relative residual = 7.3940804e-01
 ... Iteration #207	Two norm = 1.5469906e+07	Relative residual = 9.7476285e-01
 ... Iteration #208	Two norm = 5.5198016e+04	Relative residual = 5.8225987e-02
 ... Iteration #209	Two norm = 1.3621508e+04	Relative residual = 2.8924624e-02
 ... Iteration #210	Two norm = 1.6548422e+04	Relative residual = 3.1881109e-02
 ... Iteration #211	Two norm = 1.5920568e+05	Relative residual = 9.8885908e-02
 ... Iteration #212	Two norm = 9.9897435e+05	Relative residual = 2.4770359e-01
 ... Iteration #213	Two norm = 6.1134867e+06	Relative residual = 6.1277299e-01
 ... Iteration #214	Two norm = 1.9477267e+07	Relative residual = 1.0937527e+00
 ... Iteration #215	Two norm = 6.8788954e+07	Relative residual = 2.0554858e+00
 ... Iteration #216	Two norm = 4.7667579e+06	Relative residual = 5.4108647e-01
 ... Iteration #217	Two norm = 1.0030592e+06	Relative residual = 2.4820950e-01
 ... Iteration #218	Two norm = 8.8470823e+07	Relative residual = 2.3310692e+00
 ... Iteration #219	Two norm = 1.5932264e+08	Relative residual = 3.1281954e+00
 ... Iteration #220	Two norm = 1.1299505e+08	Relative residual = 2.6344189e+00
 ... Iteration #221	Two norm = 5.6888859e+08	Relative residual = 5.9111059e+00
 ... Iteration #222	Two norm = 2.1399636e+08	Relative residual = 3.6254200e+00
 ... Iteration #223	Two norm = 8.3319259e+07	Relative residual = 2.2621835e+00
 ... Iteration #224	Two norm = 2.2965628e+08	Relative residual = 3.7557293e+00
 ... Iteration #225	Two norm = 4.6551625e+07	Relative residual = 1.6909180e+00
 ... Iteration #226	Two norm = 2.0598925e+07	Relative residual = 1.1248054e+00
 ... Iteration #227	Two norm = 7.2549994e+06	Relative residual = 6.6753466e-01
 ... Iteration #228	Two norm = 1.2788496e+06	Relative residual = 2.8026242e-01
 ... Iteration #229	Two norm = 1.5195797e+06	Relative residual = 3.0550398e-01
 ... Iteration #230	Two norm = 5.5359545e+05	Relative residual = 1.8439595e-01
 ... Iteration #231	Two norm = 3.7379081e+05	Relative residual = 1.5151982e-01
 ... Iteration #232	Two norm = 5.0857217e+05	Relative residual = 1.7673861e-01
 ... Iteration #233	Two norm = 7.1596757e+04	Relative residual = 6.6313478e-02
 ... Iteration #234	Two norm = 1.7554545e+04	Relative residual = 3.2835975e-02
 ... Iteration #235	Two norm = 1.0627984e+04	Relative residual = 2.5549393e-02
 ... Iteration #236	Two norm = 8.8052515e+02	Relative residual = 7.3540404e-03
 ... Iteration #237	Two norm = 1.4542057e+01	Relative residual = 9.4507885e-04
 ... Iteration #238	Two norm = 1.8721233e+01	Relative residual = 1.0723149e-03
 ... Iteration #239	Two norm = 9.7081402e+01	Relative residual = 2.4418734e-03
 ... Iteration #240	Two norm = 1.7306204e+02	Relative residual = 3.2602886e-03
 ... Iteration #241	Two norm = 2.8733963e+02	Relative residual = 4.2010020e-03
 ... Iteration #242	Two norm = 5.2793549e+00	Relative residual = 5.6943683e-04
 ... Iteration #243	Two norm = 2.1371249e+00	Relative residual = 3.6230145e-04
 ... Iteration #244	Two norm = 8.0792714e+00	Relative residual = 7.0443549e-04
 ... Iteration #245	Two norm = 3.0690739e+01	Relative residual = 1.3729629e-03
 ... Iteration #246	Two norm = 1.3758749e+03	Relative residual = 9.1927321e-03
 ... Iteration #247	Two norm = 2.8655398e+04	Relative residual = 4.1952549e-02
 ... Iteration #248	Two norm = 5.8746466e+04	Relative residual = 6.0068391e-02
 ... Iteration #249	Two norm = 9.4446834e+02	Relative residual = 7.6163839e-03
 ... Iteration #250	Two norm = 1.7317902e+02	Relative residual = 3.2613902e-03
 ... Iteration #251	Two norm = 1.5203622e+02	Relative residual = 3.0558263e-03
 ... Iteration #252	Two norm = 4.9462643e+01	Relative residual = 1.7429856e-03
 ... Iteration #253	Two norm = 3.7731845e+03	Relative residual = 1.5223312e-02
 ... Iteration #254	Two norm = 2.1225016e+02	Relative residual = 3.6105981e-03
 ... Iteration #255	Two norm = 2.5775289e+02	Relative residual = 3.9788439e-03
 ... Iteration #256	Two norm = 1.3880428e+03	Relative residual = 9.2332916e-03
 ... Iteration #257	Two norm = 7.0256375e+03	Relative residual = 2.0772941e-02
 ... Iteration #258	Two norm = 8.5494084e+02	Relative residual = 7.2464143e-03
 ... Iteration #259	Two norm = 7.2106790e+00	Relative residual = 6.6549257e-04
 ... Iteration #260	Two norm = 1.4290842e+00	Relative residual = 2.9626752e-04
 ... Iteration #261	Two norm = 3.0260400e-01	Relative residual = 1.3633032e-04
 ... Iteration #262	Two norm = 3.5527976e-01	Relative residual = 1.4772036e-04
 ... Iteration #263	Two norm = 1.1540356e-01	Relative residual = 8.4190819e-05
 ... Iteration #264	Two norm = 6.7694011e-02	Relative residual = 6.4480775e-05
 ... Iteration #265	Two norm = 3.1372391e-01	Relative residual = 1.3881262e-04
 ... Iteration #266	Two norm = 1.0416910e+00	Relative residual = 2.5294412e-04
 ... Iteration #267	Two norm = 7.3496522e+00	Relative residual = 6.7187506e-04
 ... Iteration #268	Two norm = 2.9852336e+00	Relative residual = 4.2819766e-04
 ... Iteration #269	Two norm = 1.5892464e+00	Relative residual = 3.1242857e-04
 ... Iteration #270	Two norm = 8.9901371e-03	Relative residual = 2.3498400e-05
 ... Iteration #271	Two norm = 2.0712681e-03	Relative residual = 1.1279070e-05
 ... Iteration #272	Two norm = 3.4840664e-03	Relative residual = 1.4628451e-05
 ... Iteration #273	Two norm = 1.1640302e-02	Relative residual = 2.6738513e-05
 ... Iteration #274	Two norm = 4.6931601e-02	Relative residual = 5.3689309e-05
 ... Iteration #275	Two norm = 3.9462738e-01	Relative residual = 1.5568570e-04
 ... Iteration #276	Two norm = 4.8129141e-02	Relative residual = 5.4369981e-05
 ... Iteration #277	Two norm = 3.1432194e-03	Relative residual = 1.3894486e-05
 ... Iteration #278	Two norm = 4.1236126e-03	Relative residual = 1.5914539e-05
 ... Iteration #279	Two norm = 1.8584199e-03	Relative residual = 1.0683832e-05
 ... Iteration #280	Two norm = 4.0920502e-04	Relative residual = 5.0133220e-06
 ... Iteration #281	Two norm = 5.0432992e-04	Relative residual = 5.5656065e-06
 ... Iteration #282	Two norm = 4.7176400e-05	Relative residual = 1.7022272e-06
 ... Iteration #283	Two norm = 6.6387330e-05	Relative residual = 2.0192855e-06
 ... Iteration #284	Two norm = 1.6370602e-04	Relative residual = 3.1709359e-06
 ... Iteration #285	Two norm = 4.3683712e-04	Relative residual = 5.1798227e-06
 ... Iteration #286	Two norm = 1.9964438e-03	Relative residual = 1.1073468e-05
 ... Iteration #287	Two norm = 9.5363204e-04	Relative residual = 7.6532437e-06
 ... Iteration #288	Two norm = 4.3430340e-04	Relative residual = 5.1647790e-06
 ... Iteration #289	Two norm = 1.3651136e-04	Relative residual = 2.8956063e-06
 ... Iteration #290	Two norm = 3.8285914e-05	Relative residual = 1.5334677e-06
 ... Iteration #291	Two norm = 4.3959374e-05	Relative residual = 1.6431639e-06
 ... Iteration #292	Two norm = 6.5997217e-05	Relative residual = 2.0133438e-06
 ... Iteration #293	Two norm = 5.4941461e-05	Relative residual = 1.8369834e-06
 ... Iteration #294	Two norm = 1.3302733e-05	Relative residual = 9.0391077e-07
 ... Iteration #295	Two norm = 1.0301074e-06	Relative residual = 2.5153381e-07
 ... Iteration #296	Two norm = 5.2668073e-07	Relative residual = 1.7985762e-07
 ... Iteration #297	Two norm = 4.3401907e-06	Relative residual = 5.1630881e-07
 ... Iteration #298	Two norm = 1.6858314e-05	Relative residual = 1.0175651e-06
 ... Iteration #299	Two norm = 8.6134489e-06	Relative residual = 7.2735037e-07
 ... Iteration #300	Two norm = 2.3560849e-04	Relative residual = 3.8040883e-06
 ... Iteration #301	Two norm = 3.0173745e-05	Relative residual = 1.3613498e-06
 ... Iteration #302	Two norm = 1.8381947e-05	Relative residual = 1.0625537e-06
 ... Iteration #303	Two norm = 1.0593628e-05	Relative residual = 8.0663579e-07
 ... Iteration #304	Two norm = 1.1319396e-06	Relative residual = 2.6367367e-07
 ... Iteration #305	Two norm = 1.2789943e-07	Relative residual = 8.8631773e-08
 ... Iteration #306	Two norm = 6.2006248e-08	Relative residual = 6.1712459e-08
 ... Iteration #307	Two norm = 3.8374228e-07	Relative residual = 1.5352353e-07
 ... Iteration #308	Two norm = 3.1266307e-06	Relative residual = 4.3822124e-07
 ... Iteration #309	Two norm = 5.4431254e-06	Relative residual = 5.7820161e-07
 ... Iteration #310	Two norm = 4.5873131e-09	Relative residual = 1.6785501e-08
 ... Iteration #311	Two norm = 4.7581300e-09	Relative residual = 1.7095164e-08
 ... Iteration #312	Two norm = 6.3554780e-08	Relative residual = 6.2478305e-08
 ... Iteration #313	Two norm = 2.4673003e-06	Relative residual = 3.8928362e-07
 ... Iteration #314	Two norm = 2.9803763e-06	Relative residual = 4.2784915e-07
 ... Iteration #315	Two norm = 1.0453719e-07	Relative residual = 8.0129151e-08
 ... Iteration #316	Two norm = 1.7024905e-09	Relative residual = 1.0225804e-08
 ... Postprocessing                 ...
 --------------------------------------

 ---------- PROBLEM PARAMETERS --------
 ... # Nodes              =      60 ...
 ... # Elements           =      28 ...
 ... # Unconstrained dofs =     138 ...
 ... # Constrained dofs   =      18 ...
 ... Total # dofs         =     156 ...
 ... # Loaded dofs        =       2 ...
 ... # Output Files       =       1 ...
 --------------------------------------
 --------------------------------------
 ... Total Time           = 7.28e-02 s
 ... Total Memory Used    = 1.60e-01 Mb
 --------------------------------------
../../bin/aeros dsvm19_cr_displacy.inp

 --------- R U N  PARAMETERS ----------
 ... Linear Static Analysis         ... 
 ... Dof Based Sparse Matrix        ...
 ... CR Solver is Selected          ...
Selected Solver does not implement factor() .
 ... Building the Force             ...
 ... Iteration #1	Two norm = 3.2640227e+06	  Rel. residual  4.4774600e-01 
 ... Iteration #2	Two norm = 3.1277078e+05	  Rel. residual  1.3860159e-01 
 ... Iteration #3	Two norm = 3.3883679e+04	  Rel. residual  4.5619488e-02 
 ... Iteration #4	Two norm = 1.3202925e+04	  Rel. residual  2.8476736e-02 
 ... Iteration #5	Two norm = 1.1707421e+04	  Rel. residual  2.6815490e-02 
 ... Iteration #6	Two norm = 1.1593730e+04	  Rel. residual  2.6684970e-02 
 ... Iteration #7	Two norm = 1.1584592e+04	  Rel. residual  2.6674452e-02 
 ... Iteration #8	Two norm = 1.1582432e+04	  Rel. residual  2.6671965e-02 
 ... Iteration #9	Two norm = 1.1576787e+04	  Rel. residual  2.6665464e-02 
 ... Iteration #10	Two norm = 1.1561591e+04	  Rel. residual  2.6647958e-02 
 ... Iteration #11	Two norm = 1.1500481e+04	  Rel. residual  2.6577439e-02 
 ... Iteration #12	Two norm = 1.1262607e+04	  Rel. residual  2.6301141e-02 
 ... Iteration #13	Two norm = 1.0233735e+04	  Rel. residual  2.5071032e-02 
 ... Iteration #14	Two norm = 7.3276886e+03	  Rel. residual  2.1214785e-02 
 ... Iteration #15	Two norm = 5.3408695e+03	  Rel. residual  1.8111779e-02 
 ... Iteration #16	Two norm = 5.1274318e+03	  Rel. residual  1.7746188e-02 
 ... Iteration #17	Two norm = 5.1140670e+03	  Rel. residual  1.7723045e-02 
 ... Iteration #18	Two norm = 5.1131537e+03	  Rel. residual  1.7721462e-02 
 ... Iteration #19	Two norm = 5.1123701e+03	  Rel. residual  1.7720104e-02 
 ... Iteration #20	Two norm = 5.1011433e+03	  Rel. residual  1.7700637e-02 
 ... Iteration #21	Two norm = 5.0244885e+03	  Rel. residual  1.7567140e-02 
 ... Iteration #22	Two norm = 4.4363084e+03	  Rel. residual  1.6506918e-02 
 ... Iteration #23	Two norm = 3.7707039e+03	  Rel. residual  1.5218307e-02 
 ... Iteration #24	Two norm = 3.4984906e+03	  Rel. residual  1.4658701e-02 
 ... Iteration #25	Two norm = 3.4893608e+03	  Rel. residual  1.4639561e-02 
 ... Iteration #26	Two norm = 3.4883912e+03	  Rel. residual  1.4637527e-02 
 ... Iteration #27	Two norm = 3.4792169e+03	  Rel. residual  1.4618267e-02 
 ... Iteration #28	Two norm = 3.2418751e+03	  Rel. residual  1.4110853e-02 
 ... Iteration #29	Two norm = 3.1145391e+03	  Rel. residual  1.3830950e-02 
 ... Iteration #30	Two norm = 3.1107871e+03	  Rel. residual  1.3822617e-02 
 ... Iteration #31	Two norm = 3.1093698e+03	  Rel. residual  1.3819468e-02 
 ... Iteration #32	Two norm = 3.1069575e+03	  Rel. residual  1.3814106e-02 
 ... Iteration #33	Two norm = 3.1025468e+03	  Rel. residual  1.3804297e-02 
 ... Iteration #34	Two norm = 3.1002556e+03	  Rel. residual  1.3799199e-02 
 ... Iteration #35	Two norm = 3.0229236e+03	  Rel. residual  1.3626010e-02 
 ... Iteration #36	Two norm = 3.0117794e+03	  Rel. residual  1.3600871e-02 
 ... Iteration #37	Two norm = 2.9677433e+03	  Rel. residual  1.3501073e-02 
 ... Iteration #38	Two norm = 2.9238335e+03	  Rel. residual  1.3400822e-02 
 ... Iteration #39	Two norm = 2.8321076e+03	  Rel. residual  1.3188943e-02 
 ... Iteration #40	Two norm = 2.8258693e+03	  Rel. residual  1.3174410e-02 
 ... Iteration #41	Two norm = 2.8206333e+03	  Rel. residual  1.3162199e-02 
 ... Iteration #42	Two norm = 2.8066198e+03	  Rel. residual  1.3129462e-02 
 ... Iteration #43	Two norm = 2.8053806e+03	  Rel. residual  1.3126563e-02 
 ... Iteration #44	Two norm = 2.7941472e+03	  Rel. residual  1.3100255e-02 
 ... Iteration #45	Two norm = 2.7919662e+03	  Rel. residual  1.3095142e-02 
 ... Iteration #46	Two norm = 2.7904699e+03	  Rel. residual  1.3091632e-02 
 ... Iteration #47	Two norm = 2.7884599e+03	  Rel. residual  1.3086916e-02 
 ... Iteration #48	Two norm = 2.7316237e+03	  Rel. residual  1.2952857e-02 
 ... Iteration #49	Two norm = 2.5059333e+03	  Rel. residual  1.2406232e-02 
 ... Iteration #50	Two norm = 2.4875066e+03	  Rel. residual  1.2360535e-02 
 ... Iteration #51	Two norm = 2.4845423e+03	  Rel. residual  1.2353167e-02 
 ... Iteration #52	Two norm = 2.4798509e+03	  Rel. residual  1.2341499e-02 
 ... Iteration #53	Two norm = 2.4600153e+03	  Rel. residual  1.2292042e-02 
 ... Iteration #54	Two norm = 2.4506380e+03	  Rel. residual  1.2268592e-02 
 ... Iteration #55	Two norm = 2.4498362e+03	  Rel. residual  1.2266584e-02 
 ... Iteration #56	Two norm = 2.4232694e+03	  Rel. residual  1.2199892e-02 
 ... Iteration #57	Two norm = 2.0894423e+03	  Rel. residual  1.1328445e-02 
 ... Iteration #58	Two norm = 2.0881903e+03	  Rel. residual  1.1325051e-02 
 ... Iteration #59	Two norm = 2.0878171e+03	  Rel. residual  1.1324039e-02 
 ... Iteration #60	Two norm = 2.0868649e+03	  Rel. residual  1.1321456e-02 
 ... Iteration #61	Two norm = 2.0838362e+03	  Rel. residual  1.1313238e-02 
 ... Iteration #62	Two norm = 2.0040724e+03	  Rel. residual  1.1094605e-02 
 ... Iteration #63	Two norm = 1.8446615e+03	  Rel. residual  1.0644211e-02 
 ... Iteration #64	Two norm = 1.8312233e+03	  Rel. residual  1.0605369e-02 
 ... Iteration #65	Two norm = 1.8236969e+03	  Rel. residual  1.0583552e-02 
 ... Iteration #66	Two norm = 1.8226353e+03	  Rel. residual  1.0580471e-02 
 ... Iteration #67	Two norm = 1.8221320e+03	  Rel. residual  1.0579010e-02 
 ... Iteration #68	Two norm = 1.8215295e+03	  Rel. residual  1.0577261e-02 
 ... Iteration #69	Two norm = 1.8213802e+03	  Rel. residual  1.0576828e-02 
 ... Iteration #70	Two norm = 1.8194567e+03	  Rel. residual  1.0571241e-02 
 ... Iteration #71	Two norm = 1.8124139e+03	  Rel. residual  1.0550762e-02 
 ... Iteration #72	Two norm = 1.8015712e+03	  Rel. residual  1.0519155e-02 
 ... Iteration #73	Two norm = 1.6898834e+03	  Rel. residual  1.0187873e-02 
 ... Iteration #74	Two norm = 1.6539754e+03	  Rel. residual  1.0079051e-02 
 ... Iteration #75	Two norm = 1.6386271e+03	  Rel. residual  1.0032177e-02 
 ... Iteration #76	Two norm = 1.6364439e+03	  Rel. residual  1.0025492e-02 
 ... Iteration #77	Two norm = 1.6361219e+03	  Rel. residual  1.0024505e-02 
 ... Iteration #78	Two norm = 1.6344127e+03	  Rel. residual  1.0019268e-02 
 ... Iteration #79	Two norm = 1.5842438e+03	  Rel. residual  9.8642968e-03 
 ... Iteration #80	Two norm = 1.5198437e+03	  Rel. residual  9.6617231e-03 
 ... Iteration #81	Two norm = 1.3451044e+03	  Rel. residual  9.0893562e-03 
 ... Iteration #82	Two norm = 1.3187718e+03	  Rel. residual  8.9999469e-03 
 ... Iteration #83	Two norm = 1.3183719e+03	  Rel. residual  8.9985823e-03 
 ... Iteration #84	Two norm = 1.3182073e+03	  Rel. residual  8.9980207e-03 
 ... Iteration #85	Two norm = 1.3179020e+03	  Rel. residual  8.9969785e-03 
 ... Iteration #86	Two norm = 1.3068988e+03	  Rel. residual  8.9593419e-03 
 ... Iteration #87	Two norm = 1.1997989e+03	  Rel. residual  8.5843883e-03 
 ... Iteration #88	Two norm = 1.1944123e+03	  Rel. residual  8.5650964e-03 
 ... Iteration #89	Two norm = 1.1942872e+03	  Rel. residual  8.5646479e-03 
 ... Iteration #90	Two norm = 1.1938913e+03	  Rel. residual  8.5632282e-03 
 ... Iteration #91	Two norm = 1.1879631e+03	  Rel. residual  8.5419418e-03 
 ... Iteration #92	Two norm = 1.1769661e+03	  Rel. residual  8.5023133e-03 
 ... Iteration #93	Two norm = 1.0811997e+03	  Rel. residual  8.1490706e-03 
 ... Iteration #94	Two norm = 1.0662915e+03	  Rel. residual  8.0926938e-03 
 ... Iteration #95	Two norm = 1.0648323e+03	  Rel. residual  8.0871545e-03 
 ... Iteration #96	Two norm = 1.0646826e+03	  Rel. residual  8.0865859e-03 
 ... Iteration #97	Two norm = 1.0642021e+03	  Rel. residual  8.0847609e-03 
 ... Iteration #98	Two norm = 1.0640373e+03	  Rel. residual  8.0841349e-03 
 ... Iteration #99	Two norm = 1.0639523e+03	  Rel. residual  8.0838121e-03 
 ... Iteration #100	Two norm = 1.0630447e+03	  Rel. residual  8.0803634e-03 
 ... Iteration #101	Two norm = 1.0624068e+03	  Rel. residual  8.0779384e-03 
 ... Iteration #102	Two norm = 1.0619856e+03	  Rel. residual  8.0763372e-03 
 ... Iteration #103	Two norm = 1.0572307e+03	  Rel. residual  8.0582363e-03 
 ... Iteration #104	Two norm = 1.0375283e+03	  Rel. residual  7.9827973e-03 
 ... Iteration #105	Two norm = 1.0299150e+03	  Rel. residual  7.9534549e-03 
 ... Iteration #106	Two norm = 1.0137729e+03	  Rel. residual  7.8908805e-03 
 ... Iteration #107	Two norm = 1.0086891e+03	  Rel. residual  7.8710702e-03 
 ... Iteration #108	Two norm = 1.0071715e+03	  Rel. residual  7.8651468e-03 
 ... Iteration #109	Two norm = 1.0011532e+03	  Rel. residual  7.8416128e-03 
 ... Iteration #110	Two norm = 9.9702071e+02	  Rel. residual  7.8254121e-03 
 ... Iteration #111	Two norm = 9.9680468e+02	  Rel. residual  7.8245642e-03 
 ... Iteration #112	Two norm = 9.9540659e+02	  Rel. residual  7.8190751e-03 
 ... Iteration #113	Two norm = 9.5725106e+02	  Rel. residual  7.6677520e-03 
 ... Iteration #114	Two norm = 9.4955065e+02	  Rel. residual  7.6368488e-03 
 ... Iteration #115	Two norm = 9.4810898e+02	  Rel. residual  7.6310493e-03 
 ... Iteration #116	Two norm = 9.4801515e+02	  Rel. residual  7.6306716e-03 
 ... Iteration #117	Two norm = 9.4747072e+02	  Rel. residual  7.6284802e-03 
 ... Iteration #118	Two norm = 9.2131866e+02	  Rel. residual  7.5224630e-03 
 ... Iteration #119	Two norm = 8.9861537e+02	  Rel. residual  7.4292000e-03 
 ... Iteration #120	Two norm = 8.9537268e+02	  Rel. residual  7.4157836e-03 
 ... Iteration #121	Two norm = 8.9158615e+02	  Rel. residual  7.4000863e-03 
 ... Iteration #122	Two norm = 8.9105676e+02	  Rel. residual  7.3978890e-03 
 ... Iteration #123	Two norm = 8.9094652e+02	  Rel. residual  7.3974314e-03 
 ... Iteration #124	Two norm = 8.9089341e+02	  Rel. residual  7.3972109e-03 
 ... Iteration #125	Two norm = 8.9087395e+02	  Rel. residual  7.3971301e-03 
 ... Iteration #126	Two norm = 8.9069610e+02	  Rel. residual  7.3963917e-03 
 ... Iteration #127	Two norm = 8.9040987e+02	  Rel. residual  7.3952032e-03 
 ... Iteration #128	Two norm = 8.9033727e+02	  Rel. residual  7.3949017e-03 
 ... Iteration #129	Two norm = 8.9023549e+02	  Rel. residual  7.3944790e-03 
 ... Iteration #130	Two norm = 8.9019954e+02	  Rel. residual  7.3943297e-03 
 ... Iteration #131	Two norm = 8.9016851e+02	  Rel. residual  7.3942008e-03 
 ... Iteration #132	Two norm = 8.8983052e+02	  Rel. residual  7.3927969e-03 
 ... Iteration #133	Two norm = 8.0811955e+02	  Rel. residual  7.0451936e-03 
 ... Iteration #134	Two norm = 7.3065129e+02	  Rel. residual  6.6990035e-03 
 ... Iteration #135	Two norm = 6.7939022e+02	  Rel. residual  6.4597361e-03 
 ... Iteration #136	Two norm = 6.6008683e+02	  Rel. residual  6.3673051e-03 
 ... Iteration #137	Two norm = 6.3525347e+02	  Rel. residual  6.2463836e-03 
 ... Iteration #138	Two norm = 6.3415283e+02	  Rel. residual  6.2409700e-03 
 ... Iteration #139	Two norm = 6.3339142e+02	  Rel. residual  6.2372222e-03 
 ... Iteration #140	Two norm = 6.3303231e+02	  Rel. residual  6.2354538e-03 
 ... Iteration #141	Two norm = 6.3109628e+02	  Rel. residual  6.2259114e-03 
 ... Iteration #142	Two norm = 5.4251459e+02	  Rel. residual  5.7724587e-03 
 ... Iteration #143	Two norm = 5.3951124e+02	  Rel. residual  5.7564585e-03 
 ... Iteration #144	Two norm = 5.3912810e+02	  Rel. residual  5.7544141e-03 
 ... Iteration #145	Two norm = 5.3895463e+02	  Rel. residual  5.7534883e-03 
 ... Iteration #146	Two norm = 5.3895245e+02	  Rel. residual  5.7534766e-03 
 ... Iteration #147	Two norm = 5.3889248e+02	  Rel. residual  5.7531565e-03 
 ... Iteration #148	Two norm = 5.3776626e+02	  Rel. residual  5.7471417e-03 
 ... Iteration #149	Two norm = 5.3317871e+02	  Rel. residual  5.7225755e-03 
 ... Iteration #150	Two norm = 4.9534753e+02	  Rel. residual  5.5158206e-03 
 ... Iteration #151	Two norm = 4.9485994e+02	  Rel. residual  5.5131052e-03 
 ... Iteration #152	Two norm = 4.9462484e+02	  Rel. residual  5.5117954e-03 
 ... Iteration #153	Two norm = 4.9436807e+02	  Rel. residual  5.5103646e-03 
 ... Iteration #154	Two norm = 4.9251032e+02	  Rel. residual  5.5000014e-03 
 ... Iteration #155	Two norm = 3.4632052e+02	  Rel. residual  4.6120525e-03 
 ... Iteration #156	Two norm = 3.1161537e+02	  Rel. residual  4.3748641e-03 
 ... Iteration #157	Two norm = 2.9027551e+02	  Rel. residual  4.2224092e-03 
 ... Iteration #158	Two norm = 2.8245426e+02	  Rel. residual  4.1651361e-03 
 ... Iteration #159	Two norm = 2.8109964e+02	  Rel. residual  4.1551362e-03 
 ... Iteration #160	Two norm = 2.8098264e+02	  Rel. residual  4.1542715e-03 
 ... Iteration #161	Two norm = 2.8096690e+02	  Rel. residual  4.1541551e-03 
 ... Iteration #162	Two norm = 2.8092908e+02	  Rel. residual  4.1538755e-03 
 ... Iteration #163	Two norm = 2.8091195e+02	  Rel. residual  4.1537488e-03 
 ... Iteration #164	Two norm = 2.8091159e+02	  Rel. residual  4.1537462e-03 
 ... Iteration #165	Two norm = 2.8090765e+02	  Rel. residual  4.1537170e-03 
 ... Iteration #166	Two norm = 2.8089674e+02	  Rel. residual  4.1536364e-03 
 ... Iteration #167	Two norm = 2.8089473e+02	  Rel. residual  4.1536216e-03 
 ... Iteration #168	Two norm = 2.8085341e+02	  Rel. residual  4.1533161e-03 
 ... Iteration #169	Two norm = 2.8083318e+02	  Rel. residual  4.1531664e-03 
 ... Iteration #170	Two norm = 2.8080486e+02	  Rel. residual  4.1529570e-03 
 ... Iteration #171	Two norm = 2.8076880e+02	  Rel. residual  4.1526904e-03 
 ... Iteration #172	Two norm = 2.8063396e+02	  Rel. residual  4.1516931e-03 
 ... Iteration #173	Two norm = 2.8056122e+02	  Rel. residual  4.1511550e-03 
 ... Iteration #174	Two norm = 2.8055904e+02	  Rel. residual  4.1511388e-03 
 ... Iteration #175	Two norm = 2.8055877e+02	  Rel. residual  4.1511369e-03 
 ... Iteration #176	Two norm = 2.8055415e+02	  Rel. residual  4.1511027e-03 
 ... Iteration #177	Two norm = 2.8054266e+02	  Rel. residual  4.1510176e-03 
 ... Iteration #178	Two norm = 2.7987345e+02	  Rel. residual  4.1460638e-03 
 ... Iteration #179	Two norm = 2.7921800e+02	  Rel. residual  4.1412060e-03 
 ... Iteration #180	Two norm = 2.7711504e+02	  Rel. residual  4.1255816e-03 
 ... Iteration #181	Two norm = 2.6450482e+02	  Rel. residual  4.0306206e-03 
 ... Iteration #182	Two norm = 2.3620525e+02	  Rel. residual  3.8089029e-03 
 ... Iteration #183	Two norm = 2.2064390e+02	  Rel. residual  3.6812989e-03 
 ... Iteration #184	Two norm = 2.0516032e+02	  Rel. residual  3.5497830e-03 
 ... Iteration #185	Two norm = 2.0477182e+02	  Rel. residual  3.5464205e-03 
 ... Iteration #186	Two norm = 2.0472933e+02	  Rel. residual  3.5460525e-03 
 ... Iteration #187	Two norm = 2.0459516e+02	  Rel. residual  3.5448904e-03 
 ... Iteration #188	Two norm = 1.9761701e+02	  Rel. residual  3.4839129e-03 
 ... Iteration #189	Two norm = 1.8303275e+02	  Rel. residual  3.3528917e-03 
 ... Iteration #190	Two norm = 1.7334881e+02	  Rel. residual  3.2629886e-03 
 ... Iteration #191	Two norm = 1.7208817e+02	  Rel. residual  3.2511023e-03 
 ... Iteration #192	Two norm = 1.4575780e+02	  Rel. residual  2.9920651e-03 
 ... Iteration #193	Two norm = 1.3559427e+02	  Rel. residual  2.8858636e-03 
 ... Iteration #194	Two norm = 1.2087219e+02	  Rel. residual  2.7246976e-03 
 ... Iteration #195	Two norm = 1.1843539e+02	  Rel. residual  2.6970927e-03 
 ... Iteration #196	Two norm = 1.1802883e+02	  Rel. residual  2.6924595e-03 
 ... Iteration #197	Two norm = 1.1742648e+02	  Rel. residual  2.6855803e-03 
 ... Iteration #198	Two norm = 1.1664917e+02	  Rel. residual  2.6766769e-03 
 ... Iteration #199	Two norm = 1.1661683e+02	  Rel. residual  2.6763059e-03 
 ... Iteration #200	Two norm = 1.1633127e+02	  Rel. residual  2.6730271e-03 
 ... Iteration #201	Two norm = 1.1330398e+02	  Rel. residual  2.6380178e-03 
 ... Iteration #202	Two norm = 1.1093617e+02	  Rel. residual  2.6103077e-03 
 ... Iteration #203	Two norm = 1.1088648e+02	  Rel. residual  2.6097231e-03 
 ... Iteration #204	Two norm = 1.1087214e+02	  Rel. residual  2.6095543e-03 
 ... Iteration #205	Two norm = 1.1086994e+02	  Rel. residual  2.6095284e-03 
 ... Iteration #206	Two norm = 1.1086900e+02	  Rel. residual  2.6095174e-03 
 ... Iteration #207	Two norm = 1.1086867e+02	  Rel. residual  2.6095135e-03 
 ... Iteration #208	Two norm = 1.1086756e+02	  Rel. residual  2.6095005e-03 
 ... Iteration #209	Two norm = 1.1083197e+02	  Rel. residual  2.6090816e-03 
 ... Iteration #210	Two norm = 1.1050608e+02	  Rel. residual  2.6052429e-03 
 ... Iteration #211	Two norm = 1.0901417e+02	  Rel. residual  2.5875967e-03 
 ... Iteration #212	Two norm = 1.0898772e+02	  Rel. residual  2.5872828e-03 
 ... Iteration #213	Two norm = 1.0898030e+02	  Rel. residual  2.5871947e-03 
 ... Iteration #214	Two norm = 1.0896812e+02	  Rel. residual  2.5870502e-03 
 ... Iteration #215	Two norm = 1.0894274e+02	  Rel. residual  2.5867489e-03 
 ... Iteration #216	Two norm = 1.0893710e+02	  Rel. residual  2.5866820e-03 
 ... Iteration #217	Two norm = 1.0893223e+02	  Rel. residual  2.5866242e-03 
 ... Iteration #218	Two norm = 1.0892933e+02	  Rel. residual  2.5865897e-03 
 ... Iteration #219	Two norm = 1.0892911e+02	  Rel. residual  2.5865871e-03 
 ... Iteration #220	Two norm = 1.0892899e+02	  Rel. residual  2.5865857e-03 
 ... Iteration #221	Two norm = 1.0892859e+02	  Rel. residual  2.5865810e-03 
 ... Iteration #222	Two norm = 1.0892857e+02	  Rel. residual  2.5865807e-03 
 ... Iteration #223	Two norm = 1.0892856e+02	  Rel. residual  2.5865806e-03 
 ... Iteration #224	Two norm = 1.0892851e+02	  Rel. residual  2.5865799e-03 
 ... Iteration #225	Two norm = 1.0892823e+02	  Rel. residual  2.5865766e-03 
 ... Iteration #226	Two norm = 1.0892754e+02	  Rel. residual  2.5865684e-03 
 ... Iteration #227	Two norm = 1.0892682e+02	  Rel. residual  2.5865598e-03 
 ... Iteration #228	Two norm = 1.0892565e+02	  Rel. residual  2.5865460e-03 
 ... Iteration #229	Two norm = 1.0892451e+02	  Rel. residual  2.5865325e-03 
 ... Iteration #230	Two norm = 1.0892296e+02	  Rel. residual  2.5865141e-03 
 ... Iteration #231	Two norm = 1.0862691e+02	  Rel. residual  2.5829966e-03 
 ... Iteration #232	Two norm = 1.0855335e+02	  Rel. residual  2.5821219e-03 
 ... Iteration #233	Two norm = 1.0810948e+02	  Rel. residual  2.5768373e-03 
 ... Iteration #234	Two norm = 3.9405760e+00	  Rel. residual  4.9196588e-04 
 ... Iteration #235	Two norm = 2.8310056e+00	  Rel. residual  4.1698986e-04 
 ... Iteration #236	Two norm = 2.7626543e+00	  Rel. residual  4.1192524e-04 
 ... Iteration #237	Two norm = 2.5985651e+00	  Rel. residual  3.9950473e-04 
 ... Iteration #238	Two norm = 2.5628235e+00	  Rel. residual  3.9674775e-04 
 ... Iteration #239	Two norm = 2.5295150e+00	  Rel. residual  3.9416110e-04 
 ... Iteration #240	Two norm = 2.4690274e+00	  Rel. residual  3.8941984e-04 
 ... Iteration #241	Two norm = 2.0599335e+00	  Rel. residual  3.5569825e-04 
 ... Iteration #242	Two norm = 1.7275030e+00	  Rel. residual  3.2573508e-04 
 ... Iteration #243	Two norm = 1.3681423e+00	  Rel. residual  2.8988168e-04 
 ... Iteration #244	Two norm = 1.2628370e+00	  Rel. residual  2.7850229e-04 
 ... Iteration #245	Two norm = 1.2559601e+00	  Rel. residual  2.7774296e-04 
 ... Iteration #246	Two norm = 1.2534484e+00	  Rel. residual  2.7746510e-04 
 ... Iteration #247	Two norm = 1.2517975e+00	  Rel. residual  2.7728231e-04 
 ... Iteration #248	Two norm = 1.2455012e+00	  Rel. residual  2.7658410e-04 
 ... Iteration #249	Two norm = 1.0336831e+00	  Rel. residual  2.5196999e-04 
 ... Iteration #250	Two norm = 1.0186963e+00	  Rel. residual  2.5013675e-04 
 ... Iteration #251	Two norm = 1.0186371e+00	  Rel. residual  2.5012947e-04 
 ... Iteration #252	Two norm = 1.0185662e+00	  Rel. residual  2.5012077e-04 
 ... Iteration #253	Two norm = 1.0181917e+00	  Rel. residual  2.5007479e-04 
 ... Iteration #254	Two norm = 1.0170782e+00	  Rel. residual  2.4993801e-04 
 ... Iteration #255	Two norm = 1.0139549e+00	  Rel. residual  2.4955395e-04 
 ... Iteration #256	Two norm = 1.0121901e+00	  Rel. residual  2.4933668e-04 
 ... Iteration #257	Two norm = 1.0079696e+00	  Rel. residual  2.4881631e-04 
 ... Iteration #258	Two norm = 9.1560048e-01	  Rel. residual  2.3714181e-04 
 ... Iteration #259	Two norm = 5.7894507e-01	  Rel. residual  1.8857052e-04 
 ... Iteration #260	Two norm = 4.9183650e-01	  Rel. residual  1.7380630e-04 
 ... Iteration #261	Two norm = 4.7919100e-01	  Rel. residual  1.7155740e-04 
 ... Iteration #262	Two norm = 4.4993735e-01	  Rel. residual  1.6623832e-04 
 ... Iteration #263	Two norm = 3.9415735e-01	  Rel. residual  1.5559296e-04 
 ... Iteration #264	Two norm = 2.6162325e-01	  Rel. residual  1.2676323e-04 
 ... Iteration #265	Two norm = 2.6116760e-01	  Rel. residual  1.2665279e-04 
 ... Iteration #266	Two norm = 2.6048238e-01	  Rel. residual  1.2648654e-04 
 ... Iteration #267	Two norm = 1.9184315e-01	  Rel. residual  1.0854961e-04 
 ... Iteration #268	Two norm = 4.4129899e-02	  Rel. residual  5.2062089e-05 
 ... Iteration #269	Two norm = 9.2667086e-04	  Rel. residual  7.5442814e-06 
 ... Iteration #270	Two norm = 5.2424226e-04	  Rel. residual  5.6744156e-06 
 ... Iteration #271	Two norm = 4.9188133e-04	  Rel. residual  5.4964882e-06 
 ... Iteration #272	Two norm = 4.8569486e-04	  Rel. residual  5.4618137e-06 
 ... Iteration #273	Two norm = 4.7721129e-04	  Rel. residual  5.4139031e-06 
 ... Iteration #274	Two norm = 4.6664325e-04	  Rel. residual  5.3536210e-06 
 ... Iteration #275	Two norm = 4.6188295e-04	  Rel. residual  5.3262444e-06 
 ... Iteration #276	Two norm = 4.5953662e-04	  Rel. residual  5.3126988e-06 
 ... Iteration #277	Two norm = 4.4669696e-04	  Rel. residual  5.2379533e-06 
 ... Iteration #278	Two norm = 3.9445834e-04	  Rel. residual  4.9221597e-06 
 ... Iteration #279	Two norm = 3.1107537e-04	  Rel. residual  4.3710718e-06 
 ... Iteration #280	Two norm = 1.0030903e-04	  Rel. residual  2.4821335e-06 
 ... Iteration #281	Two norm = 8.4638007e-05	  Rel. residual  2.2800157e-06 
 ... Iteration #282	Two norm = 6.4403647e-05	  Rel. residual  1.9888881e-06 
 ... Iteration #283	Two norm = 5.5424168e-05	  Rel. residual  1.8450355e-06 
 ... Iteration #284	Two norm = 5.4455373e-05	  Rel. residual  1.8288391e-06 
 ... Iteration #285	Two norm = 5.3404092e-05	  Rel. residual  1.8110998e-06 
 ... Iteration #286	Two norm = 5.2677360e-05	  Rel. residual  1.7987348e-06 
 ... Iteration #287	Two norm = 5.1472232e-05	  Rel. residual  1.7780404e-06 
 ... Iteration #288	Two norm = 4.9030862e-05	  Rel. residual  1.7353612e-06 
 ... Iteration #289	Two norm = 4.8841356e-05	  Rel. residual  1.7320044e-06 
 ... Iteration #290	Two norm = 4.0660217e-05	  Rel. residual  1.5803016e-06 
 ... Iteration #291	Two norm = 2.3965705e-05	  Rel. residual  1.2132498e-06 
 ... Iteration #292	Two norm = 3.4041826e-06	  Rel. residual  4.5725825e-07 
 ... Iteration #293	Two norm = 6.9503547e-07	  Rel. residual  2.0661346e-07 
 ... Iteration #294	Two norm = 3.3180028e-07	  Rel. residual  1.4275571e-07 
 ... Iteration #295	Two norm = 8.4781982e-08	  Rel. residual  7.2161726e-08 
 ... Iteration #296	Two norm = 8.2155605e-08	  Rel. residual  7.1035219e-08 
 ... Iteration #297	Two norm = 8.1543652e-08	  Rel. residual  7.0770165e-08 
 ... Iteration #298	Two norm = 8.0834936e-08	  Rel. residual  7.0461953e-08 
 ... Iteration #299	Two norm = 8.0775913e-08	  Rel. residual  7.0436224e-08 
 ... Iteration #300	Two norm = 7.2277666e-08	  Rel. residual  6.6628063e-08 
 ... Iteration #301	Two norm = 6.6110253e-08	  Rel. residual  6.3722020e-08 
 ... Iteration #302	Two norm = 5.6790857e-08	  Rel. residual  5.9060122e-08 
 ... Iteration #303	Two norm = 1.9298254e-08	  Rel. residual  3.4428185e-08 
 ... Iteration #304	Two norm = 1.6546933e-08	  Rel. residual  3.1879675e-08 
 ... Iteration #305	Two norm = 1.6340673e-08	  Rel. residual  3.1680359e-08 
 ... Iteration #306	Two norm = 1.6188045e-08	  Rel. residual  3.1532059e-08 
 ... Iteration #307	Two norm = 1.6156892e-08	  Rel. residual  3.1501704e-08 
 ... Iteration #308	Two norm = 9.4766732e-09	  Rel. residual  2.4125875e-08 
 ... Iteration #309	Two norm = 2.5737396e-09	  Rel. residual  1.2572957e-08 
 ... Iteration #310	Two norm = 1.7210489e-09	  Rel. residual  1.0281388e-08 
 ... Iteration #311	Two norm = 1.6793598e-09	  Rel. residual  1.0156101e-08 
 ... Iteration #312	Two norm = 1.6770696e-09	  Rel. residual  1.0149173e-08 
 ... Iteration #313	Two norm = 1.6226275e-09	  Rel. residual  9.9830797e-09 

 ... Total # Iterations = 313
 ...     Final Two norm = 1.6226275e-09
 ... Postprocessing                 ...
 --------------------------------------

 ---------- PROBLEM PARAMETERS --------
 ... # Nodes              =      60 ...
 ... # Elements           =      28 ...
 ... # Unconstrained dofs =     138 ...
 ... # Constrained dofs   =      18 ...
 ... Total # dofs         =     156 ...
 ... # Loaded dofs        =       2 ...
 ... # Output Files       =       1 ...
 --------------------------------------
 --------------------------------------
 ... Total Time           = 6.86e-02 s
 ... Total Memory Used    = 1.58e-01 Mb
 --------------------------------------
../../bin/aeros -n 2 --dec --nsub 4 dsvm19_FETI_DP_displacy.inp

 --------- R U N  PARAMETERS ----------
 ... Linear Static Analysis         ... 
 ... Parallel processing: Forking 2 Threads ...
 ... FETI-DP Solver is Selected     ...
 ... Building the Force             ...
 ... Postprocessing                 ...
 ... Print Timers                   ... 
 --------------------------------------

 ---------- PROBLEM PARAMETERS --------
 ... # Nodes              =      60 ...
 ... # Elements           =      28 ...
 ... # Unconstrained dofs =       0 ...
 ... # Constrained dofs   =      18 ...
 ... Total # dofs         =      -1 ...
 ... # Loaded dofs        =       2 ...
 ... # Output Files       =       1 ...
 --------------------------------------
 --------------------------------------
 ... Total Time           = 7.03e-02 s
 ... Total Memory Used    = 5.77e-01 Mb
 --------------------------------------
