../../bin/aeros dsvm13_mumps_pivot_buckle_geigenpa.inp

 --------- R U N  PARAMETERS ----------
 ... Geometric Pre-Stress Effects   ... 
 ... Modal Analysis                 ... 
 ...      with Geometric Pre-Stress ... 
 ... Mumps Solver is Selected       ... 
 ... Buckling Analysis              ...
 ... Assembling Geometric Stiffness ...
 ... Implicitly Restarted Arnoldi Method using Arpack
 ... shift = 1.000000e+02
 ... Re-orthogonalization enabled (CGS -> ICGS)
 ... Number of Implicit Arnoldi update: 10
 ... Number of linear (re-)solve: 13
 ... Postprocessing                 ...
 --------------------------------------
 Mode	Lambda
 --------------------------------------
 1	5.474597e+02
 --------------------------------------

 ---------- PROBLEM PARAMETERS --------
 ... # Nodes              =    1218 ...
 ... # Elements           =    2306 ...
 ... # Unconstrained dofs =    6996 ...
 ... # Constrained dofs   =     312 ...
 ... Total # dofs         =    7308 ...
 ... # Loaded dofs        =       0 ...
 ... # Output Files       =       1 ...
 --------------------------------------
 --------------------------------------
 ... Total Time           = 8.53e-01 s
 ... Total Memory Used    = 3.96e+01 Mb
 --------------------------------------
../../bin/aeros dsvm13_spooles_pivot_buckle_geigenpa.inp

 --------- R U N  PARAMETERS ----------
 ... Geometric Pre-Stress Effects   ... 
 ... Modal Analysis                 ... 
 ...      with Geometric Pre-Stress ... 
 ... Spooles Solver is Selected     ... 
 ... Buckling Analysis              ...
 ... Assembling Geometric Stiffness ...
Selected Solver does not support numRBM() function
 ... Implicitly Restarted Arnoldi Method using Arpack
 ... shift = 1.000000e+02
 ... Re-orthogonalization enabled (CGS -> ICGS)
 ... Number of Implicit Arnoldi update: 10
 ... Number of linear (re-)solve: 13
 ... Postprocessing                 ...
 --------------------------------------
 Mode	Lambda
 --------------------------------------
 1	5.474597e+02
 --------------------------------------

 ---------- PROBLEM PARAMETERS --------
 ... # Nodes              =    1218 ...
 ... # Elements           =    2306 ...
 ... # Unconstrained dofs =    6996 ...
 ... # Constrained dofs   =     312 ...
 ... Total # dofs         =    7308 ...
 ... # Loaded dofs        =       0 ...
 ... # Output Files       =       1 ...
 --------------------------------------
 --------------------------------------
 ... Total Time           = 9.01e-01 s
 ... Total Memory Used    = 3.20e+01 Mb
 --------------------------------------
