../../bin/aeros dsvm11_sparse_displmod.inp

 --------- R U N  PARAMETERS ----------
 ... Nonlinear Static Analysis      ... 
 ... Sparse Solver is Selected      ... 
 --------------------------------------
 ... Newton : Start Step #1 --- Lambda = 1.000000e+00
 ... Newton : Iter #1 --- Rebuild Tangent Stiffness (res = 1.443811e+01)
 ... Newton : Iter #2 --- Rebuild Tangent Stiffness (res = 4.604538e+02)
 ... Newton : Iter #3 --- Rebuild Tangent Stiffness (res = 5.187085e+00)
 ... Newton : Iter #4 --- Rebuild Tangent Stiffness (res = 5.151176e-02)
 ... Newton : Iter #5 --- Rebuild Tangent Stiffness (res = 2.195934e-06)
 ... Newton : Step #1, Iter #1 converged after 5 iterations
 ... Newton : End Step #1, Iter #1 --- Max Steps = 1, Max Iters = 1
 --------------------------------------

 ---------- PROBLEM PARAMETERS --------
 ... # Nodes              =    8882 ...
 ... # Elements           =   17420 ...
 ... # Unconstrained dofs =   51240 ...
 ... # Constrained dofs   =    4104 ...
 ... Total # dofs         =   53292 ...
 ... # Loaded dofs        =       0 ...
 ... # Output Files       =       1 ...
 --------------------------------------
 --------------------------------------
 ... Total Time           = 1.34e+01 s
 ... Total Memory Used    = 3.50e+02 Mb
 ... Total Newton Iterations =    5 
 --------------------------------------
../../bin/aeros dsvm11_mumps_gdisplac.inp

 --------- R U N  PARAMETERS ----------
 ... Nonlinear Static Analysis      ... 
 ... Mumps Solver is Selected       ... 
 --------------------------------------
 ... Newton : Start Step #1 --- Lambda = 1.000000e+00
 ... Newton : Iter #1 --- Rebuild Tangent Stiffness (res = 1.443811e+01)
 ... Newton : Iter #2 --- Rebuild Tangent Stiffness (res = 4.604538e+02)
 ... Newton : Iter #3 --- Rebuild Tangent Stiffness (res = 5.187085e+00)
 ... Newton : Iter #4 --- Rebuild Tangent Stiffness (res = 5.151175e-02)
 ... Newton : Iter #5 --- Rebuild Tangent Stiffness (res = 2.196370e-06)
 ... Newton : Step #1, Iter #1 converged after 5 iterations
 ... Newton : End Step #1, Iter #1 --- Max Steps = 1, Max Iters = 1
 --------------------------------------

 ---------- PROBLEM PARAMETERS --------
 ... # Nodes              =    8882 ...
 ... # Elements           =   17420 ...
 ... # Unconstrained dofs =   51240 ...
 ... # Constrained dofs   =    4104 ...
 ... Total # dofs         =   53292 ...
 ... # Loaded dofs        =       0 ...
 ... # Output Files       =       1 ...
 --------------------------------------
 --------------------------------------
 ... Total Time           = 1.44e+01 s
 ... Total Memory Used    = 6.89e+02 Mb
 ... Total Newton Iterations =    5 
 --------------------------------------
../../bin/aeros dsvm11_spooles_displacz.inp

 --------- R U N  PARAMETERS ----------
 ... Nonlinear Static Analysis      ... 
 ... Spooles Solver is Selected     ... 
 --------------------------------------
 ... Newton : Start Step #1 --- Lambda = 1.000000e+00
 ... Newton : Iter #1 --- Rebuild Tangent Stiffness (res = 1.443811e+01)
 ... Newton : Iter #2 --- Rebuild Tangent Stiffness (res = 4.604538e+02)
 ... Newton : Iter #3 --- Rebuild Tangent Stiffness (res = 5.187085e+00)
 ... Newton : Iter #4 --- Rebuild Tangent Stiffness (res = 5.151176e-02)
 ... Newton : Iter #5 --- Rebuild Tangent Stiffness (res = 2.194561e-06)
 ... Newton : Step #1, Iter #1 converged after 5 iterations
 ... Newton : End Step #1, Iter #1 --- Max Steps = 1, Max Iters = 1
 --------------------------------------

 ---------- PROBLEM PARAMETERS --------
 ... # Nodes              =    8882 ...
 ... # Elements           =   17420 ...
 ... # Unconstrained dofs =   51240 ...
 ... # Constrained dofs   =    4104 ...
 ... Total # dofs         =   53292 ...
 ... # Loaded dofs        =       0 ...
 ... # Output Files       =       1 ...
 --------------------------------------
 --------------------------------------
 ... Total Time           = 1.69e+01 s
 ... Total Memory Used    = 5.64e+02 Mb
 ... Total Newton Iterations =    5 
 --------------------------------------
../../bin/aeros dsvm11_spooles_pivot_displmod.inp

 --------- R U N  PARAMETERS ----------
 ... Nonlinear Static Analysis      ... 
 ... Spooles Solver is Selected     ... 
 --------------------------------------
 ... Newton : Start Step #1 --- Lambda = 1.000000e+00
 ... Newton : Iter #1 --- Rebuild Tangent Stiffness (res = 1.443811e+01)
 ... Newton : Iter #2 --- Rebuild Tangent Stiffness (res = 4.604538e+02)
 ... Newton : Iter #3 --- Rebuild Tangent Stiffness (res = 5.187085e+00)
 ... Newton : Iter #4 --- Rebuild Tangent Stiffness (res = 5.151175e-02)
 ... Newton : Iter #5 --- Rebuild Tangent Stiffness (res = 2.195001e-06)
 ... Newton : Step #1, Iter #1 converged after 5 iterations
 ... Newton : End Step #1, Iter #1 --- Max Steps = 1, Max Iters = 1
 --------------------------------------

 ---------- PROBLEM PARAMETERS --------
 ... # Nodes              =    8882 ...
 ... # Elements           =   17420 ...
 ... # Unconstrained dofs =   51240 ...
 ... # Constrained dofs   =    4104 ...
 ... Total # dofs         =   53292 ...
 ... # Loaded dofs        =       0 ...
 ... # Output Files       =       1 ...
 --------------------------------------
 --------------------------------------
 ... Total Time           = 5.52e+01 s
 ... Total Memory Used    = 7.39e+02 Mb
 ... Total Newton Iterations =    5 
 --------------------------------------
../../bin/aeros dsvm11_mumps_pivot_gdisplac.inp

 --------- R U N  PARAMETERS ----------
 ... Nonlinear Static Analysis      ... 
 ... Mumps Solver is Selected       ... 
 --------------------------------------
 ... Newton : Start Step #1 --- Lambda = 1.000000e+00
 ... Newton : Iter #1 --- Rebuild Tangent Stiffness (res = 1.443811e+01)
 ... Newton : Iter #2 --- Rebuild Tangent Stiffness (res = 4.604538e+02)
 ... Newton : Iter #3 --- Rebuild Tangent Stiffness (res = 5.187085e+00)
 ... Newton : Iter #4 --- Rebuild Tangent Stiffness (res = 5.151175e-02)
 ... Newton : Iter #5 --- Rebuild Tangent Stiffness (res = 2.196782e-06)
 ... Newton : Step #1, Iter #1 converged after 5 iterations
 ... Newton : End Step #1, Iter #1 --- Max Steps = 1, Max Iters = 1
 --------------------------------------

 ---------- PROBLEM PARAMETERS --------
 ... # Nodes              =    8882 ...
 ... # Elements           =   17420 ...
 ... # Unconstrained dofs =   51240 ...
 ... # Constrained dofs   =    4104 ...
 ... Total # dofs         =   53292 ...
 ... # Loaded dofs        =       0 ...
 ... # Output Files       =       1 ...
 --------------------------------------
 --------------------------------------
 ... Total Time           = 1.59e+01 s
 ... Total Memory Used    = 7.37e+02 Mb
 ... Total Newton Iterations =    5 
 --------------------------------------
../../bin/aeros -n 2 --dec --nsub 4 dsvm11_FETI_DP_displacz.inp

 --------- R U N  PARAMETERS ----------
 ... Nonlinear Static Analysis      ... 
 ... Parallel processing: Forking 2 Threads ...
 ... FETI-DP Solver is Selected     ...
 --------------------------------------
 ... Newton : Start Step #1 --- Lambda = 1.000000e+00
 ... Newton : Iter #1 --- Rebuild Tangent Stiffness (res = 1.430773e+01)
 ... Newton : Iter #2 --- Rebuild Tangent Stiffness (res = 4.562224e+02)
 ... Newton : Iter #3 --- Rebuild Tangent Stiffness (res = 5.127069e+00)
 ... Newton : Iter #4 --- Rebuild Tangent Stiffness (res = 5.098517e-02)
 ... Newton : Iter #5 --- Rebuild Tangent Stiffness (res = 3.617167e-06)
 ... Newton : Step #1, Iter #1 converged after 5 iterations
 ... Newton : End Step #1, Iter #1 --- Max Steps = 1, Max Iters = 1
 --------------------------------------
 ... Postprocessing                 ...

 ---------- PROBLEM PARAMETERS --------
 ... # Nodes              =    8882 ...
 ... # Elements           =   17420 ...
 ... # Unconstrained dofs =       0 ...
 ... # Constrained dofs   =    4104 ...
 ... Total # dofs         =      -1 ...
 ... # Loaded dofs        =       0 ...
 ... # Output Files       =       1 ...
 --------------------------------------
 --------------------------------------
 ... Total Time           = 1.40e+01 s
 ... Total Memory Used    = 8.27e+02 Mb
 ... Total Newton Iterations =    5 
 ... Total Krylov Iterations =   86 
 --------------------------------------
