../../bin/aeros tempstatics_sparse_gtempera.inp

 --------- R U N  PARAMETERS ----------
 ... Linear Static Analysis         ... 
 ... Sparse Solver is Selected      ... 
 ... Building the Force             ...
 ... Postprocessing                 ...
 --------------------------------------

 ---------- PROBLEM PARAMETERS --------
 ... # Nodes              =     189 ...
 ... # Elements           =      80 ...
 ... # Unconstrained dofs =     180 ...
 ... # Constrained dofs   =       9 ...
 ... Total # dofs         =     189 ...
 ... # Loaded dofs        =       9 ...
 ... # Output Files       =       1 ...
 --------------------------------------
 --------------------------------------
 ... Total Time           = 1.16e-01 s
 ... Total Memory Used    = 1.97e-01 Mb
 --------------------------------------
../../bin/aeros tempstatics_skyline_gtempera.inp

 --------- R U N  PARAMETERS ----------
 ... Linear Static Analysis         ... 
 ... Skyline Solver is Selected     ... 
 ... Building the Force             ...
 ... Postprocessing                 ...
 --------------------------------------

 ---------- PROBLEM PARAMETERS --------
 ... # Nodes              =     189 ...
 ... # Elements           =      80 ...
 ... # Unconstrained dofs =     180 ...
 ... # Constrained dofs   =       9 ...
 ... Total # dofs         =     189 ...
 ... # Loaded dofs        =       9 ...
 ... # Output Files       =       1 ...
 --------------------------------------
 --------------------------------------
 ... Total Time           = 6.64e-02 s
 ... Total Memory Used    = 1.55e-01 Mb
 --------------------------------------
../../bin/aeros tempstatics_mumps_gtempera.inp

 --------- R U N  PARAMETERS ----------
 ... Linear Static Analysis         ... 
 ... Mumps Solver is Selected       ... 
 ... Building the Force             ...
 ... Postprocessing                 ...
 --------------------------------------

 ---------- PROBLEM PARAMETERS --------
 ... # Nodes              =     189 ...
 ... # Elements           =      80 ...
 ... # Unconstrained dofs =     180 ...
 ... # Constrained dofs   =       9 ...
 ... Total # dofs         =     189 ...
 ... # Loaded dofs        =       9 ...
 ... # Output Files       =       1 ...
 --------------------------------------
 --------------------------------------
 ... Total Time           = 7.18e-02 s
 ... Total Memory Used    = 1.15e+00 Mb
 --------------------------------------
../../bin/aeros tempstatics_spooles_gtempera.inp

 --------- R U N  PARAMETERS ----------
 ... Linear Static Analysis         ... 
 ... Spooles Solver is Selected     ... 
 ... Building the Force             ...
 ... Postprocessing                 ...
 --------------------------------------

 ---------- PROBLEM PARAMETERS --------
 ... # Nodes              =     189 ...
 ... # Elements           =      80 ...
 ... # Unconstrained dofs =     180 ...
 ... # Constrained dofs   =       9 ...
 ... Total # dofs         =     189 ...
 ... # Loaded dofs        =       9 ...
 ... # Output Files       =       1 ...
 --------------------------------------
 --------------------------------------
 ... Total Time           = 6.68e-02 s
 ... Total Memory Used    = 1.67e-01 Mb
 --------------------------------------
../../bin/aeros tempstatics_gmres_gtempera.inp

 --------- R U N  PARAMETERS ----------
 ... Linear Static Analysis         ... 
 ... Dof Based Sparse Matrix        ...
 ... GMRES Solver is Selected       ...
 ... Building the Force             ...
 ... Postprocessing                 ...
 --------------------------------------

 ---------- PROBLEM PARAMETERS --------
 ... # Nodes              =     189 ...
 ... # Elements           =      80 ...
 ... # Unconstrained dofs =     180 ...
 ... # Constrained dofs   =       9 ...
 ... Total # dofs         =     189 ...
 ... # Loaded dofs        =       9 ...
 ... # Output Files       =       1 ...
 --------------------------------------
 --------------------------------------
 ... Total Time           = 8.63e-02 s
 ... Total Memory Used    = 9.28e+00 Mb
 --------------------------------------
../../bin/aeros tempstatics_spooles_pivot_gtempera.inp

 --------- R U N  PARAMETERS ----------
 ... Linear Static Analysis         ... 
 ... Spooles Solver is Selected     ... 
 ... Building the Force             ...
 ... Postprocessing                 ...
 --------------------------------------

 ---------- PROBLEM PARAMETERS --------
 ... # Nodes              =     189 ...
 ... # Elements           =      80 ...
 ... # Unconstrained dofs =     180 ...
 ... # Constrained dofs   =       9 ...
 ... Total # dofs         =     189 ...
 ... # Loaded dofs        =       9 ...
 ... # Output Files       =       1 ...
 --------------------------------------
 --------------------------------------
 ... Total Time           = 6.75e-02 s
 ... Total Memory Used    = 1.66e-01 Mb
 --------------------------------------
../../bin/aeros tempstatics_mumps_pivot_gtempera.inp

 --------- R U N  PARAMETERS ----------
 ... Linear Static Analysis         ... 
 ... Mumps Solver is Selected       ... 
 ... Building the Force             ...
 ... Postprocessing                 ...
 --------------------------------------

 ---------- PROBLEM PARAMETERS --------
 ... # Nodes              =     189 ...
 ... # Elements           =      80 ...
 ... # Unconstrained dofs =     180 ...
 ... # Constrained dofs   =       9 ...
 ... Total # dofs         =     189 ...
 ... # Loaded dofs        =       9 ...
 ... # Output Files       =       1 ...
 --------------------------------------
 --------------------------------------
 ... Total Time           = 6.69e-02 s
 ... Total Memory Used    = 1.15e+00 Mb
 --------------------------------------
../../bin/aeros tempstatics_pcg_gtempera.inp

 --------- R U N  PARAMETERS ----------
 ... Linear Static Analysis         ... 
 ... Dof Based Sparse Matrix        ...
 ... CG Solver is Selected          ...
 ... Building the Force             ...
in BasePCG::doSolve, maxitr = 1000, tolpcg = 1e-08, proj = 0
 ... Iteration #  1	 Two norm = 333.479	 Rel. residual = 0.889279
 ... Iteration #  2	 Two norm = 430.946	 Rel. residual = 1.14919
 ... Iteration #  3	 Two norm = 341.483	 Rel. residual = 0.910621
 ... Iteration #  4	 Two norm = 316.239	 Rel. residual = 0.843304
 ... Iteration #  5	 Two norm = 440.271	 Rel. residual = 1.17406
 ... Iteration #  6	 Two norm = 340.738	 Rel. residual = 0.908634
 ... Iteration #  7	 Two norm = 319.928	 Rel. residual = 0.853141
 ... Iteration #  8	 Two norm = 462.95	 Rel. residual = 1.23453
 ... Iteration #  9	 Two norm = 295.578	 Rel. residual = 0.788209
 ... Iteration #  10	 Two norm = 395.629	 Rel. residual = 1.05501
 ... Iteration #  11	 Two norm = 409.512	 Rel. residual = 1.09203
 ... Iteration #  12	 Two norm = 289.407	 Rel. residual = 0.771753
 ... Iteration #  13	 Two norm = 482.688	 Rel. residual = 1.28717
 ... Iteration #  14	 Two norm = 328.092	 Rel. residual = 0.874912
 ... Iteration #  15	 Two norm = 328.136	 Rel. residual = 0.87503
 ... Iteration #  16	 Two norm = 491.692	 Rel. residual = 1.31118
 ... Iteration #  17	 Two norm = 284.42	 Rel. residual = 0.758454
 ... Iteration #  18	 Two norm = 406.538	 Rel. residual = 1.0841
 ... Iteration #  19	 Two norm = 406.325	 Rel. residual = 1.08353
 ... Iteration #  20	 Two norm = 294.624	 Rel. residual = 0.785665
 ... Iteration #  21	 Two norm = 469.846	 Rel. residual = 1.25292
 ... Iteration #  22	 Two norm = 280.814	 Rel. residual = 0.748837
 ... Iteration #  23	 Two norm = 223.849	 Rel. residual = 0.59693
 ... Iteration #  24	 Two norm = 186.566	 Rel. residual = 0.497509
 ... Iteration #  25	 Two norm = 34.7885	 Rel. residual = 0.0927693
 ... Iteration #  26	 Two norm = 21.7928	 Rel. residual = 0.0581141
 ... Iteration #  27	 Two norm = 9.08464	 Rel. residual = 0.0242257
 ... Iteration #  28	 Two norm = 2.57651	 Rel. residual = 0.00687069
 ... Iteration #  29	 Two norm = 2.14991	 Rel. residual = 0.0057331
 ... Iteration #  30	 Two norm = 0.826482	 Rel. residual = 0.00220395
 ... Iteration #  31	 Two norm = 0.279055	 Rel. residual = 0.000744148
 ... Iteration #  32	 Two norm = 0.0686639	 Rel. residual = 0.000183104
 ... Iteration #  33	 Two norm = 0.0292283	 Rel. residual = 7.7942e-05
 ... Iteration #  34	 Two norm = 0.0168087	 Rel. residual = 4.48232e-05
 ... Iteration #  35	 Two norm = 0.00209197	 Rel. residual = 5.57858e-06
 ... Iteration #  36	 Two norm = 0.00136876	 Rel. residual = 3.65001e-06
 ... Iteration #  37	 Two norm = 0.000406911	 Rel. residual = 1.0851e-06
 ... Iteration #  38	 Two norm = 0.000115446	 Rel. residual = 3.07855e-07
 ... Iteration #  39	 Two norm = 2.91699e-05	 Rel. residual = 7.77863e-08
 ... Iteration #  40	 Two norm = 1.31078e-05	 Rel. residual = 3.49541e-08
 ... Iteration #  41	 Two norm = 8.11112e-06	 Rel. residual = 2.16297e-08
 ... Iteration #  42	 Two norm = 7.91988e-07	 Rel. residual = 2.11197e-09
 ... Total # Iterations =            42        0.00356 s
 ...     Final Two norm = 7.91988e-07
 ...     Final residual = 6.27245e-13
 ... Postprocessing                 ...
 --------------------------------------

 ---------- PROBLEM PARAMETERS --------
 ... # Nodes              =     189 ...
 ... # Elements           =      80 ...
 ... # Unconstrained dofs =     180 ...
 ... # Constrained dofs   =       9 ...
 ... Total # dofs         =     189 ...
 ... # Loaded dofs        =       9 ...
 ... # Output Files       =       1 ...
 --------------------------------------
 --------------------------------------
 ... Total Time           = 6.57e-02 s
 ... Total Memory Used    = 1.51e-01 Mb
 --------------------------------------
../../bin/aeros tempstatics_bcg_gtempera.inp

 --------- R U N  PARAMETERS ----------
 ... Linear Static Analysis         ... 
 ... Dof Based Sparse Matrix        ...
 ... Bi-CG Solver is Selected       ...
Selected Solver does not implement factor() .
 ... Building the Force             ...
 ... Iteration #1	Two norm = 1.4062500e+05	Relative residual = 1.0000000e+00
 ... Iteration #2	Two norm = 1.1120855e+05	Relative residual = 8.8927854e-01
 ... Iteration #3	Two norm = 1.8571482e+05	Relative residual = 1.1491905e+00
 ... Iteration #4	Two norm = 1.1661064e+05	Relative residual = 9.1062135e-01
 ... Iteration #5	Two norm = 1.0000701e+05	Relative residual = 8.4330359e-01
 ... Iteration #6	Two norm = 1.9383887e+05	Relative residual = 1.1740570e+00
 ... Iteration #7	Two norm = 1.1610226e+05	Relative residual = 9.0863416e-01
 ... Iteration #8	Two norm = 1.0235389e+05	Relative residual = 8.5314117e-01
 ... Iteration #9	Two norm = 2.1432254e+05	Relative residual = 1.2345329e+00
 ... Iteration #10	Two norm = 8.7366619e+04	Relative residual = 7.8820920e-01
 ... Iteration #11	Two norm = 1.5652193e+05	Relative residual = 1.0550094e+00
 ... Iteration #12	Two norm = 1.6770037e+05	Relative residual = 1.0920330e+00
 ... Iteration #13	Two norm = 8.3756596e+04	Relative residual = 7.7175285e-01
 ... Iteration #14	Two norm = 2.3298735e+05	Relative residual = 1.2871670e+00
 ... Iteration #15	Two norm = 1.0764435e+05	Relative residual = 8.7491196e-01
 ... Iteration #16	Two norm = 1.0767344e+05	Relative residual = 8.7503016e-01
 ... Iteration #17	Two norm = 2.4176144e+05	Relative residual = 1.3111798e+00
 ... Iteration #18	Two norm = 8.0894985e+04	Relative residual = 7.5845450e-01
 ... Iteration #19	Two norm = 1.6527331e+05	Relative residual = 1.0841019e+00
 ... Iteration #20	Two norm = 1.6509993e+05	Relative residual = 1.0835331e+00
 ... Iteration #21	Two norm = 8.6803591e+04	Relative residual = 7.8566531e-01
 ... Iteration #22	Two norm = 2.2075519e+05	Relative residual = 1.2529224e+00
 ... Iteration #23	Two norm = 7.8856446e+04	Relative residual = 7.4883707e-01
 ... Iteration #24	Two norm = 5.0108192e+04	Relative residual = 5.9692958e-01
 ... Iteration #25	Two norm = 3.4806775e+04	Relative residual = 4.9750864e-01
 ... Iteration #26	Two norm = 1.2102380e+03	Relative residual = 9.2769265e-02
 ... Iteration #27	Two norm = 4.7492635e+02	Relative residual = 5.8114147e-02
 ... Iteration #28	Two norm = 8.2530709e+01	Relative residual = 2.4225710e-02
 ... Iteration #29	Two norm = 6.6383925e+00	Relative residual = 6.8706875e-03
 ... Iteration #30	Two norm = 4.6221294e+00	Relative residual = 5.7331035e-03
 ... Iteration #31	Two norm = 6.8307181e-01	Relative residual = 2.2039509e-03
 ... Iteration #32	Two norm = 7.7871911e-02	Relative residual = 7.4414771e-04
 ... Iteration #33	Two norm = 4.7147273e-03	Relative residual = 1.8310366e-04
 ... Iteration #34	Two norm = 8.5429072e-04	Relative residual = 7.7942005e-05
 ... Iteration #35	Two norm = 2.8253191e-04	Relative residual = 4.4823162e-05
 ... Iteration #36	Two norm = 4.3763275e-06	Relative residual = 5.5785797e-06
 ... Iteration #37	Two norm = 1.8734915e-06	Relative residual = 3.6500146e-06
 ... Iteration #38	Two norm = 1.6557689e-07	Relative residual = 1.0850971e-06
 ... Iteration #39	Two norm = 1.3327718e-08	Relative residual = 3.0785530e-07
 ... Iteration #40	Two norm = 8.5088108e-10	Relative residual = 7.7786309e-08
 ... Iteration #41	Two norm = 1.7181397e-10	Relative residual = 3.4954087e-08
 ... Iteration #42	Two norm = 6.5790315e-11	Relative residual = 2.1629661e-08
 ... Postprocessing                 ...
 --------------------------------------

 ---------- PROBLEM PARAMETERS --------
 ... # Nodes              =     189 ...
 ... # Elements           =      80 ...
 ... # Unconstrained dofs =     180 ...
 ... # Constrained dofs   =       9 ...
 ... Total # dofs         =     189 ...
 ... # Loaded dofs        =       9 ...
 ... # Output Files       =       1 ...
 --------------------------------------
 --------------------------------------
 ... Total Time           = 6.54e-02 s
 ... Total Memory Used    = 1.52e-01 Mb
 --------------------------------------
../../bin/aeros tempstatics_cr_gtempera.inp

 --------- R U N  PARAMETERS ----------
 ... Linear Static Analysis         ... 
 ... Dof Based Sparse Matrix        ...
 ... CR Solver is Selected          ...
Selected Solver does not implement factor() .
 ... Building the Force             ...
 ... Iteration #1	Two norm = 6.2099359e+04	  Rel. residual  6.6452648e-01 
 ... Iteration #2	Two norm = 4.6537980e+04	  Rel. residual  5.7527102e-01 
 ... Iteration #3	Two norm = 3.3263068e+04	  Rel. residual  4.8635108e-01 
 ... Iteration #4	Two norm = 2.4960892e+04	  Rel. residual  4.2130710e-01 
 ... Iteration #5	Two norm = 2.2113329e+04	  Rel. residual  3.9654803e-01 
 ... Iteration #6	Two norm = 1.8575382e+04	  Rel. residual  3.6344409e-01 
 ... Iteration #7	Two norm = 1.5722104e+04	  Rel. residual  3.3436751e-01 
 ... Iteration #8	Two norm = 1.4647597e+04	  Rel. residual  3.2273936e-01 
 ... Iteration #9	Two norm = 1.2544438e+04	  Rel. residual  2.9867189e-01 
 ... Iteration #10	Two norm = 1.1613662e+04	  Rel. residual  2.8737788e-01 
 ... Iteration #11	Two norm = 1.0861478e+04	  Rel. residual  2.7791578e-01 
 ... Iteration #12	Two norm = 9.6146583e+03	  Rel. residual  2.6147830e-01 
 ... Iteration #13	Two norm = 9.2336159e+03	  Rel. residual  2.5624455e-01 
 ... Iteration #14	Two norm = 8.5041400e+03	  Rel. residual  2.4591438e-01 
 ... Iteration #15	Two norm = 7.8816412e+03	  Rel. residual  2.3674295e-01 
 ... Iteration #16	Two norm = 7.6328049e+03	  Rel. residual  2.3297580e-01 
 ... Iteration #17	Two norm = 6.9747097e+03	  Rel. residual  2.2270594e-01 
 ... Iteration #18	Two norm = 6.6922880e+03	  Rel. residual  2.1815042e-01 
 ... Iteration #19	Two norm = 6.4315852e+03	  Rel. residual  2.1385911e-01 
 ... Iteration #20	Two norm = 5.9879191e+03	  Rel. residual  2.0635106e-01 
 ... Iteration #21	Two norm = 5.8297878e+03	  Rel. residual  2.0360813e-01 
 ... Iteration #22	Two norm = 5.4284661e+03	  Rel. residual  1.9647500e-01 
 ... Iteration #23	Two norm = 4.8978572e+03	  Rel. residual  1.8662585e-01 
 ... Iteration #24	Two norm = 4.2936706e+03	  Rel. residual  1.7473628e-01 
 ... Iteration #25	Two norm = 9.4412236e+02	  Rel. residual  8.1937531e-02 
 ... Iteration #26	Two norm = 3.1597829e+02	  Rel. residual  4.7402075e-02 
 ... Iteration #27	Two norm = 6.5438704e+01	  Rel. residual  2.1571785e-02 
 ... Iteration #28	Two norm = 6.0269881e+00	  Rel. residual  6.5466466e-03 
 ... Iteration #29	Two norm = 2.6159462e+00	  Rel. residual  4.3130366e-03 
 ... Iteration #30	Two norm = 5.4163969e-01	  Rel. residual  1.9625647e-03 
 ... Iteration #31	Two norm = 6.8083500e-02	  Rel. residual  6.9580840e-04 
 ... Iteration #32	Two norm = 4.4093812e-03	  Rel. residual  1.7707512e-04 
 ... Iteration #33	Two norm = 7.1563986e-04	  Rel. residual  7.1337189e-05 
 ... Iteration #34	Two norm = 2.0256143e-04	  Rel. residual  3.7953087e-05 
 ... Iteration #35	Two norm = 4.2837768e-06	  Rel. residual  5.5192765e-06 
 ... Iteration #36	Two norm = 1.3034383e-06	  Rel. residual  3.0444860e-06 
 ... Iteration #37	Two norm = 1.4691425e-07	  Rel. residual  1.0221172e-06 
 ... Iteration #38	Two norm = 1.2219219e-08	  Rel. residual  2.9477487e-07 
 ... Iteration #39	Two norm = 7.9548758e-10	  Rel. residual  7.5211705e-08 
 ... Iteration #40	Two norm = 1.4129604e-10	  Rel. residual  3.1698136e-08 
 ... Iteration #41	Two norm = 4.4889056e-11	  Rel. residual  1.7866479e-08 
 ... Iteration #42	Two norm = 6.1860123e-13	  Rel. residual  2.0973655e-09 

 ... Total # Iterations = 42
 ...     Final Two norm = 6.1860123e-13
 ... Postprocessing                 ...
 --------------------------------------

 ---------- PROBLEM PARAMETERS --------
 ... # Nodes              =     189 ...
 ... # Elements           =      80 ...
 ... # Unconstrained dofs =     180 ...
 ... # Constrained dofs   =       9 ...
 ... Total # dofs         =     189 ...
 ... # Loaded dofs        =       9 ...
 ... # Output Files       =       1 ...
 --------------------------------------
 --------------------------------------
 ... Total Time           = 6.35e-02 s
 ... Total Memory Used    = 1.50e-01 Mb
 --------------------------------------
../../bin/aeros -n 2 --dec --nsub 4 tempstatics_FETI_DP_gtempera.inp

 --------- R U N  PARAMETERS ----------
 ... Linear Static Analysis         ... 
 ... Parallel processing: Forking 2 Threads ...
 ... FETI-DP Solver is Selected     ...
 ... Building the Force             ...
 ... Postprocessing                 ...
 ... Print Timers                   ... 
 --------------------------------------

 ---------- PROBLEM PARAMETERS --------
 ... # Nodes              =     189 ...
 ... # Elements           =      80 ...
 ... # Unconstrained dofs =       0 ...
 ... # Constrained dofs   =       9 ...
 ... Total # dofs         =      -1 ...
 ... # Loaded dofs        =       9 ...
 ... # Output Files       =       1 ...
 --------------------------------------
 --------------------------------------
 ... Total Time           = 7.86e-02 s
 ... Total Memory Used    = 8.68e-01 Mb
 ... Total Krylov Iterations =    3 
 --------------------------------------
