../../bin/aeros dsvm35a_sparse_gtempera.inp

 --------- R U N  PARAMETERS ----------
 ... Nonlinear Static Analysis      ... 
 ... Sparse Solver is Selected      ... 
 ... Matrix is singular: size = 6561, rank = 6560, nullity = 1 ...
 --------------------------------------
 ... Newton : Start Step #1 --- Lambda = 1.000000e+00
 ... Matrix is singular: size = 6561, rank = 6560, nullity = 1 ...
 ... Newton : Iter #1 --- Rebuild Tangent Stiffness (res = 5.888893e+02)
 ... Newton : Iter #2 --- Rebuild Tangent Stiffness (res = 5.648799e+03)
 ... Newton : Iter #3 --- Rebuild Tangent Stiffness (res = 1.080221e+02)
 ... Newton : Iter #4 --- Rebuild Tangent Stiffness (res = 5.674563e+00)
 ... Newton : Iter #5 --- Rebuild Tangent Stiffness (res = 1.853603e-02)
 ... Newton : Iter #6 --- Rebuild Tangent Stiffness (res = 1.998049e-07)
 ... Newton : Iter #7 --- Rebuild Tangent Stiffness (res = 1.230506e-10)
 ... Newton : Step #1, Iter #1 converged after 7 iterations
 ... Newton : End Step #1, Iter #1 --- Max Steps = 1, Max Iters = 1
 --------------------------------------

 ---------- PROBLEM PARAMETERS --------
 ... # Nodes              =    6561 ...
 ... # Elements           =    5184 ...
 ... # Unconstrained dofs =    6561 ...
 ... # Constrained dofs   =       0 ...
 ... Total # dofs         =    6561 ...
 ... # Loaded dofs        =      81 ...
 ... # Output Files       =       2 ...
 --------------------------------------
 --------------------------------------
 ... Total Time           = 1.23e+00 s
 ... Total Memory Used    = 1.83e+01 Mb
 ... Total Newton Iterations =    7 
 --------------------------------------
../../bin/aeros dsvm35a_mumps_pivot_gtempera.inp

 --------- R U N  PARAMETERS ----------
 ... Nonlinear Static Analysis      ... 
 ... Mumps Solver is Selected       ... 
 ... Matrix is singular: size = 6561, rank = 6560, nullity = 1 ...
 --------------------------------------
 ... Newton : Start Step #1 --- Lambda = 1.000000e+00
 ... Matrix is singular: size = 6561, rank = 6560, nullity = 1 ...
 ... Newton : Iter #1 --- Rebuild Tangent Stiffness (res = 5.888893e+02)
 ... Newton : Iter #2 --- Rebuild Tangent Stiffness (res = 5.637683e+03)
 ... Newton : Iter #3 --- Rebuild Tangent Stiffness (res = 9.565860e+01)
 ... Newton : Iter #4 --- Rebuild Tangent Stiffness (res = 4.535106e+00)
 ... Newton : Iter #5 --- Rebuild Tangent Stiffness (res = 1.186353e-02)
 ... Newton : Iter #6 --- Rebuild Tangent Stiffness (res = 8.185148e-08)
 ... Newton : Iter #7 --- Rebuild Tangent Stiffness (res = 1.225198e-10)
 ... Newton : Step #1, Iter #1 converged after 7 iterations
 ... Newton : End Step #1, Iter #1 --- Max Steps = 1, Max Iters = 1
 --------------------------------------

 ---------- PROBLEM PARAMETERS --------
 ... # Nodes              =    6561 ...
 ... # Elements           =    5184 ...
 ... # Unconstrained dofs =    6561 ...
 ... # Constrained dofs   =       0 ...
 ... Total # dofs         =    6561 ...
 ... # Loaded dofs        =      81 ...
 ... # Output Files       =       2 ...
 --------------------------------------
 --------------------------------------
 ... Total Time           = 1.43e+00 s
 ... Total Memory Used    = 8.79e+01 Mb
 ... Total Newton Iterations =    7 
 --------------------------------------
