../../bin/aeros dsvm22_sparse_gdisplac.inp

 --------- R U N  PARAMETERS ----------
 ... Linear Static Analysis         ... 
 ... Sparse Solver is Selected      ... 
 ... Building the Force             ...
 ... Postprocessing                 ...
 --------------------------------------

 ---------- PROBLEM PARAMETERS --------
 ... # Nodes              =    1872 ...
 ... # Elements           =    1286 ...
 ... # Unconstrained dofs =    5292 ...
 ... # Constrained dofs   =     324 ...
 ... Total # dofs         =    5616 ...
 ... # Loaded dofs        =       0 ...
 ... # Output Files       =       5 ...
 --------------------------------------
 --------------------------------------
 ... Total Time           = 2.86e-01 s
 ... Total Memory Used    = 1.30e+01 Mb
 --------------------------------------
../../bin/aeros -n 2 --dec --nsub 4 dsvm22_FETI_DP_displacx.inp

 --------- R U N  PARAMETERS ----------
 ... Linear Static Analysis         ... 
 ... Parallel processing: Forking 2 Threads ...
 ... FETI-DP Solver is Selected     ...
 ... Building the Force             ...
 ... Postprocessing                 ...
 ... Print Timers                   ... 
 --------------------------------------

 ---------- PROBLEM PARAMETERS --------
 ... # Nodes              =    1872 ...
 ... # Elements           =    1250 ...
 ... # Unconstrained dofs =       0 ...
 ... # Constrained dofs   =     324 ...
 ... Total # dofs         =      -1 ...
 ... # Loaded dofs        =       0 ...
 ... # Output Files       =       5 ...
 --------------------------------------
 --------------------------------------
 ... Total Time           = 3.55e-01 s
 ... Total Memory Used    = 3.42e+01 Mb
 ... Total Krylov Iterations =    4 
 --------------------------------------
../../bin/aeros dsvm22_sparse_stressvm.inp

 --------- R U N  PARAMETERS ----------
 ... Linear Static Analysis         ... 
 ... Sparse Solver is Selected      ... 
 ... Building the Force             ...
 ... Postprocessing                 ...
 --------------------------------------

 ---------- PROBLEM PARAMETERS --------
 ... # Nodes              =    1872 ...
 ... # Elements           =    1286 ...
 ... # Unconstrained dofs =    5292 ...
 ... # Constrained dofs   =     324 ...
 ... Total # dofs         =    5616 ...
 ... # Loaded dofs        =       0 ...
 ... # Output Files       =       5 ...
 --------------------------------------
 --------------------------------------
 ... Total Time           = 2.56e-01 s
 ... Total Memory Used    = 1.30e+01 Mb
 --------------------------------------
../../bin/aeros -n 2 --dec --nsub 4 dsvm22_FETI_DP_strainvm.inp

 --------- R U N  PARAMETERS ----------
 ... Linear Static Analysis         ... 
 ... Parallel processing: Forking 2 Threads ...
 ... FETI-DP Solver is Selected     ...
 ... Building the Force             ...
 ... Postprocessing                 ...
 ... Print Timers                   ... 
 --------------------------------------

 ---------- PROBLEM PARAMETERS --------
 ... # Nodes              =    1872 ...
 ... # Elements           =    1250 ...
 ... # Unconstrained dofs =       0 ...
 ... # Constrained dofs   =     324 ...
 ... Total # dofs         =      -1 ...
 ... # Loaded dofs        =       0 ...
 ... # Output Files       =       5 ...
 --------------------------------------
 --------------------------------------
 ... Total Time           = 3.38e-01 s
 ... Total Memory Used    = 3.42e+01 Mb
 ... Total Krylov Iterations =    4 
 --------------------------------------
../../bin/aeros dsvm22_sparse_displacx.inp

 --------- R U N  PARAMETERS ----------
 ... Linear Static Analysis         ... 
 ... Sparse Solver is Selected      ... 
 ... Building the Force             ...
 ... Postprocessing                 ...
 --------------------------------------

 ---------- PROBLEM PARAMETERS --------
 ... # Nodes              =    1872 ...
 ... # Elements           =    1286 ...
 ... # Unconstrained dofs =    5292 ...
 ... # Constrained dofs   =     324 ...
 ... Total # dofs         =    5616 ...
 ... # Loaded dofs        =       0 ...
 ... # Output Files       =       5 ...
 --------------------------------------
 --------------------------------------
 ... Total Time           = 2.67e-01 s
 ... Total Memory Used    = 2.54e+01 Mb
 --------------------------------------
../../bin/aeros -n 2 --dec --nsub 4 dsvm22_FETI_DP_stressvm.inp

 --------- R U N  PARAMETERS ----------
 ... Linear Static Analysis         ... 
 ... Parallel processing: Forking 2 Threads ...
 ... FETI-DP Solver is Selected     ...
 ... Building the Force             ...
 ... Postprocessing                 ...
 ... Print Timers                   ... 
 --------------------------------------

 ---------- PROBLEM PARAMETERS --------
 ... # Nodes              =    1872 ...
 ... # Elements           =    1250 ...
 ... # Unconstrained dofs =       0 ...
 ... # Constrained dofs   =     324 ...
 ... Total # dofs         =      -1 ...
 ... # Loaded dofs        =       0 ...
 ... # Output Files       =       5 ...
 --------------------------------------
 --------------------------------------
 ... Total Time           = 3.41e-01 s
 ... Total Memory Used    = 3.44e+01 Mb
 ... Total Krylov Iterations =    5 
 --------------------------------------
../../bin/aeros dsvm22_sparse_strainvm.inp

 --------- R U N  PARAMETERS ----------
 ... Linear Static Analysis         ... 
 ... Sparse Solver is Selected      ... 
 ... Building the Force             ...
 ... Postprocessing                 ...
 --------------------------------------

 ---------- PROBLEM PARAMETERS --------
 ... # Nodes              =    1872 ...
 ... # Elements           =    1286 ...
 ... # Unconstrained dofs =    5292 ...
 ... # Constrained dofs   =     324 ...
 ... Total # dofs         =    5616 ...
 ... # Loaded dofs        =       0 ...
 ... # Output Files       =       5 ...
 --------------------------------------
 --------------------------------------
 ... Total Time           = 3.10e-01 s
 ... Total Memory Used    = 1.30e+01 Mb
 --------------------------------------
../../bin/aeros -n 2 --dec --nsub 4 dsvm22_FETI_DP_gdisplac.inp

 --------- R U N  PARAMETERS ----------
 ... Linear Static Analysis         ... 
 ... Parallel processing: Forking 2 Threads ...
 ... FETI-DP Solver is Selected     ...
 ... Building the Force             ...
 ... Postprocessing                 ...
 ... Print Timers                   ... 
 --------------------------------------

 ---------- PROBLEM PARAMETERS --------
 ... # Nodes              =    1872 ...
 ... # Elements           =    1250 ...
 ... # Unconstrained dofs =       0 ...
 ... # Constrained dofs   =     324 ...
 ... Total # dofs         =      -1 ...
 ... # Loaded dofs        =       0 ...
 ... # Output Files       =       5 ...
 --------------------------------------
 --------------------------------------
 ... Total Time           = 3.52e-01 s
 ... Total Memory Used    = 3.40e+01 Mb
 ... Total Krylov Iterations =    4 
 --------------------------------------
