../../bin/aeros tempnlstatics_sparse_gtempera.inp

 --------- R U N  PARAMETERS ----------
 ... Nonlinear Static Analysis      ... 
 ... Sparse Solver is Selected      ... 
 --------------------------------------
 ... Newton : Start Step #1 --- Lambda = 1.000000e+00
 ... Newton : Iter #1 --- Rebuild Tangent Stiffness (res = 3.750000e+02)
 ... Newton : Iter #2 --- Rebuild Tangent Stiffness (res = 1.073897e-11)
 ... Newton : Step #1, Iter #1 converged after 2 iterations
 ... Newton : End Step #1, Iter #1 --- Max Steps = 1, Max Iters = 1
 --------------------------------------

 ---------- PROBLEM PARAMETERS --------
 ... # Nodes              =     189 ...
 ... # Elements           =      80 ...
 ... # Unconstrained dofs =     180 ...
 ... # Constrained dofs   =       9 ...
 ... Total # dofs         =     189 ...
 ... # Loaded dofs        =       9 ...
 ... # Output Files       =       1 ...
 --------------------------------------
 --------------------------------------
 ... Total Time           = 6.36e-02 s
 ... Total Memory Used    = 2.60e-01 Mb
 ... Total Newton Iterations =    2 
 --------------------------------------
../../bin/aeros tempnlstatics_skyline_gtempera.inp

 --------- R U N  PARAMETERS ----------
 ... Nonlinear Static Analysis      ... 
 ... Skyline Solver is Selected     ... 
 --------------------------------------
 ... Newton : Start Step #1 --- Lambda = 1.000000e+00
 ... Newton : Iter #1 --- Rebuild Tangent Stiffness (res = 3.750000e+02)
 ... Newton : Iter #2 --- Rebuild Tangent Stiffness (res = 1.084030e-11)
 ... Newton : Step #1, Iter #1 converged after 2 iterations
 ... Newton : End Step #1, Iter #1 --- Max Steps = 1, Max Iters = 1
 --------------------------------------

 ---------- PROBLEM PARAMETERS --------
 ... # Nodes              =     189 ...
 ... # Elements           =      80 ...
 ... # Unconstrained dofs =     180 ...
 ... # Constrained dofs   =       9 ...
 ... Total # dofs         =     189 ...
 ... # Loaded dofs        =       9 ...
 ... # Output Files       =       1 ...
 --------------------------------------
 --------------------------------------
 ... Total Time           = 6.29e-02 s
 ... Total Memory Used    = 2.19e-01 Mb
 ... Total Newton Iterations =    2 
 --------------------------------------
../../bin/aeros tempnlstatics_mumps_gtempera.inp

 --------- R U N  PARAMETERS ----------
 ... Nonlinear Static Analysis      ... 
 ... Mumps Solver is Selected       ... 
 --------------------------------------
 ... Newton : Start Step #1 --- Lambda = 1.000000e+00
 ... Newton : Iter #1 --- Rebuild Tangent Stiffness (res = 3.750000e+02)
 ... Newton : Iter #2 --- Rebuild Tangent Stiffness (res = 9.017538e-12)
 ... Newton : Step #1, Iter #1 converged after 2 iterations
 ... Newton : End Step #1, Iter #1 --- Max Steps = 1, Max Iters = 1
 --------------------------------------

 ---------- PROBLEM PARAMETERS --------
 ... # Nodes              =     189 ...
 ... # Elements           =      80 ...
 ... # Unconstrained dofs =     180 ...
 ... # Constrained dofs   =       9 ...
 ... Total # dofs         =     189 ...
 ... # Loaded dofs        =       9 ...
 ... # Output Files       =       1 ...
 --------------------------------------
 --------------------------------------
 ... Total Time           = 7.06e-02 s
 ... Total Memory Used    = 3.21e+00 Mb
 ... Total Newton Iterations =    2 
 --------------------------------------
../../bin/aeros tempnlstatics_spooles_gtempera.inp

 --------- R U N  PARAMETERS ----------
 ... Nonlinear Static Analysis      ... 
 ... Spooles Solver is Selected     ... 
 --------------------------------------
 ... Newton : Start Step #1 --- Lambda = 1.000000e+00
 ... Newton : Iter #1 --- Rebuild Tangent Stiffness (res = 3.750000e+02)
 ... Newton : Iter #2 --- Rebuild Tangent Stiffness (res = 1.114438e-11)
 ... Newton : Step #1, Iter #1 converged after 2 iterations
 ... Newton : End Step #1, Iter #1 --- Max Steps = 1, Max Iters = 1
 --------------------------------------

 ---------- PROBLEM PARAMETERS --------
 ... # Nodes              =     189 ...
 ... # Elements           =      80 ...
 ... # Unconstrained dofs =     180 ...
 ... # Constrained dofs   =       9 ...
 ... Total # dofs         =     189 ...
 ... # Loaded dofs        =       9 ...
 ... # Output Files       =       1 ...
 --------------------------------------
 --------------------------------------
 ... Total Time           = 7.55e-02 s
 ... Total Memory Used    = 2.60e-01 Mb
 ... Total Newton Iterations =    2 
 --------------------------------------
../../bin/aeros tempnlstatics_spooles_pivot_gtempera.inp

 --------- R U N  PARAMETERS ----------
 ... Nonlinear Static Analysis      ... 
 ... Spooles Solver is Selected     ... 
 --------------------------------------
 ... Newton : Start Step #1 --- Lambda = 1.000000e+00
 ... Newton : Iter #1 --- Rebuild Tangent Stiffness (res = 3.750000e+02)
 ... Newton : Iter #2 --- Rebuild Tangent Stiffness (res = 9.105031e-12)
 ... Newton : Step #1, Iter #1 converged after 2 iterations
 ... Newton : End Step #1, Iter #1 --- Max Steps = 1, Max Iters = 1
 --------------------------------------

 ---------- PROBLEM PARAMETERS --------
 ... # Nodes              =     189 ...
 ... # Elements           =      80 ...
 ... # Unconstrained dofs =     180 ...
 ... # Constrained dofs   =       9 ...
 ... Total # dofs         =     189 ...
 ... # Loaded dofs        =       9 ...
 ... # Output Files       =       1 ...
 --------------------------------------
 --------------------------------------
 ... Total Time           = 7.68e-02 s
 ... Total Memory Used    = 2.57e-01 Mb
 ... Total Newton Iterations =    2 
 --------------------------------------
../../bin/aeros tempnlstatics_mumps_pivot_gtempera.inp

 --------- R U N  PARAMETERS ----------
 ... Nonlinear Static Analysis      ... 
 ... Mumps Solver is Selected       ... 
 --------------------------------------
 ... Newton : Start Step #1 --- Lambda = 1.000000e+00
 ... Newton : Iter #1 --- Rebuild Tangent Stiffness (res = 3.750000e+02)
 ... Newton : Iter #2 --- Rebuild Tangent Stiffness (res = 7.796428e-12)
 ... Newton : Step #1, Iter #1 converged after 2 iterations
 ... Newton : End Step #1, Iter #1 --- Max Steps = 1, Max Iters = 1
 --------------------------------------

 ---------- PROBLEM PARAMETERS --------
 ... # Nodes              =     189 ...
 ... # Elements           =      80 ...
 ... # Unconstrained dofs =     180 ...
 ... # Constrained dofs   =       9 ...
 ... Total # dofs         =     189 ...
 ... # Loaded dofs        =       9 ...
 ... # Output Files       =       1 ...
 --------------------------------------
 --------------------------------------
 ... Total Time           = 8.50e-02 s
 ... Total Memory Used    = 3.21e+00 Mb
 ... Total Newton Iterations =    2 
 --------------------------------------
../../bin/aeros -n 2 --dec --nsub 4 tempnlstatics_FETI_DP_gtempera.inp

 --------- R U N  PARAMETERS ----------
 ... Nonlinear Static Analysis      ... 
 ... Parallel processing: Forking 2 Threads ...
 ... FETI-DP Solver is Selected     ...
 --------------------------------------
 ... Newton : Start Step #1 --- Lambda = 1.000000e+00
 ... Newton : Iter #1 --- Rebuild Tangent Stiffness (res = 3.750000e+02)
 ... Newton : Iter #2 --- Rebuild Tangent Stiffness (res = 2.563760e-10)
 ... Newton : Step #1, Iter #1 converged after 2 iterations
 ... Newton : End Step #1, Iter #1 --- Max Steps = 1, Max Iters = 1
 --------------------------------------
 ... Postprocessing                 ...

 ---------- PROBLEM PARAMETERS --------
 ... # Nodes              =     189 ...
 ... # Elements           =      80 ...
 ... # Unconstrained dofs =       0 ...
 ... # Constrained dofs   =       9 ...
 ... Total # dofs         =      -1 ...
 ... # Loaded dofs        =       9 ...
 ... # Output Files       =       1 ...
 --------------------------------------
 --------------------------------------
 ... Total Time           = 7.60e-02 s
 ... Total Memory Used    = 1.12e+00 Mb
 ... Total Newton Iterations =    2 
 ... Total Krylov Iterations =    3 
 --------------------------------------
