../../bin/aeros dsvm32_sparse_gtempera.inp

 --------- R U N  PARAMETERS ----------
 ... Linear Static Analysis         ... 
 ... Sparse Solver is Selected      ... 
 ... Building the Force             ...
 ... Postprocessing                 ...
 --------------------------------------

 ---------- PROBLEM PARAMETERS --------
 ... # Nodes              =   97920 ...
 ... # Elements           =   87210 ...
 ... # Unconstrained dofs =   96900 ...
 ... # Constrained dofs   =       0 ...
 ... Total # dofs         =   96900 ...
 ... # Loaded dofs        =    3800 ...
 ... # Output Files       =       2 ...
 --------------------------------------
 --------------------------------------
 ... Total Time           = 1.88e+01 s
 ... Total Memory Used    = 5.40e+02 Mb
 --------------------------------------
../../bin/aeros dsvm32_mumps_gtempera.inp

 --------- R U N  PARAMETERS ----------
 ... Linear Static Analysis         ... 
 ... Mumps Solver is Selected       ... 
 ... Building the Force             ...
 ... Postprocessing                 ...
 --------------------------------------

 ---------- PROBLEM PARAMETERS --------
 ... # Nodes              =   97920 ...
 ... # Elements           =   87210 ...
 ... # Unconstrained dofs =   96900 ...
 ... # Constrained dofs   =       0 ...
 ... Total # dofs         =   96900 ...
 ... # Loaded dofs        =    3800 ...
 ... # Output Files       =       2 ...
 --------------------------------------
 --------------------------------------
 ... Total Time           = 9.89e+00 s
 ... Total Memory Used    = 4.20e+02 Mb
 --------------------------------------
../../bin/aeros dsvm32_spooles_gtempera.inp

 --------- R U N  PARAMETERS ----------
 ... Linear Static Analysis         ... 
 ... Spooles Solver is Selected     ... 
 ... Building the Force             ...
 ... Postprocessing                 ...
 --------------------------------------

 ---------- PROBLEM PARAMETERS --------
 ... # Nodes              =   97920 ...
 ... # Elements           =   87210 ...
 ... # Unconstrained dofs =   96900 ...
 ... # Constrained dofs   =       0 ...
 ... Total # dofs         =   96900 ...
 ... # Loaded dofs        =    3800 ...
 ... # Output Files       =       2 ...
 --------------------------------------
 --------------------------------------
 ... Total Time           = 1.54e+01 s
 ... Total Memory Used    = 3.78e+02 Mb
 --------------------------------------
../../bin/aeros dsvm32_spooles_pivot_gtempera.inp

 --------- R U N  PARAMETERS ----------
 ... Linear Static Analysis         ... 
 ... Spooles Solver is Selected     ... 
 ... Building the Force             ...
 ... Postprocessing                 ...
 --------------------------------------

 ---------- PROBLEM PARAMETERS --------
 ... # Nodes              =   97920 ...
 ... # Elements           =   87210 ...
 ... # Unconstrained dofs =   96900 ...
 ... # Constrained dofs   =       0 ...
 ... Total # dofs         =   96900 ...
 ... # Loaded dofs        =    3800 ...
 ... # Output Files       =       2 ...
 --------------------------------------
 --------------------------------------
 ... Total Time           = 1.60e+01 s
 ... Total Memory Used    = 3.77e+02 Mb
 --------------------------------------
../../bin/aeros dsvm32_mumps_pivot_gtempera.inp

 --------- R U N  PARAMETERS ----------
 ... Linear Static Analysis         ... 
 ... Mumps Solver is Selected       ... 
 ... Building the Force             ...
 ... Postprocessing                 ...
 --------------------------------------

 ---------- PROBLEM PARAMETERS --------
 ... # Nodes              =   97920 ...
 ... # Elements           =   87210 ...
 ... # Unconstrained dofs =   96900 ...
 ... # Constrained dofs   =       0 ...
 ... Total # dofs         =   96900 ...
 ... # Loaded dofs        =    3800 ...
 ... # Output Files       =       2 ...
 --------------------------------------
 --------------------------------------
 ... Total Time           = 1.10e+01 s
 ... Total Memory Used    = 4.64e+02 Mb
 --------------------------------------
../../bin/aeros -n 2 --dec --nsub 4 dsvm32_FETI_DP_gtempera.inp

 --------- R U N  PARAMETERS ----------
 ... Linear Static Analysis         ... 
 ... Parallel processing: Forking 2 Threads ...
 ... FETI-DP Solver is Selected     ...
 ... Building the Force             ...
 ... Postprocessing                 ...
 ... Print Timers                   ... 
 --------------------------------------

 ---------- PROBLEM PARAMETERS --------
 ... # Nodes              =   97920 ...
 ... # Elements           =   87210 ...
 ... # Unconstrained dofs =       0 ...
 ... # Constrained dofs   =       0 ...
 ... Total # dofs         =      -1 ...
 ... # Loaded dofs        =    3800 ...
 ... # Output Files       =       2 ...
 --------------------------------------
 --------------------------------------
 ... Total Time           = 1.58e+01 s
 ... Total Memory Used    = 8.26e+02 Mb
 ... Total Krylov Iterations =   16 
 --------------------------------------
