../../bin/aeros dsvm2_sparse_stressxx.inp

 --------- R U N  PARAMETERS ----------
 ... Linear Static Analysis         ... 
 ... Sparse Solver is Selected      ... 
 ... Building the Force             ...
 ... Postprocessing                 ...
 --------------------------------------

 ---------- PROBLEM PARAMETERS --------
 ... # Nodes              =  104720 ...
 ... # Elements           =   93100 ...
 ... # Unconstrained dofs =  312972 ...
 ... # Constrained dofs   =    1188 ...
 ... Total # dofs         =  314160 ...
 ... # Loaded dofs        =       0 ...
 ... # Output Files       =       1 ...
 --------------------------------------
 --------------------------------------
 ... Total Time           = 1.60e+02 s
 ... Total Memory Used    = 3.00e+03 Mb
 --------------------------------------
../../bin/aeros dsvm2_mumps_pivot_strainxx.inp

 --------- R U N  PARAMETERS ----------
 ... Linear Static Analysis         ... 
 ... Mumps Solver is Selected       ... 
 ... Building the Force             ...
 ... Postprocessing                 ...
 --------------------------------------

 ---------- PROBLEM PARAMETERS --------
 ... # Nodes              =  104720 ...
 ... # Elements           =   93100 ...
 ... # Unconstrained dofs =  312972 ...
 ... # Constrained dofs   =    1188 ...
 ... Total # dofs         =  314160 ...
 ... # Loaded dofs        =       0 ...
 ... # Output Files       =       1 ...
 --------------------------------------
 --------------------------------------
 ... Total Time           = 1.57e+02 s
 ... Total Memory Used    = 3.39e+03 Mb
 --------------------------------------
../../bin/aeros dsvm2_mumps_stressxx.inp

 --------- R U N  PARAMETERS ----------
 ... Linear Static Analysis         ... 
 ... Mumps Solver is Selected       ... 
 ... Building the Force             ...
 ... Postprocessing                 ...
 --------------------------------------

 ---------- PROBLEM PARAMETERS --------
 ... # Nodes              =  104720 ...
 ... # Elements           =   93100 ...
 ... # Unconstrained dofs =  312972 ...
 ... # Constrained dofs   =    1188 ...
 ... Total # dofs         =  314160 ...
 ... # Loaded dofs        =       0 ...
 ... # Output Files       =       1 ...
 --------------------------------------
 --------------------------------------
 ... Total Time           = 1.08e+02 s
 ... Total Memory Used    = 3.02e+03 Mb
 --------------------------------------
../../bin/aeros dsvm2_spooles_strainxx.inp

 --------- R U N  PARAMETERS ----------
 ... Linear Static Analysis         ... 
 ... Spooles Solver is Selected     ... 
 ... Building the Force             ...
 ... Postprocessing                 ...
 --------------------------------------

 ---------- PROBLEM PARAMETERS --------
 ... # Nodes              =  104720 ...
 ... # Elements           =   93100 ...
 ... # Unconstrained dofs =  312972 ...
 ... # Constrained dofs   =    1188 ...
 ... Total # dofs         =  314160 ...
 ... # Loaded dofs        =       0 ...
 ... # Output Files       =       1 ...
 --------------------------------------
 --------------------------------------
 ... Total Time           = 2.76e+02 s
 ... Total Memory Used    = 3.11e+03 Mb
 --------------------------------------
../../bin/aeros dsvm2_spooles_pivot_stressxx.inp

 --------- R U N  PARAMETERS ----------
 ... Linear Static Analysis         ... 
 ... Spooles Solver is Selected     ... 
 ... Building the Force             ...
 ... Postprocessing                 ...
 --------------------------------------

 ---------- PROBLEM PARAMETERS --------
 ... # Nodes              =  104720 ...
 ... # Elements           =   93100 ...
 ... # Unconstrained dofs =  312972 ...
 ... # Constrained dofs   =    1188 ...
 ... Total # dofs         =  314160 ...
 ... # Loaded dofs        =       0 ...
 ... # Output Files       =       1 ...
 --------------------------------------
 --------------------------------------
 ... Total Time           = 2.84e+02 s
 ... Total Memory Used    = 3.10e+03 Mb
 --------------------------------------
../../bin/aeros -n 2 --dec --nsub 4 dsvm2_FETI_DP_strainxx.inp

 --------- R U N  PARAMETERS ----------
 ... Linear Static Analysis         ... 
 ... Parallel processing: Forking 2 Threads ...
 ... FETI-DP Solver is Selected     ...
 ... Building the Force             ...
 ... Postprocessing                 ...
 ... Print Timers                   ... 
 --------------------------------------

 ---------- PROBLEM PARAMETERS --------
 ... # Nodes              =  104720 ...
 ... # Elements           =   93100 ...
 ... # Unconstrained dofs =       0 ...
 ... # Constrained dofs   =    1188 ...
 ... Total # dofs         =      -1 ...
 ... # Loaded dofs        =       0 ...
 ... # Output Files       =       1 ...
 --------------------------------------
 --------------------------------------
 ... Total Time           = 2.17e+02 s
 ... Total Memory Used    = 6.00e+03 Mb
 ... Total Krylov Iterations =   42 
 --------------------------------------
