../../bin/aeros freqsweep_spooles_pivot_gdisplac.inp

 --------- R U N  PARAMETERS ----------
 ... Linear Static Analysis         ... 
 ... Spooles Solver is Selected     ... 
 ... Frequency Response Helmholtz Analysis in Complex Domain ...
 ... Frequency Sweep Analysis       ... 
 ... Number of coarse freqencies =   3     ... 
 ... Number of extrapolated freqencies =  18     ... 

 ... Solving RHS #  0               ...
 ... Building the Force             ...

 ... Solving RHS #  1               ...

 ... Solving RHS #  2               ...

 ... Solving RHS #  3               ...

 ... Solving RHS #  4               ...

 ... Solving RHS #  5               ...

 ... Solving RHS #  6               ...

 ... Solving RHS #  7               ...

 ... Solving RHS #  8               ...

 ... Solving RHS #  9               ...
 ... Postprocessing                 ...
 --------------------------------------

 ... Rebuilding LHS with frequency = 2.000000 ... 

 ... Solving RHS #  0               ...
 ... Building the Force             ...

 ... Solving RHS #  1               ...

 ... Solving RHS #  2               ...

 ... Solving RHS #  3               ...

 ... Solving RHS #  4               ...

 ... Solving RHS #  5               ...

 ... Solving RHS #  6               ...

 ... Solving RHS #  7               ...

 ... Solving RHS #  8               ...

 ... Solving RHS #  9               ...
 --------------------------------------
 ... Reconstructing solution for f = 1.100000 ...
 ... Computing 2-point Pade coefficients (l = 9, m = 10) ... 
 --------------------------------------
 ... Reconstructing solution for f = 1.200000 ...
 --------------------------------------
 ... Reconstructing solution for f = 1.300000 ...
 --------------------------------------
 ... Reconstructing solution for f = 1.400000 ...
 --------------------------------------
 ... Reconstructing solution for f = 1.500000 ...
 --------------------------------------
 ... Reconstructing solution for f = 1.600000 ...
 --------------------------------------
 ... Reconstructing solution for f = 1.700000 ...
 --------------------------------------
 ... Reconstructing solution for f = 1.800000 ...
 --------------------------------------
 ... Reconstructing solution for f = 1.900000 ...
 --------------------------------------
 --------------------------------------

 ... Rebuilding LHS with frequency = 3.000000 ... 

 ... Solving RHS #  0               ...
 ... Building the Force             ...

 ... Solving RHS #  1               ...

 ... Solving RHS #  2               ...

 ... Solving RHS #  3               ...

 ... Solving RHS #  4               ...

 ... Solving RHS #  5               ...

 ... Solving RHS #  6               ...

 ... Solving RHS #  7               ...

 ... Solving RHS #  8               ...

 ... Solving RHS #  9               ...
 --------------------------------------
 ... Reconstructing solution for f = 2.100000 ...
 ... Computing 2-point Pade coefficients (l = 9, m = 10) ... 
 --------------------------------------
 ... Reconstructing solution for f = 2.200000 ...
 --------------------------------------
 ... Reconstructing solution for f = 2.300000 ...
 --------------------------------------
 ... Reconstructing solution for f = 2.400000 ...
 --------------------------------------
 ... Reconstructing solution for f = 2.500000 ...
 --------------------------------------
 ... Reconstructing solution for f = 2.600000 ...
 --------------------------------------
 ... Reconstructing solution for f = 2.700000 ...
 --------------------------------------
 ... Reconstructing solution for f = 2.800000 ...
 --------------------------------------
 ... Reconstructing solution for f = 2.900000 ...
 --------------------------------------
 --------------------------------------

 ---------- PROBLEM PARAMETERS --------
 ... # Nodes              =     189 ...
 ... # Elements           =      80 ...
 ... # Unconstrained dofs =     540 ...
 ... # Constrained dofs   =      27 ...
 ... Total # dofs         =     567 ...
 ... # Loaded dofs        =       9 ...
 ... # Output Files       =       1 ...
 --------------------------------------
 --------------------------------------
 ... Total Time           = 5.36e-01 s
 ... Total Memory Used    = 5.37e+00 Mb
 --------------------------------------
../../bin/aeros freqsweep_mumps_pivot_displmod.inp

 --------- R U N  PARAMETERS ----------
 ... Linear Static Analysis         ... 
 ... Mumps Solver is Selected       ... 
 ... Frequency Response Helmholtz Analysis in Complex Domain ...
 ... Frequency Sweep Analysis       ... 
 ... Number of coarse freqencies =   3     ... 
 ... Number of extrapolated freqencies =  18     ... 

 ... Solving RHS #  0               ...
 ... Building the Force             ...

 ... Solving RHS #  1               ...

 ... Solving RHS #  2               ...

 ... Solving RHS #  3               ...

 ... Solving RHS #  4               ...

 ... Solving RHS #  5               ...

 ... Solving RHS #  6               ...

 ... Solving RHS #  7               ...

 ... Solving RHS #  8               ...

 ... Solving RHS #  9               ...
 ... Postprocessing                 ...
 --------------------------------------

 ... Rebuilding LHS with frequency = 2.000000 ... 

 ... Solving RHS #  0               ...
 ... Building the Force             ...

 ... Solving RHS #  1               ...

 ... Solving RHS #  2               ...

 ... Solving RHS #  3               ...

 ... Solving RHS #  4               ...

 ... Solving RHS #  5               ...

 ... Solving RHS #  6               ...

 ... Solving RHS #  7               ...

 ... Solving RHS #  8               ...

 ... Solving RHS #  9               ...
 --------------------------------------
 ... Reconstructing solution for f = 1.100000 ...
 ... Computing 2-point Pade coefficients (l = 9, m = 10) ... 
 --------------------------------------
 ... Reconstructing solution for f = 1.200000 ...
 --------------------------------------
 ... Reconstructing solution for f = 1.300000 ...
 --------------------------------------
 ... Reconstructing solution for f = 1.400000 ...
 --------------------------------------
 ... Reconstructing solution for f = 1.500000 ...
 --------------------------------------
 ... Reconstructing solution for f = 1.600000 ...
 --------------------------------------
 ... Reconstructing solution for f = 1.700000 ...
 --------------------------------------
 ... Reconstructing solution for f = 1.800000 ...
 --------------------------------------
 ... Reconstructing solution for f = 1.900000 ...
 --------------------------------------
 --------------------------------------

 ... Rebuilding LHS with frequency = 3.000000 ... 

 ... Solving RHS #  0               ...
 ... Building the Force             ...

 ... Solving RHS #  1               ...

 ... Solving RHS #  2               ...

 ... Solving RHS #  3               ...

 ... Solving RHS #  4               ...

 ... Solving RHS #  5               ...

 ... Solving RHS #  6               ...

 ... Solving RHS #  7               ...

 ... Solving RHS #  8               ...

 ... Solving RHS #  9               ...
 --------------------------------------
 ... Reconstructing solution for f = 2.100000 ...
 ... Computing 2-point Pade coefficients (l = 9, m = 10) ... 
 --------------------------------------
 ... Reconstructing solution for f = 2.200000 ...
 --------------------------------------
 ... Reconstructing solution for f = 2.300000 ...
 --------------------------------------
 ... Reconstructing solution for f = 2.400000 ...
 --------------------------------------
 ... Reconstructing solution for f = 2.500000 ...
 --------------------------------------
 ... Reconstructing solution for f = 2.600000 ...
 --------------------------------------
 ... Reconstructing solution for f = 2.700000 ...
 --------------------------------------
 ... Reconstructing solution for f = 2.800000 ...
 --------------------------------------
 ... Reconstructing solution for f = 2.900000 ...
 --------------------------------------
 --------------------------------------

 ---------- PROBLEM PARAMETERS --------
 ... # Nodes              =     189 ...
 ... # Elements           =      80 ...
 ... # Unconstrained dofs =     540 ...
 ... # Constrained dofs   =      27 ...
 ... Total # dofs         =     567 ...
 ... # Loaded dofs        =       9 ...
 ... # Output Files       =       1 ...
 --------------------------------------
 --------------------------------------
 ... Total Time           = 1.35e+00 s
 ... Total Memory Used    = 1.07e+01 Mb
 --------------------------------------
../../bin/aeros -n 2 --dec --nsub 4 freqsweep_FETI_DPH_gdispmod.inp

 --------- R U N  PARAMETERS ----------
 ... Linear Static Analysis         ... 
 ... Parallel processing: Forking 2 Threads ...
 ... Frequency Response Analysis in Complex Domain ...
 ... FETI-DP Solver is Selected     ...
 ... Frequency Sweep Analysis       ... 
 ... Number of coarse freqencies =   3     ... 
 ... Number of extrapolated freqencies =  18     ... 

 ... Solving RHS #  0               ...
 ... Building the Force             ...
 *** WARNING: CG is not valid for all complex symmetric matrices even if positive definite.
 *** If your matrix is complex hermitian include "outerloop CG hermitian" under FETI in your input file.
 *** Otherwise, "outerloop GMRES" or "outerloop GCR" are safer choices.

 ... Solving RHS #  1               ...
 *** WARNING: CG is not valid for all complex symmetric matrices even if positive definite.
 *** If your matrix is complex hermitian include "outerloop CG hermitian" under FETI in your input file.
 *** Otherwise, "outerloop GMRES" or "outerloop GCR" are safer choices.

 ... Solving RHS #  2               ...
 *** WARNING: CG is not valid for all complex symmetric matrices even if positive definite.
 *** If your matrix is complex hermitian include "outerloop CG hermitian" under FETI in your input file.
 *** Otherwise, "outerloop GMRES" or "outerloop GCR" are safer choices.

 ... Solving RHS #  3               ...
 *** WARNING: CG is not valid for all complex symmetric matrices even if positive definite.
 *** If your matrix is complex hermitian include "outerloop CG hermitian" under FETI in your input file.
 *** Otherwise, "outerloop GMRES" or "outerloop GCR" are safer choices.

 ... Solving RHS #  4               ...
 *** WARNING: CG is not valid for all complex symmetric matrices even if positive definite.
 *** If your matrix is complex hermitian include "outerloop CG hermitian" under FETI in your input file.
 *** Otherwise, "outerloop GMRES" or "outerloop GCR" are safer choices.

 ... Solving RHS #  5               ...
 *** WARNING: CG is not valid for all complex symmetric matrices even if positive definite.
 *** If your matrix is complex hermitian include "outerloop CG hermitian" under FETI in your input file.
 *** Otherwise, "outerloop GMRES" or "outerloop GCR" are safer choices.

 ... Solving RHS #  6               ...
 *** WARNING: CG is not valid for all complex symmetric matrices even if positive definite.
 *** If your matrix is complex hermitian include "outerloop CG hermitian" under FETI in your input file.
 *** Otherwise, "outerloop GMRES" or "outerloop GCR" are safer choices.

 ... Solving RHS #  7               ...
 *** WARNING: CG is not valid for all complex symmetric matrices even if positive definite.
 *** If your matrix is complex hermitian include "outerloop CG hermitian" under FETI in your input file.
 *** Otherwise, "outerloop GMRES" or "outerloop GCR" are safer choices.

 ... Solving RHS #  8               ...
 *** WARNING: CG is not valid for all complex symmetric matrices even if positive definite.
 *** If your matrix is complex hermitian include "outerloop CG hermitian" under FETI in your input file.
 *** Otherwise, "outerloop GMRES" or "outerloop GCR" are safer choices.

 ... Solving RHS #  9               ...
 *** WARNING: CG is not valid for all complex symmetric matrices even if positive definite.
 *** If your matrix is complex hermitian include "outerloop CG hermitian" under FETI in your input file.
 *** Otherwise, "outerloop GMRES" or "outerloop GCR" are safer choices.
 ... Postprocessing                 ...
 --------------------------------------

 ... Rebuilding LHS with frequency = 2.000000 ... 

 ... Solving RHS #  0               ...
 ... Building the Force             ...
 *** WARNING: CG is not valid for all complex symmetric matrices even if positive definite.
 *** If your matrix is complex hermitian include "outerloop CG hermitian" under FETI in your input file.
 *** Otherwise, "outerloop GMRES" or "outerloop GCR" are safer choices.

 ... Solving RHS #  1               ...
 *** WARNING: CG is not valid for all complex symmetric matrices even if positive definite.
 *** If your matrix is complex hermitian include "outerloop CG hermitian" under FETI in your input file.
 *** Otherwise, "outerloop GMRES" or "outerloop GCR" are safer choices.

 ... Solving RHS #  2               ...
 *** WARNING: CG is not valid for all complex symmetric matrices even if positive definite.
 *** If your matrix is complex hermitian include "outerloop CG hermitian" under FETI in your input file.
 *** Otherwise, "outerloop GMRES" or "outerloop GCR" are safer choices.

 ... Solving RHS #  3               ...
 *** WARNING: CG is not valid for all complex symmetric matrices even if positive definite.
 *** If your matrix is complex hermitian include "outerloop CG hermitian" under FETI in your input file.
 *** Otherwise, "outerloop GMRES" or "outerloop GCR" are safer choices.

 ... Solving RHS #  4               ...
 *** WARNING: CG is not valid for all complex symmetric matrices even if positive definite.
 *** If your matrix is complex hermitian include "outerloop CG hermitian" under FETI in your input file.
 *** Otherwise, "outerloop GMRES" or "outerloop GCR" are safer choices.

 ... Solving RHS #  5               ...
 *** WARNING: CG is not valid for all complex symmetric matrices even if positive definite.
 *** If your matrix is complex hermitian include "outerloop CG hermitian" under FETI in your input file.
 *** Otherwise, "outerloop GMRES" or "outerloop GCR" are safer choices.

 ... Solving RHS #  6               ...
 *** WARNING: CG is not valid for all complex symmetric matrices even if positive definite.
 *** If your matrix is complex hermitian include "outerloop CG hermitian" under FETI in your input file.
 *** Otherwise, "outerloop GMRES" or "outerloop GCR" are safer choices.

 ... Solving RHS #  7               ...
 *** WARNING: CG is not valid for all complex symmetric matrices even if positive definite.
 *** If your matrix is complex hermitian include "outerloop CG hermitian" under FETI in your input file.
 *** Otherwise, "outerloop GMRES" or "outerloop GCR" are safer choices.

 ... Solving RHS #  8               ...
 *** WARNING: CG is not valid for all complex symmetric matrices even if positive definite.
 *** If your matrix is complex hermitian include "outerloop CG hermitian" under FETI in your input file.
 *** Otherwise, "outerloop GMRES" or "outerloop GCR" are safer choices.

 ... Solving RHS #  9               ...
 *** WARNING: CG is not valid for all complex symmetric matrices even if positive definite.
 *** If your matrix is complex hermitian include "outerloop CG hermitian" under FETI in your input file.
 *** Otherwise, "outerloop GMRES" or "outerloop GCR" are safer choices.
 --------------------------------------
 ... Reconstructing solution for f = 1.100000 ...
 ... Computing 2-point Pade coefficients (l = 9, m = 10) ... 
 ... Postprocessing                 ...
 --------------------------------------
 ... Reconstructing solution for f = 1.200000 ...
 ... Postprocessing                 ...
 --------------------------------------
 ... Reconstructing solution for f = 1.300000 ...
 ... Postprocessing                 ...
 --------------------------------------
 ... Reconstructing solution for f = 1.400000 ...
 ... Postprocessing                 ...
 --------------------------------------
 ... Reconstructing solution for f = 1.500000 ...
 ... Postprocessing                 ...
 --------------------------------------
 ... Reconstructing solution for f = 1.600000 ...
 ... Postprocessing                 ...
 --------------------------------------
 ... Reconstructing solution for f = 1.700000 ...
 ... Postprocessing                 ...
 --------------------------------------
 ... Reconstructing solution for f = 1.800000 ...
 ... Postprocessing                 ...
 --------------------------------------
 ... Reconstructing solution for f = 1.900000 ...
 ... Postprocessing                 ...
 --------------------------------------
 ... Postprocessing                 ...
 --------------------------------------

 ... Rebuilding LHS with frequency = 3.000000 ... 

 ... Solving RHS #  0               ...
 ... Building the Force             ...
 *** WARNING: CG is not valid for all complex symmetric matrices even if positive definite.
 *** If your matrix is complex hermitian include "outerloop CG hermitian" under FETI in your input file.
 *** Otherwise, "outerloop GMRES" or "outerloop GCR" are safer choices.

 ... Solving RHS #  1               ...
 *** WARNING: CG is not valid for all complex symmetric matrices even if positive definite.
 *** If your matrix is complex hermitian include "outerloop CG hermitian" under FETI in your input file.
 *** Otherwise, "outerloop GMRES" or "outerloop GCR" are safer choices.

 ... Solving RHS #  2               ...
 *** WARNING: CG is not valid for all complex symmetric matrices even if positive definite.
 *** If your matrix is complex hermitian include "outerloop CG hermitian" under FETI in your input file.
 *** Otherwise, "outerloop GMRES" or "outerloop GCR" are safer choices.

 ... Solving RHS #  3               ...
 *** WARNING: CG is not valid for all complex symmetric matrices even if positive definite.
 *** If your matrix is complex hermitian include "outerloop CG hermitian" under FETI in your input file.
 *** Otherwise, "outerloop GMRES" or "outerloop GCR" are safer choices.

 ... Solving RHS #  4               ...
 *** WARNING: CG is not valid for all complex symmetric matrices even if positive definite.
 *** If your matrix is complex hermitian include "outerloop CG hermitian" under FETI in your input file.
 *** Otherwise, "outerloop GMRES" or "outerloop GCR" are safer choices.

 ... Solving RHS #  5               ...
 *** WARNING: CG is not valid for all complex symmetric matrices even if positive definite.
 *** If your matrix is complex hermitian include "outerloop CG hermitian" under FETI in your input file.
 *** Otherwise, "outerloop GMRES" or "outerloop GCR" are safer choices.

 ... Solving RHS #  6               ...
 *** WARNING: CG is not valid for all complex symmetric matrices even if positive definite.
 *** If your matrix is complex hermitian include "outerloop CG hermitian" under FETI in your input file.
 *** Otherwise, "outerloop GMRES" or "outerloop GCR" are safer choices.

 ... Solving RHS #  7               ...
 *** WARNING: CG is not valid for all complex symmetric matrices even if positive definite.
 *** If your matrix is complex hermitian include "outerloop CG hermitian" under FETI in your input file.
 *** Otherwise, "outerloop GMRES" or "outerloop GCR" are safer choices.

 ... Solving RHS #  8               ...
 *** WARNING: CG is not valid for all complex symmetric matrices even if positive definite.
 *** If your matrix is complex hermitian include "outerloop CG hermitian" under FETI in your input file.
 *** Otherwise, "outerloop GMRES" or "outerloop GCR" are safer choices.

 ... Solving RHS #  9               ...
 *** WARNING: CG is not valid for all complex symmetric matrices even if positive definite.
 *** If your matrix is complex hermitian include "outerloop CG hermitian" under FETI in your input file.
 *** Otherwise, "outerloop GMRES" or "outerloop GCR" are safer choices.
 --------------------------------------
 ... Reconstructing solution for f = 2.100000 ...
 ... Computing 2-point Pade coefficients (l = 9, m = 10) ... 
 ... Postprocessing                 ...
 --------------------------------------
 ... Reconstructing solution for f = 2.200000 ...
 ... Postprocessing                 ...
 --------------------------------------
 ... Reconstructing solution for f = 2.300000 ...
 ... Postprocessing                 ...
 --------------------------------------
 ... Reconstructing solution for f = 2.400000 ...
 ... Postprocessing                 ...
 --------------------------------------
 ... Reconstructing solution for f = 2.500000 ...
 ... Postprocessing                 ...
 --------------------------------------
 ... Reconstructing solution for f = 2.600000 ...
 ... Postprocessing                 ...
 --------------------------------------
 ... Reconstructing solution for f = 2.700000 ...
 ... Postprocessing                 ...
 --------------------------------------
 ... Reconstructing solution for f = 2.800000 ...
 ... Postprocessing                 ...
 --------------------------------------
 ... Reconstructing solution for f = 2.900000 ...
 ... Postprocessing                 ...
 ... Print Timers                   ... 
 --------------------------------------
 ... Postprocessing                 ...
 --------------------------------------

 ---------- PROBLEM PARAMETERS --------
 ... # Nodes              =     189 ...
 ... # Elements           =      80 ...
 ... # Unconstrained dofs =       0 ...
 ... # Constrained dofs   =      27 ...
 ... Total # dofs         =      -1 ...
 ... # Loaded dofs        =       9 ...
 ... # Output Files       =       1 ...
 --------------------------------------
 --------------------------------------
 ... Total Time           = 1.11e+00 s
 ... Total Memory Used    = 2.01e+01 Mb
 ... Total Krylov Iterations =   28 
 --------------------------------------
../../bin/aeros freqsweep_spooles_pivot_displacx.inp

 --------- R U N  PARAMETERS ----------
 ... Linear Static Analysis         ... 
 ... Spooles Solver is Selected     ... 
 ... Frequency Response Helmholtz Analysis in Complex Domain ...
 ... Frequency Sweep Analysis       ... 
 ... Number of coarse freqencies =   3     ... 
 ... Number of extrapolated freqencies =  18     ... 

 ... Solving RHS #  0               ...
 ... Building the Force             ...

 ... Solving RHS #  1               ...

 ... Solving RHS #  2               ...

 ... Solving RHS #  3               ...

 ... Solving RHS #  4               ...

 ... Solving RHS #  5               ...

 ... Solving RHS #  6               ...

 ... Solving RHS #  7               ...

 ... Solving RHS #  8               ...

 ... Solving RHS #  9               ...
 ... Postprocessing                 ...
 --------------------------------------

 ... Rebuilding LHS with frequency = 2.000000 ... 

 ... Solving RHS #  0               ...
 ... Building the Force             ...

 ... Solving RHS #  1               ...

 ... Solving RHS #  2               ...

 ... Solving RHS #  3               ...

 ... Solving RHS #  4               ...

 ... Solving RHS #  5               ...

 ... Solving RHS #  6               ...

 ... Solving RHS #  7               ...

 ... Solving RHS #  8               ...

 ... Solving RHS #  9               ...
 --------------------------------------
 ... Reconstructing solution for f = 1.100000 ...
 ... Computing 2-point Pade coefficients (l = 9, m = 10) ... 
 --------------------------------------
 ... Reconstructing solution for f = 1.200000 ...
 --------------------------------------
 ... Reconstructing solution for f = 1.300000 ...
 --------------------------------------
 ... Reconstructing solution for f = 1.400000 ...
 --------------------------------------
 ... Reconstructing solution for f = 1.500000 ...
 --------------------------------------
 ... Reconstructing solution for f = 1.600000 ...
 --------------------------------------
 ... Reconstructing solution for f = 1.700000 ...
 --------------------------------------
 ... Reconstructing solution for f = 1.800000 ...
 --------------------------------------
 ... Reconstructing solution for f = 1.900000 ...
 --------------------------------------
 --------------------------------------

 ... Rebuilding LHS with frequency = 3.000000 ... 

 ... Solving RHS #  0               ...
 ... Building the Force             ...

 ... Solving RHS #  1               ...

 ... Solving RHS #  2               ...

 ... Solving RHS #  3               ...

 ... Solving RHS #  4               ...

 ... Solving RHS #  5               ...

 ... Solving RHS #  6               ...

 ... Solving RHS #  7               ...

 ... Solving RHS #  8               ...

 ... Solving RHS #  9               ...
 --------------------------------------
 ... Reconstructing solution for f = 2.100000 ...
 ... Computing 2-point Pade coefficients (l = 9, m = 10) ... 
 --------------------------------------
 ... Reconstructing solution for f = 2.200000 ...
 --------------------------------------
 ... Reconstructing solution for f = 2.300000 ...
 --------------------------------------
 ... Reconstructing solution for f = 2.400000 ...
 --------------------------------------
 ... Reconstructing solution for f = 2.500000 ...
 --------------------------------------
 ... Reconstructing solution for f = 2.600000 ...
 --------------------------------------
 ... Reconstructing solution for f = 2.700000 ...
 --------------------------------------
 ... Reconstructing solution for f = 2.800000 ...
 --------------------------------------
 ... Reconstructing solution for f = 2.900000 ...
 --------------------------------------
 --------------------------------------

 ---------- PROBLEM PARAMETERS --------
 ... # Nodes              =     189 ...
 ... # Elements           =      80 ...
 ... # Unconstrained dofs =     540 ...
 ... # Constrained dofs   =      27 ...
 ... Total # dofs         =     567 ...
 ... # Loaded dofs        =       9 ...
 ... # Output Files       =       1 ...
 --------------------------------------
 --------------------------------------
 ... Total Time           = 3.78e-01 s
 ... Total Memory Used    = 5.41e+00 Mb
 --------------------------------------
../../bin/aeros freqsweep_mumps_pivot_displacy.inp

 --------- R U N  PARAMETERS ----------
 ... Linear Static Analysis         ... 
 ... Mumps Solver is Selected       ... 
 ... Frequency Response Helmholtz Analysis in Complex Domain ...
 ... Frequency Sweep Analysis       ... 
 ... Number of coarse freqencies =   3     ... 
 ... Number of extrapolated freqencies =  18     ... 

 ... Solving RHS #  0               ...
 ... Building the Force             ...

 ... Solving RHS #  1               ...

 ... Solving RHS #  2               ...

 ... Solving RHS #  3               ...

 ... Solving RHS #  4               ...

 ... Solving RHS #  5               ...

 ... Solving RHS #  6               ...

 ... Solving RHS #  7               ...

 ... Solving RHS #  8               ...

 ... Solving RHS #  9               ...
 ... Postprocessing                 ...
 --------------------------------------

 ... Rebuilding LHS with frequency = 2.000000 ... 

 ... Solving RHS #  0               ...
 ... Building the Force             ...

 ... Solving RHS #  1               ...

 ... Solving RHS #  2               ...

 ... Solving RHS #  3               ...

 ... Solving RHS #  4               ...

 ... Solving RHS #  5               ...

 ... Solving RHS #  6               ...

 ... Solving RHS #  7               ...

 ... Solving RHS #  8               ...

 ... Solving RHS #  9               ...
 --------------------------------------
 ... Reconstructing solution for f = 1.100000 ...
 ... Computing 2-point Pade coefficients (l = 9, m = 10) ... 
 --------------------------------------
 ... Reconstructing solution for f = 1.200000 ...
 --------------------------------------
 ... Reconstructing solution for f = 1.300000 ...
 --------------------------------------
 ... Reconstructing solution for f = 1.400000 ...
 --------------------------------------
 ... Reconstructing solution for f = 1.500000 ...
 --------------------------------------
 ... Reconstructing solution for f = 1.600000 ...
 --------------------------------------
 ... Reconstructing solution for f = 1.700000 ...
 --------------------------------------
 ... Reconstructing solution for f = 1.800000 ...
 --------------------------------------
 ... Reconstructing solution for f = 1.900000 ...
 --------------------------------------
 --------------------------------------

 ... Rebuilding LHS with frequency = 3.000000 ... 

 ... Solving RHS #  0               ...
 ... Building the Force             ...

 ... Solving RHS #  1               ...

 ... Solving RHS #  2               ...

 ... Solving RHS #  3               ...

 ... Solving RHS #  4               ...

 ... Solving RHS #  5               ...

 ... Solving RHS #  6               ...

 ... Solving RHS #  7               ...

 ... Solving RHS #  8               ...

 ... Solving RHS #  9               ...
 --------------------------------------
 ... Reconstructing solution for f = 2.100000 ...
 ... Computing 2-point Pade coefficients (l = 9, m = 10) ... 
 --------------------------------------
 ... Reconstructing solution for f = 2.200000 ...
 --------------------------------------
 ... Reconstructing solution for f = 2.300000 ...
 --------------------------------------
 ... Reconstructing solution for f = 2.400000 ...
 --------------------------------------
 ... Reconstructing solution for f = 2.500000 ...
 --------------------------------------
 ... Reconstructing solution for f = 2.600000 ...
 --------------------------------------
 ... Reconstructing solution for f = 2.700000 ...
 --------------------------------------
 ... Reconstructing solution for f = 2.800000 ...
 --------------------------------------
 ... Reconstructing solution for f = 2.900000 ...
 --------------------------------------
 --------------------------------------

 ---------- PROBLEM PARAMETERS --------
 ... # Nodes              =     189 ...
 ... # Elements           =      80 ...
 ... # Unconstrained dofs =     540 ...
 ... # Constrained dofs   =      27 ...
 ... Total # dofs         =     567 ...
 ... # Loaded dofs        =       9 ...
 ... # Output Files       =       1 ...
 --------------------------------------
 --------------------------------------
 ... Total Time           = 3.60e-01 s
 ... Total Memory Used    = 1.07e+01 Mb
 --------------------------------------
../../bin/aeros -n 2 --dec --nsub 4 freqsweep_FETI_DPH_displacz.inp

 --------- R U N  PARAMETERS ----------
 ... Linear Static Analysis         ... 
 ... Parallel processing: Forking 2 Threads ...
 ... Frequency Response Analysis in Complex Domain ...
 ... FETI-DP Solver is Selected     ...
 ... Frequency Sweep Analysis       ... 
 ... Number of coarse freqencies =   3     ... 
 ... Number of extrapolated freqencies =  18     ... 

 ... Solving RHS #  0               ...
 ... Building the Force             ...
 *** WARNING: CG is not valid for all complex symmetric matrices even if positive definite.
 *** If your matrix is complex hermitian include "outerloop CG hermitian" under FETI in your input file.
 *** Otherwise, "outerloop GMRES" or "outerloop GCR" are safer choices.

 ... Solving RHS #  1               ...
 *** WARNING: CG is not valid for all complex symmetric matrices even if positive definite.
 *** If your matrix is complex hermitian include "outerloop CG hermitian" under FETI in your input file.
 *** Otherwise, "outerloop GMRES" or "outerloop GCR" are safer choices.

 ... Solving RHS #  2               ...
 *** WARNING: CG is not valid for all complex symmetric matrices even if positive definite.
 *** If your matrix is complex hermitian include "outerloop CG hermitian" under FETI in your input file.
 *** Otherwise, "outerloop GMRES" or "outerloop GCR" are safer choices.

 ... Solving RHS #  3               ...
 *** WARNING: CG is not valid for all complex symmetric matrices even if positive definite.
 *** If your matrix is complex hermitian include "outerloop CG hermitian" under FETI in your input file.
 *** Otherwise, "outerloop GMRES" or "outerloop GCR" are safer choices.

 ... Solving RHS #  4               ...
 *** WARNING: CG is not valid for all complex symmetric matrices even if positive definite.
 *** If your matrix is complex hermitian include "outerloop CG hermitian" under FETI in your input file.
 *** Otherwise, "outerloop GMRES" or "outerloop GCR" are safer choices.

 ... Solving RHS #  5               ...
 *** WARNING: CG is not valid for all complex symmetric matrices even if positive definite.
 *** If your matrix is complex hermitian include "outerloop CG hermitian" under FETI in your input file.
 *** Otherwise, "outerloop GMRES" or "outerloop GCR" are safer choices.

 ... Solving RHS #  6               ...
 *** WARNING: CG is not valid for all complex symmetric matrices even if positive definite.
 *** If your matrix is complex hermitian include "outerloop CG hermitian" under FETI in your input file.
 *** Otherwise, "outerloop GMRES" or "outerloop GCR" are safer choices.

 ... Solving RHS #  7               ...
 *** WARNING: CG is not valid for all complex symmetric matrices even if positive definite.
 *** If your matrix is complex hermitian include "outerloop CG hermitian" under FETI in your input file.
 *** Otherwise, "outerloop GMRES" or "outerloop GCR" are safer choices.

 ... Solving RHS #  8               ...
 *** WARNING: CG is not valid for all complex symmetric matrices even if positive definite.
 *** If your matrix is complex hermitian include "outerloop CG hermitian" under FETI in your input file.
 *** Otherwise, "outerloop GMRES" or "outerloop GCR" are safer choices.

 ... Solving RHS #  9               ...
 *** WARNING: CG is not valid for all complex symmetric matrices even if positive definite.
 *** If your matrix is complex hermitian include "outerloop CG hermitian" under FETI in your input file.
 *** Otherwise, "outerloop GMRES" or "outerloop GCR" are safer choices.
 ... Postprocessing                 ...
 --------------------------------------

 ... Rebuilding LHS with frequency = 2.000000 ... 

 ... Solving RHS #  0               ...
 ... Building the Force             ...
 *** WARNING: CG is not valid for all complex symmetric matrices even if positive definite.
 *** If your matrix is complex hermitian include "outerloop CG hermitian" under FETI in your input file.
 *** Otherwise, "outerloop GMRES" or "outerloop GCR" are safer choices.

 ... Solving RHS #  1               ...
 *** WARNING: CG is not valid for all complex symmetric matrices even if positive definite.
 *** If your matrix is complex hermitian include "outerloop CG hermitian" under FETI in your input file.
 *** Otherwise, "outerloop GMRES" or "outerloop GCR" are safer choices.

 ... Solving RHS #  2               ...
 *** WARNING: CG is not valid for all complex symmetric matrices even if positive definite.
 *** If your matrix is complex hermitian include "outerloop CG hermitian" under FETI in your input file.
 *** Otherwise, "outerloop GMRES" or "outerloop GCR" are safer choices.

 ... Solving RHS #  3               ...
 *** WARNING: CG is not valid for all complex symmetric matrices even if positive definite.
 *** If your matrix is complex hermitian include "outerloop CG hermitian" under FETI in your input file.
 *** Otherwise, "outerloop GMRES" or "outerloop GCR" are safer choices.

 ... Solving RHS #  4               ...
 *** WARNING: CG is not valid for all complex symmetric matrices even if positive definite.
 *** If your matrix is complex hermitian include "outerloop CG hermitian" under FETI in your input file.
 *** Otherwise, "outerloop GMRES" or "outerloop GCR" are safer choices.

 ... Solving RHS #  5               ...
 *** WARNING: CG is not valid for all complex symmetric matrices even if positive definite.
 *** If your matrix is complex hermitian include "outerloop CG hermitian" under FETI in your input file.
 *** Otherwise, "outerloop GMRES" or "outerloop GCR" are safer choices.

 ... Solving RHS #  6               ...
 *** WARNING: CG is not valid for all complex symmetric matrices even if positive definite.
 *** If your matrix is complex hermitian include "outerloop CG hermitian" under FETI in your input file.
 *** Otherwise, "outerloop GMRES" or "outerloop GCR" are safer choices.

 ... Solving RHS #  7               ...
 *** WARNING: CG is not valid for all complex symmetric matrices even if positive definite.
 *** If your matrix is complex hermitian include "outerloop CG hermitian" under FETI in your input file.
 *** Otherwise, "outerloop GMRES" or "outerloop GCR" are safer choices.

 ... Solving RHS #  8               ...
 *** WARNING: CG is not valid for all complex symmetric matrices even if positive definite.
 *** If your matrix is complex hermitian include "outerloop CG hermitian" under FETI in your input file.
 *** Otherwise, "outerloop GMRES" or "outerloop GCR" are safer choices.

 ... Solving RHS #  9               ...
 *** WARNING: CG is not valid for all complex symmetric matrices even if positive definite.
 *** If your matrix is complex hermitian include "outerloop CG hermitian" under FETI in your input file.
 *** Otherwise, "outerloop GMRES" or "outerloop GCR" are safer choices.
 --------------------------------------
 ... Reconstructing solution for f = 1.100000 ...
 ... Computing 2-point Pade coefficients (l = 9, m = 10) ... 
 ... Postprocessing                 ...
 --------------------------------------
 ... Reconstructing solution for f = 1.200000 ...
 ... Postprocessing                 ...
 --------------------------------------
 ... Reconstructing solution for f = 1.300000 ...
 ... Postprocessing                 ...
 --------------------------------------
 ... Reconstructing solution for f = 1.400000 ...
 ... Postprocessing                 ...
 --------------------------------------
 ... Reconstructing solution for f = 1.500000 ...
 ... Postprocessing                 ...
 --------------------------------------
 ... Reconstructing solution for f = 1.600000 ...
 ... Postprocessing                 ...
 --------------------------------------
 ... Reconstructing solution for f = 1.700000 ...
 ... Postprocessing                 ...
 --------------------------------------
 ... Reconstructing solution for f = 1.800000 ...
 ... Postprocessing                 ...
 --------------------------------------
 ... Reconstructing solution for f = 1.900000 ...
 ... Postprocessing                 ...
 --------------------------------------
 ... Postprocessing                 ...
 --------------------------------------

 ... Rebuilding LHS with frequency = 3.000000 ... 

 ... Solving RHS #  0               ...
 ... Building the Force             ...
 *** WARNING: CG is not valid for all complex symmetric matrices even if positive definite.
 *** If your matrix is complex hermitian include "outerloop CG hermitian" under FETI in your input file.
 *** Otherwise, "outerloop GMRES" or "outerloop GCR" are safer choices.

 ... Solving RHS #  1               ...
 *** WARNING: CG is not valid for all complex symmetric matrices even if positive definite.
 *** If your matrix is complex hermitian include "outerloop CG hermitian" under FETI in your input file.
 *** Otherwise, "outerloop GMRES" or "outerloop GCR" are safer choices.

 ... Solving RHS #  2               ...
 *** WARNING: CG is not valid for all complex symmetric matrices even if positive definite.
 *** If your matrix is complex hermitian include "outerloop CG hermitian" under FETI in your input file.
 *** Otherwise, "outerloop GMRES" or "outerloop GCR" are safer choices.

 ... Solving RHS #  3               ...
 *** WARNING: CG is not valid for all complex symmetric matrices even if positive definite.
 *** If your matrix is complex hermitian include "outerloop CG hermitian" under FETI in your input file.
 *** Otherwise, "outerloop GMRES" or "outerloop GCR" are safer choices.

 ... Solving RHS #  4               ...
 *** WARNING: CG is not valid for all complex symmetric matrices even if positive definite.
 *** If your matrix is complex hermitian include "outerloop CG hermitian" under FETI in your input file.
 *** Otherwise, "outerloop GMRES" or "outerloop GCR" are safer choices.

 ... Solving RHS #  5               ...
 *** WARNING: CG is not valid for all complex symmetric matrices even if positive definite.
 *** If your matrix is complex hermitian include "outerloop CG hermitian" under FETI in your input file.
 *** Otherwise, "outerloop GMRES" or "outerloop GCR" are safer choices.

 ... Solving RHS #  6               ...
 *** WARNING: CG is not valid for all complex symmetric matrices even if positive definite.
 *** If your matrix is complex hermitian include "outerloop CG hermitian" under FETI in your input file.
 *** Otherwise, "outerloop GMRES" or "outerloop GCR" are safer choices.

 ... Solving RHS #  7               ...
 *** WARNING: CG is not valid for all complex symmetric matrices even if positive definite.
 *** If your matrix is complex hermitian include "outerloop CG hermitian" under FETI in your input file.
 *** Otherwise, "outerloop GMRES" or "outerloop GCR" are safer choices.

 ... Solving RHS #  8               ...
 *** WARNING: CG is not valid for all complex symmetric matrices even if positive definite.
 *** If your matrix is complex hermitian include "outerloop CG hermitian" under FETI in your input file.
 *** Otherwise, "outerloop GMRES" or "outerloop GCR" are safer choices.

 ... Solving RHS #  9               ...
 *** WARNING: CG is not valid for all complex symmetric matrices even if positive definite.
 *** If your matrix is complex hermitian include "outerloop CG hermitian" under FETI in your input file.
 *** Otherwise, "outerloop GMRES" or "outerloop GCR" are safer choices.
 --------------------------------------
 ... Reconstructing solution for f = 2.100000 ...
 ... Computing 2-point Pade coefficients (l = 9, m = 10) ... 
 ... Postprocessing                 ...
 --------------------------------------
 ... Reconstructing solution for f = 2.200000 ...
 ... Postprocessing                 ...
 --------------------------------------
 ... Reconstructing solution for f = 2.300000 ...
 ... Postprocessing                 ...
 --------------------------------------
 ... Reconstructing solution for f = 2.400000 ...
 ... Postprocessing                 ...
 --------------------------------------
 ... Reconstructing solution for f = 2.500000 ...
 ... Postprocessing                 ...
 --------------------------------------
 ... Reconstructing solution for f = 2.600000 ...
 ... Postprocessing                 ...
 --------------------------------------
 ... Reconstructing solution for f = 2.700000 ...
 ... Postprocessing                 ...
 --------------------------------------
 ... Reconstructing solution for f = 2.800000 ...
 ... Postprocessing                 ...
 --------------------------------------
 ... Reconstructing solution for f = 2.900000 ...
 ... Postprocessing                 ...
 ... Print Timers                   ... 
 --------------------------------------
 ... Postprocessing                 ...
 --------------------------------------

 ---------- PROBLEM PARAMETERS --------
 ... # Nodes              =     189 ...
 ... # Elements           =      80 ...
 ... # Unconstrained dofs =       0 ...
 ... # Constrained dofs   =      27 ...
 ... Total # dofs         =      -1 ...
 ... # Loaded dofs        =       9 ...
 ... # Output Files       =       1 ...
 --------------------------------------
 --------------------------------------
 ... Total Time           = 3.64e-01 s
 ... Total Memory Used    = 2.00e+01 Mb
 ... Total Krylov Iterations =   28 
 --------------------------------------
