../../bin/aeros dsvm31_sparse_stressvm.inp

 --------- R U N  PARAMETERS ----------
 ... Linear Static Analysis         ... 
 ... Sparse Solver is Selected      ... 
 ... Building the Force             ...
 ... Postprocessing                 ...
 --------------------------------------

 ---------- PROBLEM PARAMETERS --------
 ... # Nodes              =      63 ...
 ... # Elements           =      40 ...
 ... # Unconstrained dofs =     120 ...
 ... # Constrained dofs   =       9 ...
 ... Total # dofs         =     126 ...
 ... # Loaded dofs        =       3 ...
 ... # Output Files       =       1 ...
 --------------------------------------
 --------------------------------------
 ... Total Time           = 1.89e-01 s
 ... Total Memory Used    = 1.97e-01 Mb
 --------------------------------------
../../bin/aeros dsvm31_skyline_strainvm.inp

 --------- R U N  PARAMETERS ----------
 ... Linear Static Analysis         ... 
 ... Skyline Solver is Selected     ... 
 ... Building the Force             ...
 ... Postprocessing                 ...
 --------------------------------------

 ---------- PROBLEM PARAMETERS --------
 ... # Nodes              =      63 ...
 ... # Elements           =      40 ...
 ... # Unconstrained dofs =     120 ...
 ... # Constrained dofs   =       9 ...
 ... Total # dofs         =     126 ...
 ... # Loaded dofs        =       3 ...
 ... # Output Files       =       1 ...
 --------------------------------------
 --------------------------------------
 ... Total Time           = 6.13e-02 s
 ... Total Memory Used    = 1.77e-01 Mb
 --------------------------------------
../../bin/aeros dsvm31_mumps_strainxx.inp

 --------- R U N  PARAMETERS ----------
 ... Linear Static Analysis         ... 
 ... Mumps Solver is Selected       ... 
 ... Building the Force             ...
 ... Postprocessing                 ...
 --------------------------------------

 ---------- PROBLEM PARAMETERS --------
 ... # Nodes              =      63 ...
 ... # Elements           =      40 ...
 ... # Unconstrained dofs =     120 ...
 ... # Constrained dofs   =       9 ...
 ... Total # dofs         =     126 ...
 ... # Loaded dofs        =       3 ...
 ... # Output Files       =       1 ...
 --------------------------------------
 --------------------------------------
 ... Total Time           = 6.41e-02 s
 ... Total Memory Used    = 1.18e+00 Mb
 --------------------------------------
../../bin/aeros dsvm31_spooles_stressp3.inp

 --------- R U N  PARAMETERS ----------
 ... Linear Static Analysis         ... 
 ... Spooles Solver is Selected     ... 
 ... Building the Force             ...
 ... Postprocessing                 ...
 --------------------------------------

 ---------- PROBLEM PARAMETERS --------
 ... # Nodes              =      63 ...
 ... # Elements           =      40 ...
 ... # Unconstrained dofs =     120 ...
 ... # Constrained dofs   =       9 ...
 ... Total # dofs         =     126 ...
 ... # Loaded dofs        =       3 ...
 ... # Output Files       =       1 ...
 --------------------------------------
 --------------------------------------
 ... Total Time           = 6.46e-02 s
 ... Total Memory Used    = 1.86e-01 Mb
 --------------------------------------
../../bin/aeros dsvm31_gmres_stressxx.inp

 --------- R U N  PARAMETERS ----------
 ... Linear Static Analysis         ... 
 ... Dof Based Sparse Matrix        ...
 ... GMRES Solver is Selected       ...
 ... Building the Force             ...
 ... Postprocessing                 ...
 --------------------------------------

 ---------- PROBLEM PARAMETERS --------
 ... # Nodes              =      63 ...
 ... # Elements           =      40 ...
 ... # Unconstrained dofs =     120 ...
 ... # Constrained dofs   =       9 ...
 ... Total # dofs         =     126 ...
 ... # Loaded dofs        =       3 ...
 ... # Output Files       =       1 ...
 --------------------------------------
 --------------------------------------
 ... Total Time           = 8.74e-02 s
 ... Total Memory Used    = 8.76e+00 Mb
 --------------------------------------
../../bin/aeros dsvm31_spooles_pivot_strainp3.inp

 --------- R U N  PARAMETERS ----------
 ... Linear Static Analysis         ... 
 ... Spooles Solver is Selected     ... 
 ... Building the Force             ...
 ... Postprocessing                 ...
 --------------------------------------

 ---------- PROBLEM PARAMETERS --------
 ... # Nodes              =      63 ...
 ... # Elements           =      40 ...
 ... # Unconstrained dofs =     120 ...
 ... # Constrained dofs   =       9 ...
 ... Total # dofs         =     126 ...
 ... # Loaded dofs        =       3 ...
 ... # Output Files       =       1 ...
 --------------------------------------
 --------------------------------------
 ... Total Time           = 6.48e-02 s
 ... Total Memory Used    = 1.85e-01 Mb
 --------------------------------------
../../bin/aeros dsvm31_mumps_pivot_stressvm.inp

 --------- R U N  PARAMETERS ----------
 ... Linear Static Analysis         ... 
 ... Mumps Solver is Selected       ... 
 ... Building the Force             ...
 ... Postprocessing                 ...
 --------------------------------------

 ---------- PROBLEM PARAMETERS --------
 ... # Nodes              =      63 ...
 ... # Elements           =      40 ...
 ... # Unconstrained dofs =     120 ...
 ... # Constrained dofs   =       9 ...
 ... Total # dofs         =     126 ...
 ... # Loaded dofs        =       3 ...
 ... # Output Files       =       1 ...
 --------------------------------------
 --------------------------------------
 ... Total Time           = 6.45e-02 s
 ... Total Memory Used    = 1.18e+00 Mb
 --------------------------------------
../../bin/aeros dsvm31_pcg_strainvm.inp

 --------- R U N  PARAMETERS ----------
 ... Linear Static Analysis         ... 
 ... Dof Based Sparse Matrix        ...
 ... CG Solver is Selected          ...
 ... Building the Force             ...
in BasePCG::doSolve, maxitr = 1000, tolpcg = 1e-08, proj = 0
 ... Iteration #  1	 Two norm = 5.82559e+08	 Rel. residual = 0.951315
 ... Iteration #  2	 Two norm = 6.17843e+08	 Rel. residual = 1.00893
 ... Iteration #  3	 Two norm = 6.66206e+08	 Rel. residual = 1.08791
 ... Iteration #  4	 Two norm = 5.83127e+08	 Rel. residual = 0.952242
 ... Iteration #  5	 Two norm = 5.82202e+08	 Rel. residual = 0.950732
 ... Iteration #  6	 Two norm = 6.74393e+08	 Rel. residual = 1.10128
 ... Iteration #  7	 Two norm = 5.70027e+08	 Rel. residual = 0.930851
 ... Iteration #  8	 Two norm = 6.5791e+08	 Rel. residual = 1.07436
 ... Iteration #  9	 Two norm = 6.65855e+08	 Rel. residual = 1.08734
 ... Iteration #  10	 Two norm = 7.51622e+08	 Rel. residual = 1.22739
 ... Iteration #  11	 Two norm = 6.63459e+08	 Rel. residual = 1.08342
 ... Iteration #  12	 Two norm = 6.63853e+08	 Rel. residual = 1.08407
 ... Iteration #  13	 Two norm = 6.21839e+08	 Rel. residual = 1.01546
 ... Iteration #  14	 Two norm = 6.45625e+08	 Rel. residual = 1.0543
 ... Iteration #  15	 Two norm = 6.60443e+08	 Rel. residual = 1.0785
 ... Iteration #  16	 Two norm = 6.89575e+08	 Rel. residual = 1.12607
 ... Iteration #  17	 Two norm = 6.10587e+08	 Rel. residual = 0.997085
 ... Iteration #  18	 Two norm = 6.11358e+08	 Rel. residual = 0.998344
 ... Iteration #  19	 Two norm = 5.74245e+08	 Rel. residual = 0.937738
 ... Iteration #  20	 Two norm = 5.95966e+08	 Rel. residual = 0.973208
 ... Iteration #  21	 Two norm = 5.00966e+08	 Rel. residual = 0.818074
 ... Iteration #  22	 Two norm = 6.93649e+08	 Rel. residual = 1.13272
 ... Iteration #  23	 Two norm = 3.16676e+08	 Rel. residual = 0.517129
 ... Iteration #  24	 Two norm = 1.70348e+08	 Rel. residual = 0.278177
 ... Iteration #  25	 Two norm = 8.02126e+07	 Rel. residual = 0.130987
 ... Iteration #  26	 Two norm = 4.29921e+07	 Rel. residual = 0.0702058
 ... Iteration #  27	 Two norm = 2.83202e+07	 Rel. residual = 0.0462467
 ... Iteration #  28	 Two norm = 1.31746e+07	 Rel. residual = 0.021514
 ... Iteration #  29	 Two norm = 1.24309e+07	 Rel. residual = 0.0202996
 ... Iteration #  30	 Two norm = 5.22232e+06	 Rel. residual = 0.00852801
 ... Iteration #  31	 Two norm = 2.78961e+06	 Rel. residual = 0.00455541
 ... Iteration #  32	 Two norm = 983715	 Rel. residual = 0.0016064
 ... Iteration #  33	 Two norm = 716214	 Rel. residual = 0.00116957
 ... Iteration #  34	 Two norm = 459980	 Rel. residual = 0.000751144
 ... Iteration #  35	 Two norm = 192879	 Rel. residual = 0.00031497
 ... Iteration #  36	 Two norm = 87702.7	 Rel. residual = 0.000143218
 ... Iteration #  37	 Two norm = 31325.2	 Rel. residual = 5.11539e-05
 ... Iteration #  38	 Two norm = 28115.1	 Rel. residual = 4.59118e-05
 ... Iteration #  39	 Two norm = 8038.17	 Rel. residual = 1.31263e-05
 ... Iteration #  40	 Two norm = 3257.59	 Rel. residual = 5.31962e-06
 ... Iteration #  41	 Two norm = 1767.07	 Rel. residual = 2.88562e-06
 ... Iteration #  42	 Two norm = 975.552	 Rel. residual = 1.59307e-06
 ... Iteration #  43	 Two norm = 418.161	 Rel. residual = 6.82854e-07
 ... Iteration #  44	 Two norm = 235.561	 Rel. residual = 3.8467e-07
 ... Iteration #  45	 Two norm = 90.8552	 Rel. residual = 1.48366e-07
 ... Iteration #  46	 Two norm = 44.2177	 Rel. residual = 7.22072e-08
 ... Iteration #  47	 Two norm = 21.3431	 Rel. residual = 3.48532e-08
 ... Iteration #  48	 Two norm = 8.35385	 Rel. residual = 1.36418e-08
 ... Iteration #  49	 Two norm = 2.85009	 Rel. residual = 4.65417e-09
 ... Total # Iterations =            49        0.00416 s
 ...     Final Two norm = 2.85009
 ...     Final residual = 8.123
 ... Postprocessing                 ...
 --------------------------------------

 ---------- PROBLEM PARAMETERS --------
 ... # Nodes              =      63 ...
 ... # Elements           =      40 ...
 ... # Unconstrained dofs =     120 ...
 ... # Constrained dofs   =       9 ...
 ... Total # dofs         =     126 ...
 ... # Loaded dofs        =       3 ...
 ... # Output Files       =       1 ...
 --------------------------------------
 --------------------------------------
 ... Total Time           = 6.83e-02 s
 ... Total Memory Used    = 1.74e-01 Mb
 --------------------------------------
../../bin/aeros dsvm31_bcg_strainxx.inp

 --------- R U N  PARAMETERS ----------
 ... Linear Static Analysis         ... 
 ... Dof Based Sparse Matrix        ...
 ... Bi-CG Solver is Selected       ...
Selected Solver does not implement factor() .
 ... Building the Force             ...
 ... Iteration #1	Two norm = 3.7500000e+17	Relative residual = 1.0000000e+00
 ... Iteration #2	Two norm = 3.3937500e+17	Relative residual = 9.5131488e-01
 ... Iteration #3	Two norm = 3.8173018e+17	Relative residual = 1.0089337e+00
 ... Iteration #4	Two norm = 4.4383032e+17	Relative residual = 1.0879097e+00
 ... Iteration #5	Two norm = 3.4003709e+17	Relative residual = 9.5224239e-01
 ... Iteration #6	Two norm = 3.3895903e+17	Relative residual = 9.5073169e-01
 ... Iteration #7	Two norm = 4.5480592e+17	Relative residual = 1.1012792e+00
 ... Iteration #8	Two norm = 3.2493112e+17	Relative residual = 9.3085068e-01
 ... Iteration #9	Two norm = 4.3284523e+17	Relative residual = 1.0743621e+00
 ... Iteration #10	Two norm = 4.4336290e+17	Relative residual = 1.0873367e+00
 ... Iteration #11	Two norm = 5.6493491e+17	Relative residual = 1.2273928e+00
 ... Iteration #12	Two norm = 4.4017830e+17	Relative residual = 1.0834246e+00
 ... Iteration #13	Two norm = 4.4070048e+17	Relative residual = 1.0840670e+00
 ... Iteration #14	Two norm = 3.8668345e+17	Relative residual = 1.0154584e+00
 ... Iteration #15	Two norm = 4.1683139e+17	Relative residual = 1.0543009e+00
 ... Iteration #16	Two norm = 4.3618465e+17	Relative residual = 1.0784985e+00
 ... Iteration #17	Two norm = 4.7551361e+17	Relative residual = 1.1260712e+00
 ... Iteration #18	Two norm = 3.7281675e+17	Relative residual = 9.9708476e-01
 ... Iteration #19	Two norm = 3.7375871e+17	Relative residual = 9.9834358e-01
 ... Iteration #20	Two norm = 3.2975735e+17	Relative residual = 9.3773821e-01
 ... Iteration #21	Two norm = 3.5517517e+17	Relative residual = 9.7320799e-01
 ... Iteration #22	Two norm = 2.5096703e+17	Relative residual = 8.1807421e-01
 ... Iteration #23	Two norm = 4.8114860e+17	Relative residual = 1.1327237e+00
 ... Iteration #24	Two norm = 1.0028359e+17	Relative residual = 5.1712950e-01
 ... Iteration #25	Two norm = 2.9018374e+16	Relative residual = 2.7817680e-01
 ... Iteration #26	Two norm = 6.4340594e+15	Relative residual = 1.3098661e-01
 ... Iteration #27	Two norm = 1.8483207e+15	Relative residual = 7.0205807e-02
 ... Iteration #28	Two norm = 8.0203329e+14	Relative residual = 4.6246680e-02
 ... Iteration #29	Two norm = 1.7356934e+14	Relative residual = 2.1513986e-02
 ... Iteration #30	Two norm = 1.5452731e+14	Relative residual = 2.0299577e-02
 ... Iteration #31	Two norm = 2.7272594e+13	Relative residual = 8.5280078e-03
 ... Iteration #32	Two norm = 7.7819131e+12	Relative residual = 4.5554109e-03
 ... Iteration #33	Two norm = 9.6769446e+11	Relative residual = 1.6063993e-03
 ... Iteration #34	Two norm = 5.1296241e+11	Relative residual = 1.1695725e-03
 ... Iteration #35	Two norm = 2.1158137e+11	Relative residual = 7.5114379e-04
 ... Iteration #36	Two norm = 3.7202323e+10	Relative residual = 3.1497015e-04
 ... Iteration #37	Two norm = 7.6917594e+09	Relative residual = 1.4321787e-04
 ... Iteration #38	Two norm = 9.8126922e+08	Relative residual = 5.1153865e-05
 ... Iteration #39	Two norm = 7.9045893e+08	Relative residual = 4.5911768e-05
 ... Iteration #40	Two norm = 6.4612163e+07	Relative residual = 1.3126275e-05
 ... Iteration #41	Two norm = 1.0611891e+07	Relative residual = 5.3196217e-06
 ... Iteration #42	Two norm = 3.1225477e+06	Relative residual = 2.8856185e-06
 ... Iteration #43	Two norm = 9.5170179e+05	Relative residual = 1.5930698e-06
 ... Iteration #44	Two norm = 1.7485836e+05	Relative residual = 6.8285355e-07
 ... Iteration #45	Two norm = 5.5489213e+04	Relative residual = 3.8467029e-07
 ... Iteration #46	Two norm = 8.2546735e+03	Relative residual = 1.4836598e-07
 ... Iteration #47	Two norm = 1.9552069e+03	Relative residual = 7.2207237e-08
 ... Iteration #48	Two norm = 4.5552940e+02	Relative residual = 3.4853193e-08
 ... Iteration #49	Two norm = 6.9786874e+01	Relative residual = 1.3641786e-08
 ... Postprocessing                 ...
 --------------------------------------

 ---------- PROBLEM PARAMETERS --------
 ... # Nodes              =      63 ...
 ... # Elements           =      40 ...
 ... # Unconstrained dofs =     120 ...
 ... # Constrained dofs   =       9 ...
 ... Total # dofs         =     126 ...
 ... # Loaded dofs        =       3 ...
 ... # Output Files       =       1 ...
 --------------------------------------
 --------------------------------------
 ... Total Time           = 6.35e-02 s
 ... Total Memory Used    = 1.73e-01 Mb
 --------------------------------------
../../bin/aeros dsvm31_cr_stressp3.inp

 --------- R U N  PARAMETERS ----------
 ... Linear Static Analysis         ... 
 ... Dof Based Sparse Matrix        ...
 ... CR Solver is Selected          ...
Selected Solver does not implement factor() .
 ... Building the Force             ...
 ... Iteration #1	Two norm = 1.7814961e+17	  Rel. residual  6.8925004e-01 
 ... Iteration #2	Two norm = 1.2146372e+17	  Rel. residual  5.6912499e-01 
 ... Iteration #3	Two norm = 9.5365027e+16	  Rel. residual  5.0428835e-01 
 ... Iteration #4	Two norm = 7.4477466e+16	  Rel. residual  4.4565298e-01 
 ... Iteration #5	Two norm = 6.1060912e+16	  Rel. residual  4.0352088e-01 
 ... Iteration #6	Two norm = 5.3833398e+16	  Rel. residual  3.7888749e-01 
 ... Iteration #7	Two norm = 4.6182114e+16	  Rel. residual  3.5093063e-01 
 ... Iteration #8	Two norm = 4.1729785e+16	  Rel. residual  3.3358571e-01 
 ... Iteration #9	Two norm = 3.8140007e+16	  Rel. residual  3.1891485e-01 
 ... Iteration #10	Two norm = 3.5727935e+16	  Rel. residual  3.0866566e-01 
 ... Iteration #11	Two norm = 3.3045715e+16	  Rel. residual  2.9685334e-01 
 ... Iteration #12	Two norm = 3.0740642e+16	  Rel. residual  2.8631285e-01 
 ... Iteration #13	Two norm = 2.8476788e+16	  Rel. residual  2.7556869e-01 
 ... Iteration #14	Two norm = 2.6655741e+16	  Rel. residual  2.6661203e-01 
 ... Iteration #15	Two norm = 2.5120593e+16	  Rel. residual  2.5882088e-01 
 ... Iteration #16	Two norm = 2.3860103e+16	  Rel. residual  2.5224381e-01 
 ... Iteration #17	Two norm = 2.2424919e+16	  Rel. residual  2.4453994e-01 
 ... Iteration #18	Two norm = 2.1155616e+16	  Rel. residual  2.3751837e-01 
 ... Iteration #19	Two norm = 1.9880200e+16	  Rel. residual  2.3024740e-01 
 ... Iteration #20	Two norm = 1.8826429e+16	  Rel. residual  2.2406207e-01 
 ... Iteration #21	Two norm = 1.7512704e+16	  Rel. residual  2.1610309e-01 
 ... Iteration #22	Two norm = 1.6897668e+16	  Rel. residual  2.1227446e-01 
 ... Iteration #23	Two norm = 1.4461005e+16	  Rel. residual  1.9637383e-01 
 ... Iteration #24	Two norm = 9.6513533e+15	  Rel. residual  1.6042737e-01 
 ... Iteration #25	Two norm = 3.8604589e+15	  Rel. residual  1.0146210e-01 
 ... Iteration #26	Two norm = 1.2494989e+15	  Rel. residual  5.7723454e-02 
 ... Iteration #27	Two norm = 4.8699952e+14	  Rel. residual  3.6037000e-02 
 ... Iteration #28	Two norm = 1.1628538e+14	  Rel. residual  1.7609496e-02 
 ... Iteration #29	Two norm = 2.6567833e+13	  Rel. residual  8.4170989e-03 
 ... Iteration #30	Two norm = 1.3131707e+13	  Rel. residual  5.9175912e-03 
 ... Iteration #31	Two norm = 5.5001069e+12	  Rel. residual  3.8297456e-03 
 ... Iteration #32	Two norm = 8.2778144e+11	  Rel. residual  1.4857379e-03 
 ... Iteration #33	Two norm = 3.3359232e+11	  Rel. residual  9.4317524e-04 
 ... Iteration #34	Two norm = 1.2854558e+11	  Rel. residual  5.8548118e-04 
 ... Iteration #35	Two norm = 2.8789307e+10	  Rel. residual  2.7707668e-04 
 ... Iteration #36	Two norm = 6.1407555e+09	  Rel. residual  1.2796620e-04 
 ... Iteration #37	Two norm = 1.3325803e+09	  Rel. residual  5.9611638e-05 
 ... Iteration #38	Two norm = 4.7528024e+08	  Rel. residual  3.5600758e-05 
 ... Iteration #39	Two norm = 5.5920032e+07	  Rel. residual  1.2211474e-05 
 ... Iteration #40	Two norm = 8.7126742e+06	  Rel. residual  4.8201450e-06 
 ... Iteration #41	Two norm = 1.4651847e+06	  Rel. residual  1.9766535e-06 
 ... Iteration #42	Two norm = 6.5230010e+05	  Rel. residual  1.3188885e-06 
 ... Iteration #43	Two norm = 7.6509053e+04	  Rel. residual  4.5169031e-07 
 ... Iteration #44	Two norm = 2.3108212e+04	  Rel. residual  2.4823759e-07 
 ... Iteration #45	Two norm = 6.5809037e+03	  Rel. residual  1.3247293e-07 
 ... Iteration #46	Two norm = 7.4838559e+02	  Rel. residual  4.4673201e-08 
 ... Iteration #47	Two norm = 1.3200590e+02	  Rel. residual  1.8762082e-08 
 ... Iteration #48	Two norm = 5.0299013e+01	  Rel. residual  1.1581481e-08 
 ... Iteration #49	Two norm = 7.0249412e+00	  Rel. residual  4.3281840e-09 

 ... Total # Iterations = 49
 ...     Final Two norm = 7.0249412e+00
 ... Postprocessing                 ...
 --------------------------------------

 ---------- PROBLEM PARAMETERS --------
 ... # Nodes              =      63 ...
 ... # Elements           =      40 ...
 ... # Unconstrained dofs =     120 ...
 ... # Constrained dofs   =       9 ...
 ... Total # dofs         =     126 ...
 ... # Loaded dofs        =       3 ...
 ... # Output Files       =       1 ...
 --------------------------------------
 --------------------------------------
 ... Total Time           = 6.38e-02 s
 ... Total Memory Used    = 1.75e-01 Mb
 --------------------------------------
../../bin/aeros -n 2 --dec --nsub 4 dsvm31_FETI_DP_stressxx.inp

 --------- R U N  PARAMETERS ----------
 ... Linear Static Analysis         ... 
 ... Parallel processing: Forking 2 Threads ...
 ... FETI-DP Solver is Selected     ...
 ... Building the Force             ...
 ... Postprocessing                 ...
 ... Print Timers                   ... 
 --------------------------------------

 ---------- PROBLEM PARAMETERS --------
 ... # Nodes              =      63 ...
 ... # Elements           =      40 ...
 ... # Unconstrained dofs =       0 ...
 ... # Constrained dofs   =       9 ...
 ... Total # dofs         =      -1 ...
 ... # Loaded dofs        =       3 ...
 ... # Output Files       =       1 ...
 --------------------------------------
 --------------------------------------
 ... Total Time           = 7.47e-02 s
 ... Total Memory Used    = 4.23e-01 Mb
 --------------------------------------
