../../bin/aeros dsvm23_sparse_displacy.inp

 --------- R U N  PARAMETERS ----------
 ... Linear Static Analysis         ... 
 ... Sparse Solver is Selected      ... 
 ... Building the Force             ...
 ... Postprocessing                 ...
 --------------------------------------

 ---------- PROBLEM PARAMETERS --------
 ... # Nodes              =      13 ...
 ... # Elements           =      12 ...
 ... # Unconstrained dofs =      72 ...
 ... # Constrained dofs   =       6 ...
 ... Total # dofs         =      78 ...
 ... # Loaded dofs        =       2 ...
 ... Gravity Load is Applied        ...
 ... # Output Files       =       1 ...
 --------------------------------------
 --------------------------------------
 ... Total Time           = 9.06e-02 s
 ... Total Memory Used    = 1.16e-01 Mb
 --------------------------------------
../../bin/aeros dsvm23_spooles_pivot_displacy.inp

 --------- R U N  PARAMETERS ----------
 ... Linear Static Analysis         ... 
 ... Spooles Solver is Selected     ... 
 ... Building the Force             ...
 ... Postprocessing                 ...
 --------------------------------------

 ---------- PROBLEM PARAMETERS --------
 ... # Nodes              =      13 ...
 ... # Elements           =      12 ...
 ... # Unconstrained dofs =      72 ...
 ... # Constrained dofs   =       6 ...
 ... Total # dofs         =      78 ...
 ... # Loaded dofs        =       2 ...
 ... Gravity Load is Applied        ...
 ... # Output Files       =       1 ...
 --------------------------------------
 --------------------------------------
 ... Total Time           = 6.74e-02 s
 ... Total Memory Used    = 1.07e-01 Mb
 --------------------------------------
../../bin/aeros dsvm23_mumps_pivot_displacy.inp

 --------- R U N  PARAMETERS ----------
 ... Linear Static Analysis         ... 
 ... Mumps Solver is Selected       ... 
 ... Building the Force             ...
 ... Postprocessing                 ...
 --------------------------------------

 ---------- PROBLEM PARAMETERS --------
 ... # Nodes              =      13 ...
 ... # Elements           =      12 ...
 ... # Unconstrained dofs =      72 ...
 ... # Constrained dofs   =       6 ...
 ... Total # dofs         =      78 ...
 ... # Loaded dofs        =       2 ...
 ... Gravity Load is Applied        ...
 ... # Output Files       =       1 ...
 --------------------------------------
 --------------------------------------
 ... Total Time           = 6.35e-02 s
 ... Total Memory Used    = 1.11e+00 Mb
 --------------------------------------
../../bin/aeros dsvm23_skyline_displacy.inp

 --------- R U N  PARAMETERS ----------
 ... Linear Static Analysis         ... 
 ... Skyline Solver is Selected     ... 
 ... Building the Force             ...
 ... Postprocessing                 ...
 --------------------------------------

 ---------- PROBLEM PARAMETERS --------
 ... # Nodes              =      13 ...
 ... # Elements           =      12 ...
 ... # Unconstrained dofs =      72 ...
 ... # Constrained dofs   =       6 ...
 ... Total # dofs         =      78 ...
 ... # Loaded dofs        =       2 ...
 ... Gravity Load is Applied        ...
 ... # Output Files       =       1 ...
 --------------------------------------
 --------------------------------------
 ... Total Time           = 6.17e-02 s
 ... Total Memory Used    = 1.05e-01 Mb
 --------------------------------------
../../bin/aeros dsvm23_mumps_displacy.inp

 --------- R U N  PARAMETERS ----------
 ... Linear Static Analysis         ... 
 ... Mumps Solver is Selected       ... 
 ... Building the Force             ...
 ... Postprocessing                 ...
 --------------------------------------

 ---------- PROBLEM PARAMETERS --------
 ... # Nodes              =      13 ...
 ... # Elements           =      12 ...
 ... # Unconstrained dofs =      72 ...
 ... # Constrained dofs   =       6 ...
 ... Total # dofs         =      78 ...
 ... # Loaded dofs        =       2 ...
 ... Gravity Load is Applied        ...
 ... # Output Files       =       1 ...
 --------------------------------------
 --------------------------------------
 ... Total Time           = 6.60e-02 s
 ... Total Memory Used    = 1.11e+00 Mb
 --------------------------------------
../../bin/aeros dsvm23_spooles_displacy.inp

 --------- R U N  PARAMETERS ----------
 ... Linear Static Analysis         ... 
 ... Spooles Solver is Selected     ... 
 ... Building the Force             ...
 ... Postprocessing                 ...
 --------------------------------------

 ---------- PROBLEM PARAMETERS --------
 ... # Nodes              =      13 ...
 ... # Elements           =      12 ...
 ... # Unconstrained dofs =      72 ...
 ... # Constrained dofs   =       6 ...
 ... Total # dofs         =      78 ...
 ... # Loaded dofs        =       2 ...
 ... Gravity Load is Applied        ...
 ... # Output Files       =       1 ...
 --------------------------------------
 --------------------------------------
 ... Total Time           = 6.34e-02 s
 ... Total Memory Used    = 1.08e-01 Mb
 --------------------------------------
../../bin/aeros dsvm23_pcg_displacy.inp

 --------- R U N  PARAMETERS ----------
 ... Linear Static Analysis         ... 
 ... Dof Based Sparse Matrix        ...
 ... CG Solver is Selected          ...
 ... Building the Force             ...
in BasePCG::doSolve, maxitr = 1000, tolpcg = 1e-08, proj = 0
 ... Iteration #  1	 Two norm = 5558.96	 Rel. residual = 0.557187
 ... Iteration #  2	 Two norm = 3059.03	 Rel. residual = 0.306614
 ... Iteration #  3	 Two norm = 4555.58	 Rel. residual = 0.456616
 ... Iteration #  4	 Two norm = 12220.7	 Rel. residual = 1.22491
 ... Iteration #  5	 Two norm = 14736.9	 Rel. residual = 1.47711
 ... Iteration #  6	 Two norm = 9172.23	 Rel. residual = 0.919353
 ... Iteration #  7	 Two norm = 5442.93	 Rel. residual = 0.545557
 ... Iteration #  8	 Two norm = 4303.51	 Rel. residual = 0.43135
 ... Iteration #  9	 Two norm = 6190.45	 Rel. residual = 0.620483
 ... Iteration #  10	 Two norm = 16122.6	 Rel. residual = 1.616
 ... Iteration #  11	 Two norm = 15332.7	 Rel. residual = 1.53683
 ... Iteration #  12	 Two norm = 4925.69	 Rel. residual = 0.493713
 ... Iteration #  13	 Two norm = 5026.99	 Rel. residual = 0.503866
 ... Iteration #  14	 Two norm = 14878.7	 Rel. residual = 1.49132
 ... Iteration #  15	 Two norm = 4448.64	 Rel. residual = 0.445898
 ... Iteration #  16	 Two norm = 4098.96	 Rel. residual = 0.410848
 ... Iteration #  17	 Two norm = 5821.95	 Rel. residual = 0.583547
 ... Iteration #  18	 Two norm = 4680.14	 Rel. residual = 0.469101
 ... Iteration #  19	 Two norm = 5497.12	 Rel. residual = 0.550989
 ... Iteration #  20	 Two norm = 6514.07	 Rel. residual = 0.65292
 ... Iteration #  21	 Two norm = 8453.82	 Rel. residual = 0.847345
 ... Iteration #  22	 Two norm = 5847.46	 Rel. residual = 0.586104
 ... Iteration #  23	 Two norm = 27873.8	 Rel. residual = 2.79386
 ... Iteration #  24	 Two norm = 4643.44	 Rel. residual = 0.465423
 ... Iteration #  25	 Two norm = 11200.8	 Rel. residual = 1.12269
 ... Iteration #  26	 Two norm = 7603.55	 Rel. residual = 0.762121
 ... Iteration #  27	 Two norm = 27641.1	 Rel. residual = 2.77053
 ... Iteration #  28	 Two norm = 3511.86	 Rel. residual = 0.352002
 ... Iteration #  29	 Two norm = 6491.32	 Rel. residual = 0.65064
 ... Iteration #  30	 Two norm = 31110.2	 Rel. residual = 3.11824
 ... Iteration #  31	 Two norm = 25281.8	 Rel. residual = 2.53405
 ... Iteration #  32	 Two norm = 13418.1	 Rel. residual = 1.34493
 ... Iteration #  33	 Two norm = 11667.6	 Rel. residual = 1.16947
 ... Iteration #  34	 Two norm = 20461.4	 Rel. residual = 2.05089
 ... Iteration #  35	 Two norm = 10551.6	 Rel. residual = 1.05761
 ... Iteration #  36	 Two norm = 6247.67	 Rel. residual = 0.626218
 ... Iteration #  37	 Two norm = 5532.9	 Rel. residual = 0.554575
 ... Iteration #  38	 Two norm = 10163.5	 Rel. residual = 1.01871
 ... Iteration #  39	 Two norm = 22313.1	 Rel. residual = 2.2365
 ... Iteration #  40	 Two norm = 4278.45	 Rel. residual = 0.428838
 ... Iteration #  41	 Two norm = 7329.81	 Rel. residual = 0.734684
 ... Iteration #  42	 Two norm = 65245	 Rel. residual = 6.53966
 ... Iteration #  43	 Two norm = 9084.03	 Rel. residual = 0.910512
 ... Iteration #  44	 Two norm = 7203.8	 Rel. residual = 0.722054
 ... Iteration #  45	 Two norm = 31701	 Rel. residual = 3.17747
 ... Iteration #  46	 Two norm = 5374.73	 Rel. residual = 0.538722
 ... Iteration #  47	 Two norm = 3763.9	 Rel. residual = 0.377264
 ... Iteration #  48	 Two norm = 37545.2	 Rel. residual = 3.76324
 ... Iteration #  49	 Two norm = 6452.77	 Rel. residual = 0.646776
 ... Iteration #  50	 Two norm = 2813.43	 Rel. residual = 0.281996
 ... Iteration #  51	 Two norm = 31792.3	 Rel. residual = 3.18661
 ... Iteration #  52	 Two norm = 74682.2	 Rel. residual = 7.48556
 ... Iteration #  53	 Two norm = 10914.5	 Rel. residual = 1.09399
 ... Iteration #  54	 Two norm = 3651.39	 Rel. residual = 0.365987
 ... Iteration #  55	 Two norm = 6718.88	 Rel. residual = 0.673448
 ... Iteration #  56	 Two norm = 42560.2	 Rel. residual = 4.2659
 ... Iteration #  57	 Two norm = 69180.9	 Rel. residual = 6.93416
 ... Iteration #  58	 Two norm = 89922.6	 Rel. residual = 9.01314
 ... Iteration #  59	 Two norm = 36075.3	 Rel. residual = 3.61591
 ... Iteration #  60	 Two norm = 46274.3	 Rel. residual = 4.63818
 ... Iteration #  61	 Two norm = 14592.5	 Rel. residual = 1.46264
 ... Iteration #  62	 Two norm = 768.161	 Rel. residual = 0.0769946
 ... Iteration #  63	 Two norm = 4846.64	 Rel. residual = 0.48579
 ... Iteration #  64	 Two norm = 85066.1	 Rel. residual = 8.52636
 ... Iteration #  65	 Two norm = 205287	 Rel. residual = 20.5764
 ... Iteration #  66	 Two norm = 1435.24	 Rel. residual = 0.143857
 ... Iteration #  67	 Two norm = 1794.18	 Rel. residual = 0.179835
 ... Iteration #  68	 Two norm = 65.317	 Rel. residual = 0.00654687
 ... Iteration #  69	 Two norm = 46.2239	 Rel. residual = 0.00463312
 ... Iteration #  70	 Two norm = 31.2688	 Rel. residual = 0.00313414
 ... Iteration #  71	 Two norm = 9.50468	 Rel. residual = 0.000952676
 ... Iteration #  72	 Two norm = 0.254927	 Rel. residual = 2.5552e-05
 ... Iteration #  73	 Two norm = 0.323814	 Rel. residual = 3.24566e-05
 ... Iteration #  74	 Two norm = 0.0511691	 Rel. residual = 5.1288e-06
 ... Iteration #  75	 Two norm = 0.0486063	 Rel. residual = 4.87192e-06
 ... Iteration #  76	 Two norm = 0.0940876	 Rel. residual = 9.43061e-06
 ... Iteration #  77	 Two norm = 0.0305	 Rel. residual = 3.05708e-06
 ... Iteration #  78	 Two norm = 0.0170075	 Rel. residual = 1.7047e-06
 ... Iteration #  79	 Two norm = 0.00743967	 Rel. residual = 7.45695e-07
 ... Iteration #  80	 Two norm = 0.00993579	 Rel. residual = 9.95886e-07
 ... Iteration #  81	 Two norm = 0.011109	 Rel. residual = 1.11348e-06
 ... Iteration #  82	 Two norm = 0.000872932	 Rel. residual = 8.74959e-08
 ... Iteration #  83	 Two norm = 0.000820407	 Rel. residual = 8.22313e-08
 ... Iteration #  84	 Two norm = 0.000417766	 Rel. residual = 4.18736e-08
 ... Iteration #  85	 Two norm = 0.000118142	 Rel. residual = 1.18417e-08
 ... Iteration #  86	 Two norm = 0.000555346	 Rel. residual = 5.56636e-08
 ... Iteration #  87	 Two norm = 0.000111684	 Rel. residual = 1.11944e-08
 ... Iteration #  88	 Two norm = 0.000108988	 Rel. residual = 1.09241e-08
 ... Iteration #  89	 Two norm = 4.51675e-05	 Rel. residual = 4.52724e-09
 ... Total # Iterations =            89        0.00682 s
 ...     Final Two norm = 4.51675e-05
 ...     Final residual = 2.0401e-09
 ... Postprocessing                 ...
 --------------------------------------

 ---------- PROBLEM PARAMETERS --------
 ... # Nodes              =      13 ...
 ... # Elements           =      12 ...
 ... # Unconstrained dofs =      72 ...
 ... # Constrained dofs   =       6 ...
 ... Total # dofs         =      78 ...
 ... # Loaded dofs        =       2 ...
 ... Gravity Load is Applied        ...
 ... # Output Files       =       1 ...
 --------------------------------------
 --------------------------------------
 ... Total Time           = 7.64e-02 s
 ... Total Memory Used    = 1.02e-01 Mb
 --------------------------------------
../../bin/aeros dsvm23_bcg_displacy.inp

 --------- R U N  PARAMETERS ----------
 ... Linear Static Analysis         ... 
 ... Dof Based Sparse Matrix        ...
 ... Bi-CG Solver is Selected       ...
Selected Solver does not implement factor() .
 ... Building the Force             ...
 ... Iteration #1	Two norm = 9.9537123e+07	Relative residual = 1.0000000e+00
 ... Iteration #2	Two norm = 3.0902074e+07	Relative residual = 5.5718738e-01
 ... Iteration #3	Two norm = 9.3576813e+06	Relative residual = 3.0661372e-01
 ... Iteration #4	Two norm = 2.0753354e+07	Relative residual = 4.5661650e-01
 ... Iteration #5	Two norm = 1.4934660e+08	Relative residual = 1.2249127e+00
 ... Iteration #6	Two norm = 2.1717507e+08	Relative residual = 1.4771087e+00
 ... Iteration #7	Two norm = 8.4129793e+07	Relative residual = 9.1935315e-01
 ... Iteration #8	Two norm = 2.9625500e+07	Relative residual = 5.4555721e-01
 ... Iteration #9	Two norm = 1.8520199e+07	Relative residual = 4.3135048e-01
 ... Iteration #10	Two norm = 3.8321728e+07	Relative residual = 6.2048316e-01
 ... Iteration #11	Two norm = 2.5993695e+08	Relative residual = 1.6160004e+00
 ... Iteration #12	Two norm = 2.3509042e+08	Relative residual = 1.5368268e+00
 ... Iteration #13	Two norm = 2.4262402e+07	Relative residual = 4.9371277e-01
 ... Iteration #14	Two norm = 2.5270606e+07	Relative residual = 5.0386627e-01
 ... Iteration #15	Two norm = 2.2137524e+08	Relative residual = 1.4913239e+00
 ... Iteration #16	Two norm = 1.9790430e+07	Relative residual = 4.4589754e-01
 ... Iteration #17	Two norm = 1.6801439e+07	Relative residual = 4.1084754e-01
 ... Iteration #18	Two norm = 3.3895110e+07	Relative residual = 5.8354719e-01
 ... Iteration #19	Two norm = 2.1903757e+07	Relative residual = 4.6910144e-01
 ... Iteration #20	Two norm = 3.0218370e+07	Relative residual = 5.5098906e-01
 ... Iteration #21	Two norm = 4.2433163e+07	Relative residual = 6.5292029e-01
 ... Iteration #22	Two norm = 7.1467016e+07	Relative residual = 8.4734502e-01
 ... Iteration #23	Two norm = 3.4192796e+07	Relative residual = 5.8610411e-01
 ... Iteration #24	Two norm = 7.7695020e+08	Relative residual = 2.7938562e+00
 ... Iteration #25	Two norm = 2.1561569e+07	Relative residual = 4.6542279e-01
 ... Iteration #26	Two norm = 1.2545885e+08	Relative residual = 1.1226855e+00
 ... Iteration #27	Two norm = 5.7813965e+07	Relative residual = 7.6212084e-01
 ... Iteration #28	Two norm = 7.6403192e+08	Relative residual = 2.7705322e+00
 ... Iteration #29	Two norm = 1.2333157e+07	Relative residual = 3.5200155e-01
 ... Iteration #30	Two norm = 4.2137266e+07	Relative residual = 6.5063981e-01
 ... Iteration #31	Two norm = 9.6784217e+08	Relative residual = 3.1182414e+00
 ... Iteration #32	Two norm = 6.3916818e+08	Relative residual = 2.5340491e+00
 ... Iteration #33	Two norm = 1.8004566e+08	Relative residual = 1.3449272e+00
 ... Iteration #34	Two norm = 1.3613322e+08	Relative residual = 1.1694712e+00
 ... Iteration #35	Two norm = 4.1866997e+08	Relative residual = 2.0508947e+00
 ... Iteration #36	Two norm = 1.1133593e+08	Relative residual = 1.0576090e+00
 ... Iteration #37	Two norm = 3.9033349e+07	Relative residual = 6.2621774e-01
 ... Iteration #38	Two norm = 3.0613036e+07	Relative residual = 5.5457548e-01
 ... Iteration #39	Two norm = 1.0329734e+08	Relative residual = 1.0187134e+00
 ... Iteration #40	Two norm = 4.9787582e+08	Relative residual = 2.2364952e+00
 ... Iteration #41	Two norm = 1.8305114e+07	Relative residual = 4.2883841e-01
 ... Iteration #42	Two norm = 5.3726153e+07	Relative residual = 7.3468358e-01
 ... Iteration #43	Two norm = 4.2569165e+09	Relative residual = 6.5396578e+00
 ... Iteration #44	Two norm = 8.2519556e+07	Relative residual = 9.1051248e-01
 ... Iteration #45	Two norm = 5.1894801e+07	Relative residual = 7.2205351e-01
 ... Iteration #46	Two norm = 1.0049559e+09	Relative residual = 3.1774663e+00
 ... Iteration #47	Two norm = 2.8887775e+07	Relative residual = 5.3872175e-01
 ... Iteration #48	Two norm = 1.4166909e+07	Relative residual = 3.7726370e-01
 ... Iteration #49	Two norm = 1.4096421e+09	Relative residual = 3.7632398e+00
 ... Iteration #50	Two norm = 4.1638235e+07	Relative residual = 6.4677558e-01
 ... Iteration #51	Two norm = 7.9153823e+06	Relative residual = 2.8199630e-01
 ... Iteration #52	Two norm = 1.0107492e+09	Relative residual = 3.1866118e+00
 ... Iteration #53	Two norm = 5.5774269e+09	Relative residual = 7.4855618e+00
 ... Iteration #54	Two norm = 1.1912651e+08	Relative residual = 1.0939858e+00
 ... Iteration #55	Two norm = 1.3332637e+07	Relative residual = 3.6598686e-01
 ... Iteration #56	Two norm = 4.5143287e+07	Relative residual = 6.7344797e-01
 ... Iteration #57	Two norm = 1.8113691e+09	Relative residual = 4.2659026e+00
 ... Iteration #58	Two norm = 4.7859965e+09	Relative residual = 6.9341566e+00
 ... Iteration #59	Two norm = 8.0860726e+09	Relative residual = 9.0131433e+00
 ... Iteration #60	Two norm = 1.3014257e+09	Relative residual = 3.6159061e+00
 ... Iteration #61	Two norm = 2.1413121e+09	Relative residual = 4.6381783e+00
 ... Iteration #62	Two norm = 2.1294052e+08	Relative residual = 1.4626372e+00
 ... Iteration #63	Two norm = 5.9007209e+05	Relative residual = 7.6994552e-02
 ... Iteration #64	Two norm = 2.3489940e+07	Relative residual = 4.8578982e-01
 ... Iteration #65	Two norm = 7.2362385e+09	Relative residual = 8.5263645e+00
 ... Iteration #66	Two norm = 4.2142773e+10	Relative residual = 2.0576382e+01
 ... Iteration #67	Two norm = 2.0599075e+06	Relative residual = 1.4385710e-01
 ... Iteration #68	Two norm = 3.2190929e+06	Relative residual = 1.7983500e-01
 ... Iteration #69	Two norm = 4.2663146e+03	Relative residual = 6.5468727e-03
 ... Iteration #70	Two norm = 2.1366472e+03	Relative residual = 4.6331234e-03
 ... Iteration #71	Two norm = 9.7773551e+02	Relative residual = 3.1341383e-03
 ... Iteration #72	Two norm = 9.0339028e+01	Relative residual = 9.5267587e-04
 ... Iteration #73	Two norm = 6.4988018e-02	Relative residual = 2.5551953e-05
 ... Iteration #74	Two norm = 1.0485559e-01	Relative residual = 3.2456617e-05
 ... Iteration #75	Two norm = 2.6182818e-03	Relative residual = 5.1287986e-06
 ... Iteration #76	Two norm = 2.3625695e-03	Relative residual = 4.8719156e-06
 ... Iteration #77	Two norm = 8.8524745e-03	Relative residual = 9.4306103e-06
 ... Iteration #78	Two norm = 9.3024724e-04	Relative residual = 3.0570789e-06
 ... Iteration #79	Two norm = 2.8925566e-04	Relative residual = 1.7047017e-06
 ... Iteration #80	Two norm = 5.5348654e-05	Relative residual = 7.4569458e-07
 ... Iteration #81	Two norm = 9.8719844e-05	Relative residual = 9.9588614e-07
 ... Iteration #82	Two norm = 1.2341079e-04	Relative residual = 1.1134841e-06
 ... Iteration #83	Two norm = 7.6200981e-07	Relative residual = 8.7495907e-08
 ... Iteration #84	Two norm = 6.7306823e-07	Relative residual = 8.2231272e-08
 ... Iteration #85	Two norm = 1.7452841e-07	Relative residual = 4.1873621e-08
 ... Iteration #86	Two norm = 1.3957629e-08	Relative residual = 1.1841679e-08
 ... Iteration #87	Two norm = 3.0840905e-07	Relative residual = 5.5663565e-08
 ... Iteration #88	Two norm = 1.2473412e-08	Relative residual = 1.1194381e-08
 ... Iteration #89	Two norm = 1.1878414e-08	Relative residual = 1.0924126e-08
 ... Postprocessing                 ...
 --------------------------------------

 ---------- PROBLEM PARAMETERS --------
 ... # Nodes              =      13 ...
 ... # Elements           =      12 ...
 ... # Unconstrained dofs =      72 ...
 ... # Constrained dofs   =       6 ...
 ... Total # dofs         =      78 ...
 ... # Loaded dofs        =       2 ...
 ... Gravity Load is Applied        ...
 ... # Output Files       =       1 ...
 --------------------------------------
 --------------------------------------
 ... Total Time           = 6.40e-02 s
 ... Total Memory Used    = 1.01e-01 Mb
 --------------------------------------
../../bin/aeros dsvm23_cr_displacy.inp

 --------- R U N  PARAMETERS ----------
 ... Linear Static Analysis         ... 
 ... Dof Based Sparse Matrix        ...
 ... CR Solver is Selected          ...
Selected Solver does not implement factor() .
 ... Building the Force             ...
 ... Iteration #1	Two norm = 2.3581129e+07	  Rel. residual  4.8673184e-01 
 ... Iteration #2	Two norm = 6.6992307e+06	  Rel. residual  2.5942984e-01 
 ... Iteration #3	Two norm = 5.0644232e+06	  Rel. residual  2.2556538e-01 
 ... Iteration #4	Two norm = 4.8983185e+06	  Rel. residual  2.2183546e-01 
 ... Iteration #5	Two norm = 4.7902753e+06	  Rel. residual  2.1937528e-01 
 ... Iteration #6	Two norm = 4.5322150e+06	  Rel. residual  2.1338442e-01 
 ... Iteration #7	Two norm = 3.9308583e+06	  Rel. residual  1.9872438e-01 
 ... Iteration #8	Two norm = 3.2426213e+06	  Rel. residual  1.8049101e-01 
 ... Iteration #9	Two norm = 2.9896499e+06	  Rel. residual  1.7330761e-01 
 ... Iteration #10	Two norm = 2.9556556e+06	  Rel. residual  1.7231948e-01 
 ... Iteration #11	Two norm = 2.9189572e+06	  Rel. residual  1.7124635e-01 
 ... Iteration #12	Two norm = 2.6054957e+06	  Rel. residual  1.6179036e-01 
 ... Iteration #13	Two norm = 2.3619678e+06	  Rel. residual  1.5404388e-01 
 ... Iteration #14	Two norm = 2.3370328e+06	  Rel. residual  1.5322861e-01 
 ... Iteration #15	Two norm = 2.0902028e+06	  Rel. residual  1.4491110e-01 
 ... Iteration #16	Two norm = 1.8589392e+06	  Rel. residual  1.3665957e-01 
 ... Iteration #17	Two norm = 1.7622885e+06	  Rel. residual  1.3305952e-01 
 ... Iteration #18	Two norm = 1.6310600e+06	  Rel. residual  1.2800956e-01 
 ... Iteration #19	Two norm = 1.5475258e+06	  Rel. residual  1.2468850e-01 
 ... Iteration #20	Two norm = 1.4681953e+06	  Rel. residual  1.2145052e-01 
 ... Iteration #21	Two norm = 1.4624604e+06	  Rel. residual  1.2121309e-01 
 ... Iteration #22	Two norm = 1.4022502e+06	  Rel. residual  1.1869166e-01 
 ... Iteration #23	Two norm = 1.3306150e+06	  Rel. residual  1.1562019e-01 
 ... Iteration #24	Two norm = 1.3146115e+06	  Rel. residual  1.1492279e-01 
 ... Iteration #25	Two norm = 1.2743044e+06	  Rel. residual  1.1314726e-01 
 ... Iteration #26	Two norm = 1.2721655e+06	  Rel. residual  1.1305226e-01 
 ... Iteration #27	Two norm = 1.2625695e+06	  Rel. residual  1.1262508e-01 
 ... Iteration #28	Two norm = 1.1408691e+06	  Rel. residual  1.0705954e-01 
 ... Iteration #29	Two norm = 1.1215165e+06	  Rel. residual  1.0614763e-01 
 ... Iteration #30	Two norm = 1.1197119e+06	  Rel. residual  1.0606220e-01 
 ... Iteration #31	Two norm = 1.1170713e+06	  Rel. residual  1.0593706e-01 
 ... Iteration #32	Two norm = 1.1057905e+06	  Rel. residual  1.0540079e-01 
 ... Iteration #33	Two norm = 1.1011439e+06	  Rel. residual  1.0517911e-01 
 ... Iteration #34	Two norm = 1.0983982e+06	  Rel. residual  1.0504790e-01 
 ... Iteration #35	Two norm = 1.0737357e+06	  Rel. residual  1.0386187e-01 
 ... Iteration #36	Two norm = 1.0446610e+06	  Rel. residual  1.0244603e-01 
 ... Iteration #37	Two norm = 1.0150622e+06	  Rel. residual  1.0098428e-01 
 ... Iteration #38	Two norm = 1.0104916e+06	  Rel. residual  1.0075667e-01 
 ... Iteration #39	Two norm = 9.7973533e+05	  Rel. residual  9.9211461e-02 
 ... Iteration #40	Two norm = 9.5828868e+05	  Rel. residual  9.8119570e-02 
 ... Iteration #41	Two norm = 9.4138899e+05	  Rel. residual  9.7250539e-02 
 ... Iteration #42	Two norm = 9.3112930e+05	  Rel. residual  9.6719147e-02 
 ... Iteration #43	Two norm = 9.3066125e+05	  Rel. residual  9.6694834e-02 
 ... Iteration #44	Two norm = 9.1424658e+05	  Rel. residual  9.5838307e-02 
 ... Iteration #45	Two norm = 8.9705652e+05	  Rel. residual  9.4933034e-02 
 ... Iteration #46	Two norm = 8.8544780e+05	  Rel. residual  9.4316775e-02 
 ... Iteration #47	Two norm = 8.3384085e+05	  Rel. residual  9.1526961e-02 
 ... Iteration #48	Two norm = 8.3290262e+05	  Rel. residual  9.1475454e-02 
 ... Iteration #49	Two norm = 7.5434262e+05	  Rel. residual  8.7054612e-02 
 ... Iteration #50	Two norm = 7.4128655e+05	  Rel. residual  8.6297958e-02 
 ... Iteration #51	Two norm = 7.3958635e+05	  Rel. residual  8.6198935e-02 
 ... Iteration #52	Two norm = 7.3950250e+05	  Rel. residual  8.6194049e-02 
 ... Iteration #53	Two norm = 6.9073973e+05	  Rel. residual  8.3303774e-02 
 ... Iteration #54	Two norm = 6.8606278e+05	  Rel. residual  8.3021273e-02 
 ... Iteration #55	Two norm = 6.8565585e+05	  Rel. residual  8.2996648e-02 
 ... Iteration #56	Two norm = 6.8562090e+05	  Rel. residual  8.2994532e-02 
 ... Iteration #57	Two norm = 6.8543831e+05	  Rel. residual  8.2983481e-02 
 ... Iteration #58	Two norm = 6.8472067e+05	  Rel. residual  8.2940028e-02 
 ... Iteration #59	Two norm = 6.5596076e+05	  Rel. residual  8.1179503e-02 
 ... Iteration #60	Two norm = 5.1333523e+05	  Rel. residual  7.1813814e-02 
 ... Iteration #61	Two norm = 3.9040464e+05	  Rel. residual  6.2627481e-02 
 ... Iteration #62	Two norm = 3.1244039e+05	  Rel. residual  5.6026184e-02 
 ... Iteration #63	Two norm = 3.1241601e+05	  Rel. residual  5.6023998e-02 
 ... Iteration #64	Two norm = 3.1231516e+05	  Rel. residual  5.6014955e-02 
 ... Iteration #65	Two norm = 3.1231365e+05	  Rel. residual  5.6014820e-02 
 ... Iteration #66	Two norm = 3.0965608e+05	  Rel. residual  5.5775987e-02 
 ... Iteration #67	Two norm = 3.0303362e+05	  Rel. residual  5.5176337e-02 
 ... Iteration #68	Two norm = 9.8501782e+02	  Rel. residual  3.1457884e-03 
 ... Iteration #69	Two norm = 8.3693619e+02	  Rel. residual  2.8997038e-03 
 ... Iteration #70	Two norm = 2.6720138e+01	  Rel. residual  5.1811576e-04 
 ... Iteration #71	Two norm = 1.2018461e+00	  Rel. residual  1.0988335e-04 
 ... Iteration #72	Two norm = 3.3742128e-02	  Rel. residual  1.8411692e-05 
 ... Iteration #73	Two norm = 1.7480243e-02	  Rel. residual  1.3251993e-05 
 ... Iteration #74	Two norm = 5.4139629e-03	  Rel. residual  7.3750522e-06 
 ... Iteration #75	Two norm = 2.5832421e-03	  Rel. residual  5.0943645e-06 
 ... Iteration #76	Two norm = 2.3128888e-03	  Rel. residual  4.8204195e-06 
 ... Iteration #77	Two norm = 1.9244001e-03	  Rel. residual  4.3969866e-06 
 ... Iteration #78	Two norm = 2.9801041e-04	  Rel. residual  1.7303070e-06 
 ... Iteration #79	Two norm = 1.8378136e-05	  Rel. residual  4.2969291e-07 
 ... Iteration #80	Two norm = 1.4050807e-05	  Rel. residual  3.7571462e-07 
 ... Iteration #81	Two norm = 3.1952497e-06	  Rel. residual  1.7916776e-07 
 ... Iteration #82	Two norm = 2.1300552e-06	  Rel. residual  1.4628604e-07 
 ... Iteration #83	Two norm = 1.6604817e-06	  Rel. residual  1.2915895e-07 
 ... Iteration #84	Two norm = 2.1099262e-07	  Rel. residual  4.6040613e-08 
 ... Iteration #85	Two norm = 3.4884389e-09	  Rel. residual  5.9200179e-09 

 ... Total # Iterations = 85
 ...     Final Two norm = 3.4884389e-09
 ... Postprocessing                 ...
 --------------------------------------

 ---------- PROBLEM PARAMETERS --------
 ... # Nodes              =      13 ...
 ... # Elements           =      12 ...
 ... # Unconstrained dofs =      72 ...
 ... # Constrained dofs   =       6 ...
 ... Total # dofs         =      78 ...
 ... # Loaded dofs        =       2 ...
 ... Gravity Load is Applied        ...
 ... # Output Files       =       1 ...
 --------------------------------------
 --------------------------------------
 ... Total Time           = 7.22e-02 s
 ... Total Memory Used    = 1.01e-01 Mb
 --------------------------------------
../../bin/aeros -n 2 --dec --nsub 4 dsvm23_FETI_DP_displacy.inp

 --------- R U N  PARAMETERS ----------
 ... Linear Static Analysis         ... 
 ... Parallel processing: Forking 2 Threads ...
 ... FETI-DP Solver is Selected     ...
 ... Building the Force             ...
 ... Postprocessing                 ...
 ... Print Timers                   ... 
 --------------------------------------

 ---------- PROBLEM PARAMETERS --------
 ... # Nodes              =      13 ...
 ... # Elements           =      12 ...
 ... # Unconstrained dofs =       0 ...
 ... # Constrained dofs   =       6 ...
 ... Total # dofs         =      -1 ...
 ... # Loaded dofs        =       2 ...
 ... Gravity Load is Applied        ...
 ... # Output Files       =       1 ...
 --------------------------------------
 --------------------------------------
 ... Total Time           = 8.68e-02 s
 ... Total Memory Used    = 2.49e-01 Mb
 --------------------------------------
